{
  "ok": false,
  "diagnostics": [
    "Command failed: node \"C:\\Users\\atrep\\Desktop\\Test_AI_Code\\shumilek\\node_modules\\typescript\\bin\\tsc\" -p tsconfig.json (exit=2, timedOut=false)",
    "Command failed: node --test tests/oracle.test.js (exit=1, timedOut=false)",
    "Command failed: node dist/cli.js --help (exit=1, timedOut=false)"
  ],
  "commands": [
    {
      "command": "node \"C:\\Users\\atrep\\Desktop\\Test_AI_Code\\shumilek\\node_modules\\typescript\\bin\\tsc\" -p tsconfig.json",
      "cwd": "C:\\Users\\atrep\\Desktop\\Test_AI_Code\\shumilek\\projects\\bot_eval_run\\batch_1770633735152\\ts-todo-oracle_run_03\\workspace",
      "ok": false,
      "exitCode": 2,
      "timedOut": false,
      "durationMs": 1154,
      "stdout": "src/cli.ts(17,33): error TS7006: Parameter 'arg' implicitly has an 'any' type.\r\nsrc/store.ts(18,9): error TS2304: Cannot find name 'fs'.\r\n",
      "stderr": ""
    },
    {
      "command": "node --test tests/oracle.test.js",
      "cwd": "C:\\Users\\atrep\\Desktop\\Test_AI_Code\\shumilek\\projects\\bot_eval_run\\batch_1770633735152\\ts-todo-oracle_run_03\\workspace",
      "ok": false,
      "exitCode": 1,
      "timedOut": false,
      "durationMs": 101,
      "stdout": "file:///C:/Users/atrep/Desktop/Test_AI_Code/shumilek/projects/bot_eval_run/batch_1770633735152/ts-todo-oracle_run_03/workspace/tests/oracle.test.js:1\nconst test = require('node:test');\n             ^\n\nReferenceError: require is not defined in ES module scope, you can use import instead\nThis file is being treated as an ES module because it has a '.js' file extension and 'C:\\Users\\atrep\\Desktop\\Test_AI_Code\\shumilek\\projects\\bot_eval_run\\batch_1770633735152\\ts-todo-oracle_run_03\\workspace\\package.json' contains \"type\": \"module\". To treat it as a CommonJS script, rename it to use the '.cjs' file extension.\n    at file:///C:/Users/atrep/Desktop/Test_AI_Code/shumilek/projects/bot_eval_run/batch_1770633735152/ts-todo-oracle_run_03/workspace/tests/oracle.test.js:1:14\n    at ModuleJob.run (node:internal/modules/esm/module_job:413:25)\n    at async onImport.tracePromise.__proto__ (node:internal/modules/esm/loader:660:26)\n    at async asyncRunEntryPointWithESMLoader (node:internal/modules/run_main:101:5)\n\nNode.js v24.12.0\n✖ tests\\oracle.test.js (38.9102ms)\nℹ tests 1\nℹ suites 0\nℹ pass 0\nℹ fail 1\nℹ cancelled 0\nℹ skipped 0\nℹ todo 0\nℹ duration_ms 44.1171\n\n✖ failing tests:\n\ntest at tests\\oracle.test.js:1:1\n✖ tests\\oracle.test.js (38.9102ms)\n  'test failed'\n",
      "stderr": ""
    },
    {
      "command": "node dist/cli.js --help",
      "cwd": "C:\\Users\\atrep\\Desktop\\Test_AI_Code\\shumilek\\projects\\bot_eval_run\\batch_1770633735152\\ts-todo-oracle_run_03\\workspace",
      "ok": false,
      "exitCode": 1,
      "timedOut": false,
      "durationMs": 56,
      "stdout": "",
      "stderr": "file:///C:/Users/atrep/Desktop/Test_AI_Code/shumilek/projects/bot_eval_run/batch_1770633735152/ts-todo-oracle_run_03/workspace/dist/cli.js:2\r\nObject.defineProperty(exports, \"__esModule\", { value: true });\r\n                      ^\r\n\r\nReferenceError: exports is not defined in ES module scope\r\nThis file is being treated as an ES module because it has a '.js' file extension and 'C:\\Users\\atrep\\Desktop\\Test_AI_Code\\shumilek\\projects\\bot_eval_run\\batch_1770633735152\\ts-todo-oracle_run_03\\workspace\\package.json' contains \"type\": \"module\". To treat it as a CommonJS script, rename it to use the '.cjs' file extension.\r\n    at file:///C:/Users/atrep/Desktop/Test_AI_Code/shumilek/projects/bot_eval_run/batch_1770633735152/ts-todo-oracle_run_03/workspace/dist/cli.js:2:23\r\n    at ModuleJob.run (node:internal/modules/esm/module_job:413:25)\r\n    at async onImport.tracePromise.__proto__ (node:internal/modules/esm/loader:660:26)\r\n    at async asyncRunEntryPointWithESMLoader (node:internal/modules/run_main:101:5)\r\n\r\nNode.js v24.12.0\r\n"
    }
  ]
}