✖ GET /health + GET /openapi.json (64.7574ms)
✖ Todo CRUD + persistence (15.2064ms)
ℹ tests 2
ℹ suites 0
ℹ pass 0
ℹ fail 2
ℹ cancelled 0
ℹ skipped 0
ℹ todo 0
ℹ duration_ms 168.9715

✖ failing tests:

test at tests\oracle.test.js:39:1
✖ GET /health + GET /openapi.json (64.7574ms)
  AssertionError [ERR_ASSERTION]: Expected values to be strictly equal:
  
  500 !== 200
  
      at TestContext.<anonymous> (C:\Users\atrep\Desktop\Test_AI_Code\shumilek\projects\bot_eval_run\batch_1771702303613\node-api-oracle_run_01\workspace\tests\oracle.test.js:45:12)
      at process.processTicksAndRejections (node:internal/process/task_queues:103:5)
      at async Test.run (node:internal/test_runner/test:1113:7)
      at async startSubtestAfterBootstrap (node:internal/test_runner/harness:358:3) {
    generatedMessage: true,
    code: 'ERR_ASSERTION',
    actual: 500,
    expected: 200,
    operator: 'strictEqual',
    diff: 'simple'
  }

test at tests\oracle.test.js:59:1
✖ Todo CRUD + persistence (15.2064ms)
  AssertionError [ERR_ASSERTION]: {"ok":false,"error":"ENOENT: no such file or directory, open 'C:\\Users\\atrep\\AppData\\Local\\Temp\\bot-eval-node-api-usfi7k\\db.json'"}
  
  500 !== 201
  
      at TestContext.<anonymous> (C:\Users\atrep\Desktop\Test_AI_Code\shumilek\projects\bot_eval_run\batch_1771702303613\node-api-oracle_run_01\workspace\tests\oracle.test.js:70:12)
      at process.processTicksAndRejections (node:internal/process/task_queues:103:5)
      at async Test.run (node:internal/test_runner/test:1113:7)
      at async Test.processPendingSubtests (node:internal/test_runner/test:788:7) {
    generatedMessage: false,
    code: 'ERR_ASSERTION',
    actual: 500,
    expected: 201,
    operator: 'strictEqual',
    diff: 'simple'
  }
