{
  "ok": false,
  "diagnostics": [
    "openapi.json missing \"/health\" path",
    "openapi.json missing \"/openapi.json\" path",
    "Command failed: node --test tests/oracle.test.js (exit=1, timedOut=false)"
  ],
  "commands": [
    {
      "command": "node --test tests/oracle.test.js",
      "cwd": "C:\\Users\\atrep\\Desktop\\Test_AI_Code\\shumilek\\projects\\bot_eval_run\\batch_1771702303613\\node-api-oracle_run_01\\workspace",
      "ok": false,
      "exitCode": 1,
      "timedOut": false,
      "durationMs": 230,
      "stdout": "✖ GET /health + GET /openapi.json (64.7574ms)\n✖ Todo CRUD + persistence (15.2064ms)\nℹ tests 2\nℹ suites 0\nℹ pass 0\nℹ fail 2\nℹ cancelled 0\nℹ skipped 0\nℹ todo 0\nℹ duration_ms 168.9715\n\n✖ failing tests:\n\ntest at tests\\oracle.test.js:39:1\n✖ GET /health + GET /openapi.json (64.7574ms)\n  AssertionError [ERR_ASSERTION]: Expected values to be strictly equal:\n  \n  500 !== 200\n  \n      at TestContext.<anonymous> (C:\\Users\\atrep\\Desktop\\Test_AI_Code\\shumilek\\projects\\bot_eval_run\\batch_1771702303613\\node-api-oracle_run_01\\workspace\\tests\\oracle.test.js:45:12)\n      at process.processTicksAndRejections (node:internal/process/task_queues:103:5)\n      at async Test.run (node:internal/test_runner/test:1113:7)\n      at async startSubtestAfterBootstrap (node:internal/test_runner/harness:358:3) {\n    generatedMessage: true,\n    code: 'ERR_ASSERTION',\n    actual: 500,\n    expected: 200,\n    operator: 'strictEqual',\n    diff: 'simple'\n  }\n\ntest at tests\\oracle.test.js:59:1\n✖ Todo CRUD + persistence (15.2064ms)\n  AssertionError [ERR_ASSERTION]: {\"ok\":false,\"error\":\"ENOENT: no such file or directory, open 'C:\\\\Users\\\\atrep\\\\AppData\\\\Local\\\\Temp\\\\bot-eval-node-api-usfi7k\\\\db.json'\"}\n  \n  500 !== 201\n  \n      at TestContext.<anonymous> (C:\\Users\\atrep\\Desktop\\Test_AI_Code\\shumilek\\projects\\bot_eval_run\\batch_1771702303613\\node-api-oracle_run_01\\workspace\\tests\\oracle.test.js:70:12)\n      at process.processTicksAndRejections (node:internal/process/task_queues:103:5)\n      at async Test.run (node:internal/test_runner/test:1113:7)\n      at async Test.processPendingSubtests (node:internal/test_runner/test:788:7) {\n    generatedMessage: false,\n    code: 'ERR_ASSERTION',\n    actual: 500,\n    expected: 201,\n    operator: 'strictEqual',\n    diff: 'simple'\n  }\n",
      "stderr": ""
    }
  ]
}