{
  "outDir": "C:\\Users\\atrep\\Desktop\\Test_AI_Code\\shumilek\\projects\\bot_eval_run\\run_1768561139405",
  "workspaceDir": "C:\\Users\\atrep\\Desktop\\Test_AI_Code\\shumilek\\projects\\bot_eval_run\\run_1768561139405\\workspace",
  "ok": false,
  "diagnostics": [
    "Command failed: python -m unittest discover -v -s tests -p \"test*.py\" (exit=1, timedOut=false)",
    "Command failed: python -m mini_ai.cli --help (exit=1, timedOut=false)"
  ],
  "commands": [
    {
      "command": "python -m compileall -q mini_ai tests",
      "cwd": "projects\\bot_eval_run\\run_1768561139405\\workspace",
      "ok": true,
      "exitCode": 0,
      "timedOut": false,
      "durationMs": 73,
      "stdout": "",
      "stderr": ""
    },
    {
      "command": "python -m unittest discover -v -s tests -p \"test*.py\"",
      "cwd": "projects\\bot_eval_run\\run_1768561139405\\workspace",
      "ok": false,
      "exitCode": 1,
      "timedOut": false,
      "durationMs": 88,
      "stdout": "",
      "stderr": "test_generate_text_simple_case (test_markov_chain.TestMarkovChain.test_generate_text_simple_case) ... ERROR\r\ntest_generate_text_single_char_model (test_markov_chain.TestMarkovChain.test_generate_text_single_char_model) ... ERROR\r\ntest_train_model_simple_case (test_markov_chain.TestMarkovChain.test_train_model_simple_case) ... ok\r\ntest_train_model_single_char (test_markov_chain.TestMarkovChain.test_train_model_single_char) ... FAIL\r\n\r\n======================================================================\r\nERROR: test_generate_text_simple_case (test_markov_chain.TestMarkovChain.test_generate_text_simple_case)\r\n----------------------------------------------------------------------\r\nTraceback (most recent call last):\r\n  File \"C:\\Users\\atrep\\Desktop\\Test_AI_Code\\shumilek\\projects\\bot_eval_run\\run_1768561139405\\workspace\\tests\\test_markov_chain.py\", line 42, in test_generate_text_simple_case\r\n    generated_text = generate_text(model_file, 10)\r\n                     ^^^^^^^^^^^^^^^^^^^^^^^^^^^^^\r\n  File \"C:\\Users\\atrep\\Desktop\\Test_AI_Code\\shumilek\\projects\\bot_eval_run\\run_1768561139405\\workspace\\mini_ai\\cli.py\", line 19, in generate_text\r\n    current_char = text[0]\r\n                   ^^^^\r\nNameError: name 'text' is not defined. Did you mean: 'next'?\r\n\r\n======================================================================\r\nERROR: test_generate_text_single_char_model (test_markov_chain.TestMarkovChain.test_generate_text_single_char_model)\r\n----------------------------------------------------------------------\r\nTraceback (most recent call last):\r\n  File \"C:\\Users\\atrep\\Desktop\\Test_AI_Code\\shumilek\\projects\\bot_eval_run\\run_1768561139405\\workspace\\tests\\test_markov_chain.py\", line 34, in test_generate_text_single_char_model\r\n    generated_text = generate_text('tests/model.json', 5)\r\n                     ^^^^^^^^^^^^^^^^^^^^^^^^^^^^^^^^^^^^\r\n  File \"C:\\Users\\atrep\\Desktop\\Test_AI_Code\\shumilek\\projects\\bot_eval_run\\run_1768561139405\\workspace\\mini_ai\\cli.py\", line 19, in generate_text\r\n    current_char = text[0]\r\n                   ^^^^\r\nNameError: name 'text' is not defined. Did you mean: 'next'?\r\n\r\n======================================================================\r\nFAIL: test_train_model_single_char (test_markov_chain.TestMarkovChain.test_train_model_single_char)\r\n----------------------------------------------------------------------\r\nTraceback (most recent call last):\r\n  File \"C:\\Users\\atrep\\Desktop\\Test_AI_Code\\shumilek\\projects\\bot_eval_run\\run_1768561139405\\workspace\\tests\\test_markov_chain.py\", line 29, in test_train_model_single_char\r\n    self.assertEqual(model['a'], defaultdict(lambda: {'a': 0}))\r\nAssertionError: {'a': 2} != defaultdict(<function TestMarkovChain.tes[66 chars], {})\r\n\r\n----------------------------------------------------------------------\r\nRan 4 tests in 0.022s\r\n\r\nFAILED (failures=1, errors=2)\r\n"
    },
    {
      "command": "python -m mini_ai.cli --help",
      "cwd": "projects\\bot_eval_run\\run_1768561139405\\workspace",
      "ok": false,
      "exitCode": 1,
      "timedOut": false,
      "durationMs": 43,
      "stdout": "Unknown command\r\n",
      "stderr": ""
    }
  ]
}