{
  "ok": false,
  "diagnostics": [
    "Command failed: node \"C:\\Users\\atrep\\Desktop\\Test_AI_Code\\shumilek\\node_modules\\typescript\\bin\\tsc\" -p tsconfig.json (exit=2, timedOut=false)",
    "Command failed: node --test tests/oracle.test.js (exit=1, timedOut=false)"
  ],
  "commands": [
    {
      "command": "node \"C:\\Users\\atrep\\Desktop\\Test_AI_Code\\shumilek\\node_modules\\typescript\\bin\\tsc\" -p tsconfig.json",
      "cwd": "projects\\bot_eval_run\\run_1771708022953\\workspace",
      "ok": false,
      "exitCode": 2,
      "timedOut": false,
      "durationMs": 1203,
      "stdout": "src/cli.ts(52,31): error TS2345: Argument of type 'string | null' is not assignable to parameter of type 'string'.\r\n  Type 'null' is not assignable to type 'string'.\r\n",
      "stderr": ""
    },
    {
      "command": "node --test tests/oracle.test.js",
      "cwd": "projects\\bot_eval_run\\run_1771708022953\\workspace",
      "ok": false,
      "exitCode": 1,
      "timedOut": false,
      "durationMs": 199,
      "stdout": "✖ TaskStore: CRUD persists to JSON file (4.5227ms)\n✖ CLI: end-to-end flow (76.1193ms)\nℹ tests 2\nℹ suites 0\nℹ pass 0\nℹ fail 2\nℹ cancelled 0\nℹ skipped 0\nℹ todo 0\nℹ duration_ms 135.2843\n\n✖ failing tests:\n\ntest at tests\\oracle.test.js:26:1\n✖ TaskStore: CRUD persists to JSON file (4.5227ms)\n  Error: ENOENT: no such file or directory, open 'C:\\Users\\atrep\\Desktop\\Test_AI_Code\\shumilek\\projects\\bot_eval_run\\run_1771708022953\\workspace\\C:\\Users\\atrep\\AppData\\Local\\Temp\\bot-eval-ts-todo-FZRJDQ\\tasks.json'\n      at writeFileSync (node:fs:2415:20)\n      at TaskStore.list (C:\\Users\\atrep\\Desktop\\Test_AI_Code\\shumilek\\projects\\bot_eval_run\\run_1771708022953\\workspace\\dist\\store.js:18:40)\n      at TestContext.<anonymous> (C:\\Users\\atrep\\Desktop\\Test_AI_Code\\shumilek\\projects\\bot_eval_run\\run_1771708022953\\workspace\\tests\\oracle.test.js:35:26)\n      at Test.runInAsyncScope (node:async_hooks:214:14)\n      at Test.run (node:internal/test_runner/test:1106:25)\n      at Test.start (node:internal/test_runner/test:1003:17)\n      at startSubtestAfterBootstrap (node:internal/test_runner/harness:358:17) {\n    errno: -4058,\n    code: 'ENOENT',\n    syscall: 'open',\n    path: 'C:\\\\Users\\\\atrep\\\\Desktop\\\\Test_AI_Code\\\\shumilek\\\\projects\\\\bot_eval_run\\\\run_1771708022953\\\\workspace\\\\C:\\\\Users\\\\atrep\\\\AppData\\\\Local\\\\Temp\\\\bot-eval-ts-todo-FZRJDQ\\\\tasks.json'\n  }\n\ntest at tests\\oracle.test.js:62:1\n✖ CLI: end-to-end flow (76.1193ms)\n  AssertionError [ERR_ASSERTION]: {\"ok\":false,\"error\":\"ENOENT: no such file or directory, open 'C:\\\\Users\\\\atrep\\\\Desktop\\\\Test_AI_Code\\\\shumilek\\\\projects\\\\bot_eval_run\\\\run_1771708022953\\\\workspace\\\\C:\\\\Users\\\\atrep\\\\AppData\\\\Local\\\\Temp\\\\bot-eval-ts-todo-5cG0TN\\\\tasks.json'\"}\n  \n  \n  1 !== 0\n  \n      at TestContext.<anonymous> (C:\\Users\\atrep\\Desktop\\Test_AI_Code\\shumilek\\projects\\bot_eval_run\\run_1771708022953\\workspace\\tests\\oracle.test.js:74:10)\n      at Test.runInAsyncScope (node:async_hooks:214:14)\n      at Test.run (node:internal/test_runner/test:1106:25)\n      at Test.processPendingSubtests (node:internal/test_runner/test:788:18)\n      at Test.postRun (node:internal/test_runner/test:1235:19)\n      at Test.run (node:internal/test_runner/test:1163:12)\n      at async startSubtestAfterBootstrap (node:internal/test_runner/harness:358:3) {\n    generatedMessage: false,\n    code: 'ERR_ASSERTION',\n    actual: 1,\n    expected: 0,\n    operator: 'strictEqual',\n    diff: 'simple'\n  }\n",
      "stderr": ""
    },
    {
      "command": "node dist/cli.js --help",
      "cwd": "projects\\bot_eval_run\\run_1771708022953\\workspace",
      "ok": true,
      "exitCode": 0,
      "timedOut": false,
      "durationMs": 60,
      "stdout": "\nUsage:\n  add <title> --data <path>\n  list --data <path>\n  done <id> --data <path>\n  remove <id> --data <path>\n  --help\n\n",
      "stderr": ""
    }
  ]
}