============================= test session starts =============================
platform win32 -- Python 3.12.10, pytest-9.0.2, pluggy-1.6.0 -- C:\Users\atrep\AppData\Local\Programs\Python\Python312\python.exe
cachedir: .pytest_cache
hypothesis profile 'default'
benchmark: 5.2.3 (defaults: timer=time.perf_counter disable_gc=False min_rounds=5 min_time=0.000005 max_time=1.0 calibration_precision=10 warmup=False warmup_iterations=100000)
rootdir: C:\Users\atrep\Desktop\Test_AI_Code\shumilek
plugins: anyio-4.12.1, hypothesis-6.151.9, benchmark-5.2.3, cov-7.0.0, timeout-2.4.0
collecting ... collected 173 items

projects/shumilek_ui/tests/test_asset_cache.py::AssetCacheTests::test_browser_url_for_path_returns_file_uri PASSED [  0%]
projects/shumilek_ui/tests/test_asset_cache.py::AssetCacheTests::test_cached_asset_path_falls_back_to_content_type_suffix PASSED [  1%]
projects/shumilek_ui/tests/test_asset_cache.py::AssetCacheTests::test_cached_asset_path_uses_url_suffix PASSED [  1%]
projects/shumilek_ui/tests/test_asset_cache.py::AssetCacheTests::test_ensure_asset_cached_can_force_refresh PASSED [  2%]
projects/shumilek_ui/tests/test_asset_cache.py::AssetCacheTests::test_ensure_asset_cached_writes_file_once PASSED [  2%]
projects/shumilek_ui/tests/test_asset_cache.py::AssetCacheTests::test_export_cached_asset_copies_bytes PASSED [  3%]
projects/shumilek_ui/tests/test_asset_cache.py::AssetCacheTests::test_suggested_asset_name_uses_url_name PASSED [  4%]
projects/shumilek_ui/tests/test_asset_cache.py::AssetCacheTests::test_visual_bootstrap_state_accepts_legacy_payload_without_download_url PASSED [  4%]
projects/shumilek_ui/tests/test_asset_cache.py::AssetCacheTests::test_visual_bootstrap_state_rejects_legacy_payload_without_timestamp PASSED [  5%]
projects/shumilek_ui/tests/test_asset_cache.py::AssetCacheTests::test_visual_bootstrap_state_rejects_stale_payload PASSED [  5%]
projects/shumilek_ui/tests/test_asset_cache.py::AssetCacheTests::test_visual_bootstrap_state_round_trips_existing_cached_file PASSED [  6%]
projects/shumilek_ui/tests/test_asset_cache.py::DownloadSecurityTests::test_download_closes_conn_on_read_exception PASSED [  6%]
projects/shumilek_ui/tests/test_asset_cache.py::DownloadSecurityTests::test_download_non_200_raises_without_reading_body PASSED [  7%]
projects/shumilek_ui/tests/test_asset_cache.py::DownloadSecurityTests::test_download_with_auth_redirect_rejects_bad_scheme PASSED [  8%]
projects/shumilek_ui/tests/test_asset_cache.py::DownloadSecurityTests::test_download_with_auth_redirect_rejects_private_host PASSED [  8%]
projects/shumilek_ui/tests/test_asset_cache.py::DownloadSecurityTests::test_is_public_download_host_accepts_public_ip PASSED [  9%]
projects/shumilek_ui/tests/test_asset_cache.py::DownloadSecurityTests::test_is_public_download_host_rejects_ipv4_mapped_private PASSED [  9%]
projects/shumilek_ui/tests/test_asset_cache.py::DownloadSecurityTests::test_is_public_download_host_rejects_loopback PASSED [ 10%]
projects/shumilek_ui/tests/test_asset_cache.py::DownloadSecurityTests::test_is_public_download_host_rejects_metadata_ip PASSED [ 10%]
projects/shumilek_ui/tests/test_asset_cache.py::DownloadSecurityTests::test_is_public_download_host_rejects_private_ip PASSED [ 11%]
projects/shumilek_ui/tests/test_main.py::PixelWorkspaceAppFlowTests::test_append_log_ignores_external_trace_write_failures PASSED [ 12%]
projects/shumilek_ui/tests/test_main.py::PixelWorkspaceAppFlowTests::test_append_log_writes_to_external_trace_file PASSED [ 12%]
projects/shumilek_ui/tests/test_main.py::PixelWorkspaceAppFlowTests::test_apply_initial_ui_state_enables_auto_poll_and_seeds_when_live_sync_times_out PASSED [ 13%]
projects/shumilek_ui/tests/test_main.py::PixelWorkspaceAppFlowTests::test_apply_initial_ui_state_refreshes_bridge_when_auto_poll_disabled PASSED [ 13%]
projects/shumilek_ui/tests/test_main.py::PixelWorkspaceAppFlowTests::test_apply_initial_ui_state_restores_cached_world_before_live_sync PASSED [ 14%]
projects/shumilek_ui/tests/test_main.py::PixelWorkspaceAppFlowTests::test_apply_initial_ui_state_schedules_auto_poll_when_enabled PASSED [ 15%]
projects/shumilek_ui/tests/test_main.py::PixelWorkspaceAppFlowTests::test_apply_initial_ui_state_starts_character_and_tileset_seed_when_live_sync_times_out PASSED [ 15%]
projects/shumilek_ui/tests/test_main.py::PixelWorkspaceAppFlowTests::test_apply_initial_ui_state_syncs_remote_jobs_when_live_tools_are_available PASSED [ 16%]
projects/shumilek_ui/tests/test_main.py::PixelWorkspaceAppFlowTests::test_apply_poll_jobs_result_keeps_bootstrap_running_when_only_ready_character_arrives PASSED [ 16%]
projects/shumilek_ui/tests/test_main.py::PixelWorkspaceAppFlowTests::test_apply_poll_jobs_result_prefers_follow_up_poll_over_auto_schedule PASSED [ 17%]
projects/shumilek_ui/tests/test_main.py::PixelWorkspaceAppFlowTests::test_apply_poll_jobs_result_refreshes_summary_and_preview_on_success PASSED [ 17%]
projects/shumilek_ui/tests/test_main.py::PixelWorkspaceAppFlowTests::test_apply_poll_jobs_result_reschedules_bootstrap_poll_while_waiting_for_ready_asset PASSED [ 18%]
projects/shumilek_ui/tests/test_main.py::PixelWorkspaceAppFlowTests::test_apply_poll_jobs_result_stops_bootstrap_when_ready_asset_arrives PASSED [ 19%]
projects/shumilek_ui/tests/test_main.py::PixelWorkspaceAppFlowTests::test_apply_preview_load_persists_tileset_bootstrap_state PASSED [ 19%]
projects/shumilek_ui/tests/test_main.py::PixelWorkspaceAppFlowTests::test_apply_preview_load_uses_cached_file_path_for_photoimage PASSED [ 20%]
projects/shumilek_ui/tests/test_main.py::PixelWorkspaceAppFlowTests::test_apply_seed_live_jobs_does_not_override_manual_asset_selection PASSED [ 20%]
projects/shumilek_ui/tests/test_main.py::PixelWorkspaceAppFlowTests::test_apply_seed_live_jobs_promotes_ready_tileset_when_user_has_not_selected_asset PASSED [ 21%]
projects/shumilek_ui/tests/test_main.py::PixelWorkspaceAppFlowTests::test_cleanup_stale_session_logs_removes_only_old_matching_prefixes PASSED [ 21%]
projects/shumilek_ui/tests/test_main.py::PixelWorkspaceAppFlowTests::test_clear_server_visuals_keeps_live_canvases_blank PASSED [ 22%]
projects/shumilek_ui/tests/test_main.py::PixelWorkspaceAppFlowTests::test_configure_fault_handler_writes_session_marker PASSED [ 23%]
projects/shumilek_ui/tests/test_main.py::PixelWorkspaceAppFlowTests::test_copy_tracked_job_detail_copies_full_untruncated_text PASSED [ 23%]
projects/shumilek_ui/tests/test_main.py::PixelWorkspaceAppFlowTests::test_copy_tracked_job_detail_reports_when_nothing_is_selected PASSED [ 24%]
projects/shumilek_ui/tests/test_main.py::PixelWorkspaceAppFlowTests::test_focus_scene_node_updates_focus_and_status PASSED [ 24%]
projects/shumilek_ui/tests/test_main.py::PixelWorkspaceAppFlowTests::test_format_runtime_log_paths_text_uses_unknown_for_missing_paths PASSED [ 25%]
projects/shumilek_ui/tests/test_main.py::PixelWorkspaceAppFlowTests::test_format_runtime_session_text_uses_unknown_for_blank_values PASSED [ 26%]
projects/shumilek_ui/tests/test_main.py::PixelWorkspaceAppFlowTests::test_init_loads_preferences_then_builds_layout_and_applies_initial_state PASSED [ 26%]
projects/shumilek_ui/tests/test_main.py::PixelWorkspaceAppFlowTests::test_init_logs_when_stale_session_cleanup_removed_entries PASSED [ 27%]
projects/shumilek_ui/tests/test_main.py::PixelWorkspaceAppFlowTests::test_init_refreshes_bridge_when_saved_auto_poll_is_disabled PASSED [ 27%]
projects/shumilek_ui/tests/test_main.py::PixelWorkspaceAppFlowTests::test_load_ui_preferences_restores_saved_values PASSED [ 28%]
projects/shumilek_ui/tests/test_main.py::PixelWorkspaceAppFlowTests::test_maybe_bootstrap_server_visuals_queues_initial_requests_and_poll PASSED [ 28%]
projects/shumilek_ui/tests/test_main.py::PixelWorkspaceAppFlowTests::test_maybe_bootstrap_server_visuals_queues_only_tileset_when_character_jobs_already_exist PASSED [ 29%]
projects/shumilek_ui/tests/test_main.py::PixelWorkspaceAppFlowTests::test_maybe_bootstrap_server_visuals_skips_queueing_when_auto_poll_is_disabled PASSED [ 30%]
projects/shumilek_ui/tests/test_main.py::PixelWorkspaceAppFlowTests::test_on_asset_history_filter_changed_persists_and_refreshes PASSED [ 30%]
projects/shumilek_ui/tests/test_main.py::PixelWorkspaceAppFlowTests::test_on_auto_poll_interval_changed_normalizes_persists_and_reschedules PASSED [ 31%]
projects/shumilek_ui/tests/test_main.py::PixelWorkspaceAppFlowTests::test_on_auto_poll_toggle_disables_and_refreshes_bridge_state PASSED [ 31%]
projects/shumilek_ui/tests/test_main.py::PixelWorkspaceAppFlowTests::test_on_auto_poll_toggle_enables_and_schedules_polling PASSED [ 32%]
projects/shumilek_ui/tests/test_main.py::PixelWorkspaceAppFlowTests::test_on_close_requested_cancels_pending_callbacks_and_destroys_root PASSED [ 32%]
projects/shumilek_ui/tests/test_main.py::PixelWorkspaceAppFlowTests::test_on_root_destroy_logs_only_for_root_widget PASSED [ 33%]
projects/shumilek_ui/tests/test_main.py::PixelWorkspaceAppFlowTests::test_on_server_style_preset_changed_persists_and_refreshes PASSED [ 34%]
projects/shumilek_ui/tests/test_main.py::PixelWorkspaceAppFlowTests::test_on_server_style_preset_changed_switches_preview_to_matching_ready_asset PASSED [ 34%]
projects/shumilek_ui/tests/test_main.py::PixelWorkspaceAppFlowTests::test_on_tracked_job_select_truncates_long_detail_fields PASSED [ 35%]
projects/shumilek_ui/tests/test_main.py::PixelWorkspaceAppFlowTests::test_on_tracked_job_select_updates_selected_node_and_detail PASSED [ 35%]
projects/shumilek_ui/tests/test_main.py::PixelWorkspaceAppFlowTests::test_open_runtime_log_directory_opens_parent_folder PASSED [ 36%]
projects/shumilek_ui/tests/test_main.py::PixelWorkspaceAppFlowTests::test_open_runtime_log_directory_reports_failure PASSED [ 36%]
projects/shumilek_ui/tests/test_main.py::PixelWorkspaceAppFlowTests::test_persist_ui_preferences_clears_error_after_success PASSED [ 37%]
projects/shumilek_ui/tests/test_main.py::PixelWorkspaceAppFlowTests::test_persist_ui_preferences_deduplicates_repeated_save_errors PASSED [ 38%]
projects/shumilek_ui/tests/test_main.py::PixelWorkspaceAppFlowTests::test_queue_character_stylizes_prompt_before_sending_to_server PASSED [ 38%]
projects/shumilek_ui/tests/test_main.py::PixelWorkspaceAppFlowTests::test_queue_tileset_stylizes_both_prompts_before_sending_to_server PASSED [ 39%]
projects/shumilek_ui/tests/test_main.py::PixelWorkspaceAppFlowTests::test_refresh_asset_activity_text_updates_summary_card_tone PASSED [ 39%]
projects/shumilek_ui/tests/test_main.py::PixelWorkspaceAppFlowTests::test_refresh_asset_preview_auto_promotes_ready_tileset_over_stale_character_selection PASSED [ 40%]
projects/shumilek_ui/tests/test_main.py::PixelWorkspaceAppFlowTests::test_refresh_asset_preview_clears_state_when_filter_has_no_ready_assets PASSED [ 41%]
projects/shumilek_ui/tests/test_main.py::PixelWorkspaceAppFlowTests::test_refresh_asset_preview_considers_ready_assets_beyond_default_window PASSED [ 41%]
projects/shumilek_ui/tests/test_main.py::PixelWorkspaceAppFlowTests::test_refresh_asset_preview_prefers_ready_asset_matching_selected_server_preset PASSED [ 42%]
projects/shumilek_ui/tests/test_main.py::PixelWorkspaceAppFlowTests::test_refresh_asset_preview_preserves_manual_character_selection_over_ready_tileset PASSED [ 42%]
projects/shumilek_ui/tests/test_main.py::PixelWorkspaceAppFlowTests::test_refresh_asset_preview_renders_processing_feed_when_jobs_are_in_flight PASSED [ 43%]
projects/shumilek_ui/tests/test_main.py::PixelWorkspaceAppFlowTests::test_refresh_asset_preview_reuses_loaded_image_without_restart PASSED [ 43%]
projects/shumilek_ui/tests/test_main.py::PixelWorkspaceAppFlowTests::test_refresh_asset_preview_selects_filtered_ready_asset_and_starts_preview_load PASSED [ 44%]
projects/shumilek_ui/tests/test_main.py::PixelWorkspaceAppFlowTests::test_refresh_asset_preview_truncates_long_meta_fields_for_ready_asset PASSED [ 45%]
projects/shumilek_ui/tests/test_main.py::PixelWorkspaceAppFlowTests::test_refresh_bridge_activity_text_reports_paused_automation_when_auto_poll_disabled PASSED [ 45%]
projects/shumilek_ui/tests/test_main.py::PixelWorkspaceAppFlowTests::test_refresh_bridge_activity_text_updates_summary_card_tone PASSED [ 46%]
projects/shumilek_ui/tests/test_main.py::PixelWorkspaceAppFlowTests::test_refresh_job_summary_updates_tracked_jobs_list_and_detail PASSED [ 46%]
projects/shumilek_ui/tests/test_main.py::PixelWorkspaceAppFlowTests::test_render_processing_server_visual_keeps_live_canvases_blank PASSED [ 47%]
projects/shumilek_ui/tests/test_main.py::PixelWorkspaceAppFlowTests::test_render_processing_server_visual_truncates_long_prompt_summary PASSED [ 47%]
projects/shumilek_ui/tests/test_main.py::PixelWorkspaceAppFlowTests::test_render_server_visual_scales_small_preview_for_stage_and_hero PASSED [ 48%]
projects/shumilek_ui/tests/test_main.py::PixelWorkspaceAppFlowTests::test_render_server_visual_tileset_repeats_world_pattern_across_stage PASSED [ 49%]
projects/shumilek_ui/tests/test_main.py::PixelWorkspaceAppFlowTests::test_restore_cached_bootstrap_visual_accepts_legacy_payload_without_download_url PASSED [ 49%]
projects/shumilek_ui/tests/test_main.py::PixelWorkspaceAppFlowTests::test_restore_cached_bootstrap_visual_logs_skipped_invalid_state PASSED [ 50%]
projects/shumilek_ui/tests/test_main.py::PixelWorkspaceAppFlowTests::test_restore_cached_bootstrap_visual_logs_skipped_unloadable_image PASSED [ 50%]
projects/shumilek_ui/tests/test_main.py::PixelWorkspaceAppFlowTests::test_restore_cached_bootstrap_visual_logs_skipped_unsupported_job_type PASSED [ 51%]
projects/shumilek_ui/tests/test_main.py::PixelWorkspaceAppFlowTests::test_restore_cached_bootstrap_visual_renders_cached_tileset PASSED [ 52%]
projects/shumilek_ui/tests/test_main.py::PixelWorkspaceAppFlowTests::test_run_cleans_up_after_callbacks_after_mainloop_returns PASSED [ 52%]
projects/shumilek_ui/tests/test_main.py::PixelWorkspaceAppFlowTests::test_run_logs_mainloop_exit_after_close_request PASSED [ 53%]
projects/shumilek_ui/tests/test_main.py::PixelWorkspaceAppFlowTests::test_scene_node_at_returns_matching_region PASSED [ 53%]
projects/shumilek_ui/tests/test_main.py::PixelWorkspaceAppFlowTests::test_start_preview_load_logs_requested_url PASSED [ 54%]
projects/shumilek_ui/tests/test_main.py::PixelWorkspaceAppFlowTests::test_sync_initial_live_jobs_bootstraps_tileset_when_only_character_jobs_exist PASSED [ 54%]
projects/shumilek_ui/tests/test_main.py::PixelWorkspaceAppFlowTests::test_sync_initial_live_jobs_does_not_bootstrap_when_auto_poll_is_disabled PASSED [ 55%]
projects/shumilek_ui/tests/test_main.py::PixelWorkspaceAppFlowTests::test_sync_initial_live_jobs_refreshes_summary_preview_and_bootstrap_when_empty PASSED [ 56%]
projects/shumilek_ui/tests/test_main.py::PixelWorkspaceAppFlowTests::test_sync_initial_live_jobs_times_out_without_blocking_startup PASSED [ 56%]
projects/shumilek_ui/tests/test_main.py::PixelWorkspaceAppFlowTests::test_tracked_job_tone_maps_status_groups PASSED [ 57%]
projects/shumilek_ui/tests/test_main.py::PixelWorkspaceAppFlowTests::test_ui_callback_queue_runs_worker_results_on_main_thread PASSED [ 57%]
projects/shumilek_ui/tests/test_pixellab_bridge.py::PixelLabBridgeTests::test_auto_discovers_local_bridge_manifest PASSED [ 58%]
projects/shumilek_ui/tests/test_pixellab_bridge.py::PixelLabBridgeTests::test_auto_discovers_remote_mcp_config PASSED [ 58%]
projects/shumilek_ui/tests/test_pixellab_bridge.py::PixelLabBridgeTests::test_bridge_post_uses_long_timeout PASSED [ 59%]
projects/shumilek_ui/tests/test_pixellab_bridge.py::PixelLabBridgeTests::test_invalid_prompt_raises PASSED [ 60%]
projects/shumilek_ui/tests/test_pixellab_bridge.py::PixelLabBridgeTests::test_live_character_submit_uses_bound_tool PASSED [ 60%]
projects/shumilek_ui/tests/test_pixellab_bridge.py::PixelLabBridgeTests::test_live_tileset_submit_uses_bound_tool PASSED [ 61%]
projects/shumilek_ui/tests/test_pixellab_bridge.py::PixelLabBridgeTests::test_offline_character_submit_creates_draft_job PASSED [ 61%]
projects/shumilek_ui/tests/test_pixellab_bridge.py::PixelLabBridgeTests::test_read_json_response_default_timeout_is_short PASSED [ 62%]
projects/shumilek_ui/tests/test_pixellab_bridge.py::PixelLabBridgeTests::test_refresh_job_skips_ready_mcp_job_without_detail_fetch PASSED [ 63%]
projects/shumilek_ui/tests/test_pixellab_bridge.py::PixelLabBridgeTests::test_refresh_jobs_imports_remote_characters_and_tilesets PASSED [ 63%]
projects/shumilek_ui/tests/test_pixellab_bridge.py::PixelLabBridgeTests::test_seed_jobs_for_ui_imports_characters_and_enriches_first_preview PASSED [ 64%]
projects/shumilek_ui/tests/test_pixellab_bridge.py::PixelLabBridgeTests::test_seed_tileset_jobs_for_ui_imports_ready_tilesets PASSED [ 64%]
projects/shumilek_ui/tests/test_scene.py::SceneModelTests::test_edges_reference_existing_nodes PASSED [ 65%]
projects/shumilek_ui/tests/test_scene.py::SceneModelTests::test_find_node_returns_workspace_block PASSED [ 65%]
projects/shumilek_ui/tests/test_scene.py::SceneModelTests::test_sidebar_blocks_have_items PASSED [ 66%]
projects/shumilek_ui/tests/test_scene.py::SceneModelTests::test_workspace_has_enough_nodes PASSED [ 67%]
projects/shumilek_ui/tests/test_ui_helpers.py::UiHelperTests::test_asset_action_url_returns_requested_asset_type PASSED [ 67%]
projects/shumilek_ui/tests/test_ui_helpers.py::UiHelperTests::test_asset_activity_tone_tracks_alert_busy_ready_and_idle PASSED [ 68%]
projects/shumilek_ui/tests/test_ui_helpers.py::UiHelperTests::test_asset_ready_jobs_filters_and_limits_recent_assets PASSED [ 68%]
projects/shumilek_ui/tests/test_ui_helpers.py::UiHelperTests::test_bridge_activity_tone_tracks_alert_and_busy_states PASSED [ 69%]
projects/shumilek_ui/tests/test_ui_helpers.py::UiHelperTests::test_build_asset_activity_text_prioritizes_error_and_async_state PASSED [ 69%]
projects/shumilek_ui/tests/test_ui_helpers.py::UiHelperTests::test_build_asset_link_text_omits_missing_values PASSED [ 70%]
projects/shumilek_ui/tests/test_ui_helpers.py::UiHelperTests::test_build_bridge_activity_text_prioritizes_error_then_action PASSED [ 71%]
projects/shumilek_ui/tests/test_ui_helpers.py::UiHelperTests::test_build_tracked_job_detail_includes_optional_asset_fields PASSED [ 71%]
projects/shumilek_ui/tests/test_ui_helpers.py::UiHelperTests::test_cache_refresh_targets_include_preview_and_download PASSED [ 72%]
projects/shumilek_ui/tests/test_ui_helpers.py::UiHelperTests::test_choose_asset_job_prefers_graph_style_asset_by_default PASSED [ 72%]
projects/shumilek_ui/tests/test_ui_helpers.py::UiHelperTests::test_choose_asset_job_prefers_requested_server_style_preset PASSED [ 73%]
projects/shumilek_ui/tests/test_ui_helpers.py::UiHelperTests::test_choose_asset_job_prefers_selected_history_entry PASSED [ 73%]
projects/shumilek_ui/tests/test_ui_helpers.py::UiHelperTests::test_choose_asset_job_prefers_tileset_world_asset_when_unfiltered PASSED [ 74%]
projects/shumilek_ui/tests/test_ui_helpers.py::UiHelperTests::test_choose_preview_url_falls_back_to_image_like_download PASSED [ 75%]
projects/shumilek_ui/tests/test_ui_helpers.py::UiHelperTests::test_choose_preview_url_prefers_explicit_preview PASSED [ 75%]
projects/shumilek_ui/tests/test_ui_helpers.py::UiHelperTests::test_compose_character_prompt_uses_selected_preset PASSED [ 76%]
projects/shumilek_ui/tests/test_ui_helpers.py::UiHelperTests::test_compose_graph_character_prompt_appends_graph_workbench_style PASSED [ 76%]
projects/shumilek_ui/tests/test_ui_helpers.py::UiHelperTests::test_compose_graph_tileset_prompts_styles_both_layers PASSED [ 77%]
projects/shumilek_ui/tests/test_ui_helpers.py::UiHelperTests::test_compose_tileset_prompts_uses_selected_preset PASSED [ 78%]
projects/shumilek_ui/tests/test_ui_helpers.py::UiHelperTests::test_normalize_poll_interval_seconds_clamps_and_defaults PASSED [ 78%]
projects/shumilek_ui/tests/test_ui_helpers.py::UiHelperTests::test_server_style_preset_normalization_and_labels PASSED [ 79%]
projects/shumilek_ui/tests/test_ui_helpers.py::UiHelperTests::test_should_apply_preview_result_requires_matching_request_and_url PASSED [ 79%]
projects/shumilek_ui/tests/test_ui_helpers.py::UiHelperTests::test_should_reload_preview_only_when_needed PASSED [ 80%]
projects/shumilek_ui/tests/test_ui_helpers.py::UiHelperTests::test_summarize_asset_history_entry_prefers_asset_name PASSED [ 80%]
projects/shumilek_ui/tests/test_ui_helpers.py::UiHelperTests::test_summarize_tracked_job_entry_includes_type_and_summary PASSED [ 81%]
projects/shumilek_ui/tests/test_ui_settings.py::UiSettingsTests::test_load_ui_settings_returns_defaults_for_missing_or_invalid_file PASSED [ 82%]
projects/shumilek_ui/tests/test_ui_settings.py::UiSettingsTests::test_normalize_ui_settings_clamps_interval_and_filter PASSED [ 82%]
projects/shumilek_ui/tests/test_ui_settings.py::UiSettingsTests::test_save_ui_settings_round_trips_supported_preferences PASSED [ 83%]
projects/shumilek_hive/tests/test_main.py::SafeNoteNameTests::test_name_with_hyphen_accepted PASSED [ 83%]
projects/shumilek_hive/tests/test_main.py::SafeNoteNameTests::test_name_with_spaces_accepted PASSED [ 84%]
projects/shumilek_hive/tests/test_main.py::SafeNoteNameTests::test_rejects_backslash PASSED [ 84%]
projects/shumilek_hive/tests/test_main.py::SafeNoteNameTests::test_rejects_dotdot PASSED [ 85%]
projects/shumilek_hive/tests/test_main.py::SafeNoteNameTests::test_rejects_dotdot_prefix PASSED [ 86%]
projects/shumilek_hive/tests/test_main.py::SafeNoteNameTests::test_rejects_empty_string PASSED [ 86%]
projects/shumilek_hive/tests/test_main.py::SafeNoteNameTests::test_rejects_forward_slash PASSED [ 87%]
projects/shumilek_hive/tests/test_main.py::SafeNoteNameTests::test_rejects_none PASSED [ 87%]
projects/shumilek_hive/tests/test_main.py::SafeNoteNameTests::test_rejects_whitespace_only PASSED [ 88%]
projects/shumilek_hive/tests/test_main.py::SafeNoteNameTests::test_simple_name_accepted PASSED [ 89%]
projects/shumilek_hive/tests/test_main.py::HiveReportPathTests::test_dots_only_falls_back PASSED [ 89%]
projects/shumilek_hive/tests/test_main.py::HiveReportPathTests::test_empty_falls_back PASSED [ 90%]
projects/shumilek_hive/tests/test_main.py::HiveReportPathTests::test_normal_name PASSED [ 90%]
projects/shumilek_hive/tests/test_main.py::HiveReportPathTests::test_special_chars_sanitized PASSED [ 91%]
projects/shumilek_hive/tests/test_main.py::HiveReportPathTests::test_traversal_dots_stripped PASSED [ 91%]
projects/shumilek_hive/tests/test_main.py::ParticleTests::test_alpha_hex_fades_over_lifetime PASSED [ 92%]
projects/shumilek_hive/tests/test_main.py::ParticleTests::test_alpha_hex_returns_valid_color PASSED [ 93%]
projects/shumilek_hive/tests/test_main.py::ParticleTests::test_particle_dies_after_max_life PASSED [ 93%]
projects/shumilek_hive/tests/test_main.py::ParticleTests::test_particle_starts_alive PASSED [ 94%]
projects/shumilek_hive/tests/test_main.py::StopWordsTests::test_all_lowercase PASSED [ 94%]
projects/shumilek_hive/tests/test_main.py::StopWordsTests::test_contains_czech_common_words PASSED [ 95%]
projects/shumilek_hive/tests/test_main.py::StopWordsTests::test_contains_english_common_words PASSED [ 95%]
projects/shumilek_hive/tests/test_main.py::StopWordsTests::test_is_frozenset PASSED [ 96%]
projects/shumilek_hive/tests/test_main.py::KeywordExtractionTests::test_extracts_repeated_words PASSED [ 97%]
projects/shumilek_hive/tests/test_main.py::KeywordExtractionTests::test_filters_stop_words PASSED [ 97%]
projects/shumilek_hive/tests/test_main.py::KeywordExtractionTests::test_handles_czech_diacritics PASSED [ 98%]
projects/shumilek_hive/tests/test_main.py::KeywordExtractionTests::test_handles_empty_text PASSED [ 98%]
projects/shumilek_hive/tests/test_main.py::KeywordExtractionTests::test_ignores_short_words PASSED [ 99%]
projects/shumilek_hive/tests/test_main.py::KeywordExtractionTests::test_respects_top_n PASSED [100%]

============================= 173 passed in 1.40s =============================
