{
  "ok": false,
  "diagnostics": [
    "Command failed: python -m compileall -q mini_ai tests (exit=1, timedOut=false)",
    "Command failed: python -m unittest discover -v -s tests -p \"test*.py\" (exit=1, timedOut=false)",
    "Command failed: python -m mini_ai.cli --help (exit=1, timedOut=false)"
  ],
  "commands": [
    {
      "command": "python -m compileall -q mini_ai tests",
      "cwd": "projects\\bot_eval_run\\run_1768561477879\\workspace",
      "ok": false,
      "exitCode": 1,
      "timedOut": false,
      "durationMs": 64,
      "stdout": "*** Error compiling 'mini_ai\\\\generator.py'...\r\n  File \"mini_ai\\generator.py\", line 1\r\n    def generate(model_path):\\n    # Implementace generovani textu z Markovova lincova\r\n                              ^\r\nSyntaxError: unexpected character after line continuation character\r\n\r\n",
      "stderr": ""
    },
    {
      "command": "python -m unittest discover -v -s tests -p \"test*.py\"",
      "cwd": "projects\\bot_eval_run\\run_1768561477879\\workspace",
      "ok": false,
      "exitCode": 1,
      "timedOut": false,
      "durationMs": 75,
      "stdout": "",
      "stderr": "test_generator (unittest.loader._FailedTest.test_generator) ... ERROR\r\ntest_train (test_trainer.TestTrainer.test_train) ... ok\r\n\r\n======================================================================\r\nERROR: test_generator (unittest.loader._FailedTest.test_generator)\r\n----------------------------------------------------------------------\r\nImportError: Failed to import test module: test_generator\r\nTraceback (most recent call last):\r\n  File \"C:\\Users\\atrep\\AppData\\Local\\Programs\\Python\\Python312\\Lib\\unittest\\loader.py\", line 396, in _find_test_path\r\n    module = self._get_module_from_name(name)\r\n             ^^^^^^^^^^^^^^^^^^^^^^^^^^^^^^^^\r\n  File \"C:\\Users\\atrep\\AppData\\Local\\Programs\\Python\\Python312\\Lib\\unittest\\loader.py\", line 339, in _get_module_from_name\r\n    __import__(name)\r\n  File \"C:\\Users\\atrep\\Desktop\\Test_AI_Code\\shumilek\\projects\\bot_eval_run\\run_1768561477879\\workspace\\tests\\test_generator.py\", line 2, in <module>\r\n    from mini_ai.generator import generate\r\n  File \"C:\\Users\\atrep\\Desktop\\Test_AI_Code\\shumilek\\projects\\bot_eval_run\\run_1768561477879\\workspace\\mini_ai\\__init__.py\", line 2, in <module>\r\n    from .generator import generate\r\n  File \"C:\\Users\\atrep\\Desktop\\Test_AI_Code\\shumilek\\projects\\bot_eval_run\\run_1768561477879\\workspace\\mini_ai\\generator.py\", line 1\r\n    def generate(model_path):\\n    # Implementace generovani textu z Markovova lincova\r\n                              ^\r\nSyntaxError: unexpected character after line continuation character\r\n\r\n\r\n----------------------------------------------------------------------\r\nRan 2 tests in 0.000s\r\n\r\nFAILED (errors=1)\r\n"
    },
    {
      "command": "python -m mini_ai.cli --help",
      "cwd": "projects\\bot_eval_run\\run_1768561477879\\workspace",
      "ok": false,
      "exitCode": 1,
      "timedOut": false,
      "durationMs": 38,
      "stdout": "",
      "stderr": "Traceback (most recent call last):\r\n  File \"<frozen runpy>\", line 189, in _run_module_as_main\r\n  File \"<frozen runpy>\", line 112, in _get_module_details\r\n  File \"C:\\Users\\atrep\\Desktop\\Test_AI_Code\\shumilek\\projects\\bot_eval_run\\run_1768561477879\\workspace\\mini_ai\\__init__.py\", line 2, in <module>\r\n    from .generator import generate\r\n  File \"C:\\Users\\atrep\\Desktop\\Test_AI_Code\\shumilek\\projects\\bot_eval_run\\run_1768561477879\\workspace\\mini_ai\\generator.py\", line 1\r\n    def generate(model_path):\\n    # Implementace generovani textu z Markovova lincova\r\n                              ^\r\nSyntaxError: unexpected character after line continuation character\r\n"
    }
  ]
}