{
  "ok": false,
  "diagnostics": [
    "Command failed: node \"C:\\Users\\atrep\\Desktop\\Test_AI_Code\\shumilek\\node_modules\\typescript\\bin\\tsc\" -p tsconfig.json (exit=2, timedOut=false)",
    "Command failed: node --test tests/oracle.test.js (exit=1, timedOut=false)",
    "Command failed: node dist/cli.js --help (exit=1, timedOut=false)"
  ],
  "commands": [
    {
      "command": "node \"C:\\Users\\atrep\\Desktop\\Test_AI_Code\\shumilek\\node_modules\\typescript\\bin\\tsc\" -p tsconfig.json",
      "cwd": "C:\\Users\\atrep\\Desktop\\Test_AI_Code\\shumilek\\projects\\bot_eval_run\\batch_1771700100895\\ts-todo-oracle_run_01\\workspace",
      "ok": false,
      "exitCode": 2,
      "timedOut": false,
      "durationMs": 1247,
      "stdout": "src/cli.ts(36,29): error TS2345: Argument of type 'string | undefined' is not assignable to parameter of type 'string'.\r\n  Type 'undefined' is not assignable to type 'string'.\r\nsrc/cli.ts(44,33): error TS2345: Argument of type 'string | undefined' is not assignable to parameter of type 'string'.\r\n  Type 'undefined' is not assignable to type 'string'.\r\nsrc/cli.ts(56,33): error TS2345: Argument of type 'string | undefined' is not assignable to parameter of type 'string'.\r\n  Type 'undefined' is not assignable to type 'string'.\r\nsrc/cli.ts(64,38): error TS2345: Argument of type 'string | undefined' is not assignable to parameter of type 'string'.\r\n  Type 'undefined' is not assignable to type 'string'.\r\nsrc/store.ts(18,9): error TS2304: Cannot find name 'fs'.\r\n",
      "stderr": ""
    },
    {
      "command": "node --test tests/oracle.test.js",
      "cwd": "C:\\Users\\atrep\\Desktop\\Test_AI_Code\\shumilek\\projects\\bot_eval_run\\batch_1771700100895\\ts-todo-oracle_run_01\\workspace",
      "ok": false,
      "exitCode": 1,
      "timedOut": false,
      "durationMs": 179,
      "stdout": "✖ TaskStore: CRUD persists to JSON file (4.4026ms)\n✖ CLI: end-to-end flow (43.9838ms)\nℹ tests 2\nℹ suites 0\nℹ pass 0\nℹ fail 2\nℹ cancelled 0\nℹ skipped 0\nℹ todo 0\nℹ duration_ms 106.2222\n\n✖ failing tests:\n\ntest at tests\\oracle.test.js:26:1\n✖ TaskStore: CRUD persists to JSON file (4.4026ms)\n  ReferenceError: fs is not defined\n      at new TaskStore (C:\\Users\\atrep\\Desktop\\Test_AI_Code\\shumilek\\projects\\bot_eval_run\\batch_1771700100895\\ts-todo-oracle_run_01\\workspace\\dist\\store.js:10:9)\n      at TestContext.<anonymous> (C:\\Users\\atrep\\Desktop\\Test_AI_Code\\shumilek\\projects\\bot_eval_run\\batch_1771700100895\\ts-todo-oracle_run_01\\workspace\\tests\\oracle.test.js:34:17)\n      at Test.runInAsyncScope (node:async_hooks:214:14)\n      at Test.run (node:internal/test_runner/test:1106:25)\n      at Test.start (node:internal/test_runner/test:1003:17)\n      at startSubtestAfterBootstrap (node:internal/test_runner/harness:358:17)\n\ntest at tests\\oracle.test.js:62:1\n✖ CLI: end-to-end flow (43.9838ms)\n  AssertionError [ERR_ASSERTION]: Missing or invalid --data path\n  \n  \n  1 !== 0\n  \n      at TestContext.<anonymous> (C:\\Users\\atrep\\Desktop\\Test_AI_Code\\shumilek\\projects\\bot_eval_run\\batch_1771700100895\\ts-todo-oracle_run_01\\workspace\\tests\\oracle.test.js:69:10)\n      at Test.runInAsyncScope (node:async_hooks:214:14)\n      at Test.run (node:internal/test_runner/test:1106:25)\n      at Test.processPendingSubtests (node:internal/test_runner/test:788:18)\n      at Test.postRun (node:internal/test_runner/test:1235:19)\n      at Test.run (node:internal/test_runner/test:1163:12)\n      at async startSubtestAfterBootstrap (node:internal/test_runner/harness:358:3) {\n    generatedMessage: false,\n    code: 'ERR_ASSERTION',\n    actual: 1,\n    expected: 0,\n    operator: 'strictEqual',\n    diff: 'simple'\n  }\n",
      "stderr": ""
    },
    {
      "command": "node dist/cli.js --help",
      "cwd": "C:\\Users\\atrep\\Desktop\\Test_AI_Code\\shumilek\\projects\\bot_eval_run\\batch_1771700100895\\ts-todo-oracle_run_01\\workspace",
      "ok": false,
      "exitCode": 1,
      "timedOut": false,
      "durationMs": 63,
      "stdout": "",
      "stderr": "Missing or invalid --data path\n"
    }
  ]
}