{
  "ok": false,
  "diagnostics": [
    "Do not include dist/ in model output (generated by tsc)",
    "No dependencies allowed (dependencies/devDependencies must be empty or missing)",
    "Non-builtin import \"uuid\" in src/store.ts",
    "Command failed: node \"C:\\Users\\atrep\\Desktop\\Test_AI_Code\\shumilek\\node_modules\\typescript\\bin\\tsc\" -p tsconfig.json (exit=2, timedOut=false)",
    "Command failed: node --test tests/oracle.test.js (exit=1, timedOut=false)",
    "Command failed: node dist/cli.js --help (exit=1, timedOut=false)"
  ],
  "commands": [
    {
      "command": "node \"C:\\Users\\atrep\\Desktop\\Test_AI_Code\\shumilek\\node_modules\\typescript\\bin\\tsc\" -p tsconfig.json",
      "cwd": "projects\\bot_eval_run\\run_1770591807648\\workspace",
      "ok": false,
      "exitCode": 2,
      "timedOut": false,
      "durationMs": 1408,
      "stdout": "src/cli.ts(8,20): error TS2532: Object is possibly 'undefined'.\r\nsrc/store.ts(1,30): error TS2307: Cannot find module 'uuid' or its corresponding type declarations.\r\nsrc/store.ts(8,3): error TS2564: Property 'id' has no initializer and is not definitely assigned in the constructor.\r\nsrc/store.ts(9,3): error TS2564: Property 'title' has no initializer and is not definitely assigned in the constructor.\r\nsrc/store.ts(10,3): error TS2564: Property 'done' has no initializer and is not definitely assigned in the constructor.\r\nsrc/store.ts(11,3): error TS2564: Property 'createdAt' has no initializer and is not definitely assigned in the constructor.\r\nsrc/store.ts(21,12): error TS2339: Property 'existsSync' does not exist on type 'PlatformPath'.\r\nsrc/store.ts(22,23): error TS2339: Property 'readFileSync' does not exist on type 'PlatformPath'.\r\nsrc/store.ts(41,8): error TS2339: Property 'writeFileSync' does not exist on type 'PlatformPath'.\r\nsrc/store.ts(50,10): error TS2339: Property 'writeFileSync' does not exist on type 'PlatformPath'.\r\nsrc/store.ts(60,10): error TS2339: Property 'writeFileSync' does not exist on type 'PlatformPath'.\r\n",
      "stderr": ""
    },
    {
      "command": "node --test tests/oracle.test.js",
      "cwd": "projects\\bot_eval_run\\run_1770591807648\\workspace",
      "ok": false,
      "exitCode": 1,
      "timedOut": false,
      "durationMs": 175,
      "stdout": "✖ TaskStore: CRUD persists to JSON file (2.1444ms)\n✖ CLI: end-to-end flow (43.9219ms)\nℹ tests 2\nℹ suites 0\nℹ pass 0\nℹ fail 2\nℹ cancelled 0\nℹ skipped 0\nℹ todo 0\nℹ duration_ms 107.841\n\n✖ failing tests:\n\ntest at tests\\oracle.test.js:26:1\n✖ TaskStore: CRUD persists to JSON file (2.1444ms)\n  Error: Cannot find module 'uuid'\n  Require stack:\n  - C:\\Users\\atrep\\Desktop\\Test_AI_Code\\shumilek\\projects\\bot_eval_run\\run_1770591807648\\workspace\\dist\\store.js\n  - C:\\Users\\atrep\\Desktop\\Test_AI_Code\\shumilek\\projects\\bot_eval_run\\run_1770591807648\\workspace\\tests\\oracle.test.js\n      at Module._resolveFilename (node:internal/modules/cjs/loader:1421:15)\n      at defaultResolveImpl (node:internal/modules/cjs/loader:1059:19)\n      at resolveForCJSWithHooks (node:internal/modules/cjs/loader:1064:22)\n      at Module._load (node:internal/modules/cjs/loader:1227:37)\n      at TracingChannel.traceSync (node:diagnostics_channel:328:14)\n      at wrapModuleLoad (node:internal/modules/cjs/loader:245:24)\n      at Module.require (node:internal/modules/cjs/loader:1504:12)\n      at require (node:internal/modules/helpers:152:16)\n      at Object.<anonymous> (C:\\Users\\atrep\\Desktop\\Test_AI_Code\\shumilek\\projects\\bot_eval_run\\run_1770591807648\\workspace\\dist\\store.js:37:16)\n      at Module._compile (node:internal/modules/cjs/loader:1761:14) {\n    code: 'MODULE_NOT_FOUND',\n    requireStack: [ 'C:\\\\Users\\\\atrep\\\\Desktop\\\\Test_AI_Code\\\\shumilek\\\\projects\\\\bot_eval_run\\\\run_1770591807648\\\\workspace\\\\dist\\\\store.js', 'C:\\\\Users\\\\atrep\\\\Desktop\\\\Test_AI_Code\\\\shumilek\\\\projects\\\\bot_eval_run\\\\run_1770591807648\\\\workspace\\\\tests\\\\oracle.test.js' ]\n  }\n\ntest at tests\\oracle.test.js:62:1\n✖ CLI: end-to-end flow (43.9219ms)\n  AssertionError [ERR_ASSERTION]: node:internal/modules/cjs/loader:1424\n    throw err;\n    ^\n  \n  Error: Cannot find module 'uuid'\n  Require stack:\n  - C:\\Users\\atrep\\Desktop\\Test_AI_Code\\shumilek\\projects\\bot_eval_run\\run_1770591807648\\workspace\\dist\\store.js\n  - C:\\Users\\atrep\\Desktop\\Test_AI_Code\\shumilek\\projects\\bot_eval_run\\run_1770591807648\\workspace\\dist\\cli.js\n      at Module._resolveFilename (node:internal/modules/cjs/loader:1421:15)\n      at defaultResolveImpl (node:internal/modules/cjs/loader:1059:19)\n      at resolveForCJSWithHooks (node:internal/modules/cjs/loader:1064:22)\n      at Module._load (node:internal/modules/cjs/loader:1227:37)\n      at TracingChannel.traceSync (node:diagnostics_channel:328:14)\n      at wrapModuleLoad (node:internal/modules/cjs/loader:245:24)\n      at Module.require (node:internal/modules/cjs/loader:1504:12)\n      at require (node:internal/modules/helpers:152:16)\n      at Object.<anonymous> (C:\\Users\\atrep\\Desktop\\Test_AI_Code\\shumilek\\projects\\bot_eval_run\\run_1770591807648\\workspace\\dist\\store.js:37:16)\n      at Module._compile (node:internal/modules/cjs/loader:1761:14) {\n    code: 'MODULE_NOT_FOUND',\n    requireStack: [\n      'C:\\\\Users\\\\atrep\\\\Desktop\\\\Test_AI_Code\\\\shumilek\\\\projects\\\\bot_eval_run\\\\run_1770591807648\\\\workspace\\\\dist\\\\store.js',\n      'C:\\\\Users\\\\atrep\\\\Desktop\\\\Test_AI_Code\\\\shumilek\\\\projects\\\\bot_eval_run\\\\run_1770591807648\\\\workspace\\\\dist\\\\cli.js'\n    ]\n  }\n  \n  Node.js v24.12.0\n  \n  \n  1 !== 0\n  \n      at TestContext.<anonymous> (C:\\Users\\atrep\\Desktop\\Test_AI_Code\\shumilek\\projects\\bot_eval_run\\run_1770591807648\\workspace\\tests\\oracle.test.js:69:10)\n      at Test.runInAsyncScope (node:async_hooks:214:14)\n      at Test.run (node:internal/test_runner/test:1106:25)\n      at Test.processPendingSubtests (node:internal/test_runner/test:788:18)\n      at Test.postRun (node:internal/test_runner/test:1235:19)\n      at Test.run (node:internal/test_runner/test:1163:12)\n      at async startSubtestAfterBootstrap (node:internal/test_runner/harness:358:3) {\n    generatedMessage: false,\n    code: 'ERR_ASSERTION',\n    actual: 1,\n    expected: 0,\n    operator: 'strictEqual',\n    diff: 'simple'\n  }\n",
      "stderr": ""
    },
    {
      "command": "node dist/cli.js --help",
      "cwd": "projects\\bot_eval_run\\run_1770591807648\\workspace",
      "ok": false,
      "exitCode": 1,
      "timedOut": false,
      "durationMs": 60,
      "stdout": "",
      "stderr": "node:internal/modules/cjs/loader:1424\r\n  throw err;\r\n  ^\r\n\r\nError: Cannot find module 'uuid'\r\nRequire stack:\r\n- C:\\Users\\atrep\\Desktop\\Test_AI_Code\\shumilek\\projects\\bot_eval_run\\run_1770591807648\\workspace\\dist\\store.js\r\n- C:\\Users\\atrep\\Desktop\\Test_AI_Code\\shumilek\\projects\\bot_eval_run\\run_1770591807648\\workspace\\dist\\cli.js\r\n    at Module._resolveFilename (node:internal/modules/cjs/loader:1421:15)\r\n    at defaultResolveImpl (node:internal/modules/cjs/loader:1059:19)\r\n    at resolveForCJSWithHooks (node:internal/modules/cjs/loader:1064:22)\r\n    at Module._load (node:internal/modules/cjs/loader:1227:37)\r\n    at TracingChannel.traceSync (node:diagnostics_channel:328:14)\r\n    at wrapModuleLoad (node:internal/modules/cjs/loader:245:24)\r\n    at Module.require (node:internal/modules/cjs/loader:1504:12)\r\n    at require (node:internal/modules/helpers:152:16)\r\n    at Object.<anonymous> (C:\\Users\\atrep\\Desktop\\Test_AI_Code\\shumilek\\projects\\bot_eval_run\\run_1770591807648\\workspace\\dist\\store.js:37:16)\r\n    at Module._compile (node:internal/modules/cjs/loader:1761:14) {\r\n  code: 'MODULE_NOT_FOUND',\r\n  requireStack: [\r\n    'C:\\\\Users\\\\atrep\\\\Desktop\\\\Test_AI_Code\\\\shumilek\\\\projects\\\\bot_eval_run\\\\run_1770591807648\\\\workspace\\\\dist\\\\store.js',\r\n    'C:\\\\Users\\\\atrep\\\\Desktop\\\\Test_AI_Code\\\\shumilek\\\\projects\\\\bot_eval_run\\\\run_1770591807648\\\\workspace\\\\dist\\\\cli.js'\r\n  ]\r\n}\r\n\r\nNode.js v24.12.0\r\n"
    }
  ]
}