test_generate (test_generator.TestGenerator.test_generate) ... FAIL
test_train (test_trainer.TestTrainer.test_train) ... ERROR

======================================================================
ERROR: test_train (test_trainer.TestTrainer.test_train)
----------------------------------------------------------------------
Traceback (most recent call last):
  File "C:\Users\atrep\Desktop\Test_AI_Code\shumilek\projects\bot_eval_run\run_1768561477879\workspace\tests\test_trainer.py", line 6, in test_train
    self.assertTrue(train('data.txt', 'model.pth'))
                    ^^^^^^^^^^^^^^^^^^^^^^^^^^^^^^
  File "C:\Users\atrep\Desktop\Test_AI_Code\shumilek\projects\bot_eval_run\run_1768561477879\workspace\mini_ai\trainer.py", line 3, in train
    with open(input_file, 'r') as file:
         ^^^^^^^^^^^^^^^^^^^^^
FileNotFoundError: [Errno 2] No such file or directory: 'data.txt'

======================================================================
FAIL: test_generate (test_generator.TestGenerator.test_generate)
----------------------------------------------------------------------
Traceback (most recent call last):
  File "C:\Users\atrep\Desktop\Test_AI_Code\shumilek\projects\bot_eval_run\run_1768561477879\workspace\tests\test_generator.py", line 6, in test_generate
    self.assertIsNotNone(generate('model.pth'))
AssertionError: unexpectedly None

----------------------------------------------------------------------
Ran 2 tests in 0.001s

FAILED (failures=1, errors=1)
