{
  "ok": false,
  "diagnostics": [
    "Missing required file: mini_ai/cli.py",
    "Command failed: python -m unittest discover -v -s tests -p \"test*.py\" (exit=1, timedOut=false)",
    "Command failed: python -m mini_ai.cli --help (exit=1, timedOut=false)"
  ],
  "commands": [
    {
      "command": "python -m compileall -q mini_ai tests",
      "cwd": "projects\\bot_eval_run\\run_1768561477879\\workspace",
      "ok": true,
      "exitCode": 0,
      "timedOut": false,
      "durationMs": 89,
      "stdout": "",
      "stderr": ""
    },
    {
      "command": "python -m unittest discover -v -s tests -p \"test*.py\"",
      "cwd": "projects\\bot_eval_run\\run_1768561477879\\workspace",
      "ok": false,
      "exitCode": 1,
      "timedOut": false,
      "durationMs": 70,
      "stdout": "",
      "stderr": "test_generate (test_generator.TestGenerator.test_generate) ... FAIL\r\ntest_train (test_trainer.TestTrainer.test_train) ... ERROR\r\n\r\n======================================================================\r\nERROR: test_train (test_trainer.TestTrainer.test_train)\r\n----------------------------------------------------------------------\r\nTraceback (most recent call last):\r\n  File \"C:\\Users\\atrep\\Desktop\\Test_AI_Code\\shumilek\\projects\\bot_eval_run\\run_1768561477879\\workspace\\tests\\test_trainer.py\", line 6, in test_train\r\n    self.assertTrue(train('data.txt', 'model.pth'))\r\n                    ^^^^^^^^^^^^^^^^^^^^^^^^^^^^^^\r\n  File \"C:\\Users\\atrep\\Desktop\\Test_AI_Code\\shumilek\\projects\\bot_eval_run\\run_1768561477879\\workspace\\mini_ai\\trainer.py\", line 3, in train\r\n    with open(input_file, 'r') as file:\r\n         ^^^^^^^^^^^^^^^^^^^^^\r\nFileNotFoundError: [Errno 2] No such file or directory: 'data.txt'\r\n\r\n======================================================================\r\nFAIL: test_generate (test_generator.TestGenerator.test_generate)\r\n----------------------------------------------------------------------\r\nTraceback (most recent call last):\r\n  File \"C:\\Users\\atrep\\Desktop\\Test_AI_Code\\shumilek\\projects\\bot_eval_run\\run_1768561477879\\workspace\\tests\\test_generator.py\", line 6, in test_generate\r\n    self.assertIsNotNone(generate('model.pth'))\r\nAssertionError: unexpectedly None\r\n\r\n----------------------------------------------------------------------\r\nRan 2 tests in 0.001s\r\n\r\nFAILED (failures=1, errors=1)\r\n"
    },
    {
      "command": "python -m mini_ai.cli --help",
      "cwd": "projects\\bot_eval_run\\run_1768561477879\\workspace",
      "ok": false,
      "exitCode": 1,
      "timedOut": false,
      "durationMs": 40,
      "stdout": "",
      "stderr": "C:\\Users\\atrep\\AppData\\Local\\Programs\\Python\\Python312\\python.exe: No module named mini_ai.cli\r\n"
    }
  ]
}