{
  "ok": false,
  "diagnostics": [
    "Do not include dist/ in model output (generated by tsc)",
    "Command failed: node \"C:\\Users\\atrep\\Desktop\\Test_AI_Code\\shumilek\\node_modules\\typescript\\bin\\tsc\" -p tsconfig.json (exit=2, timedOut=false)",
    "Command failed: node --test tests/oracle.test.js (exit=1, timedOut=false)"
  ],
  "commands": [
    {
      "command": "node \"C:\\Users\\atrep\\Desktop\\Test_AI_Code\\shumilek\\node_modules\\typescript\\bin\\tsc\" -p tsconfig.json",
      "cwd": "C:\\Users\\atrep\\Desktop\\Test_AI_Code\\shumilek\\projects\\bot_eval_run\\batch_1771710552064\\ts-todo-oracle_run_01\\workspace",
      "ok": false,
      "exitCode": 2,
      "timedOut": false,
      "durationMs": 1166,
      "stdout": "src/cli.ts(5,10): error TS2440: Import declaration conflicts with local declaration of 'TaskStore'.\r\n",
      "stderr": ""
    },
    {
      "command": "node --test tests/oracle.test.js",
      "cwd": "C:\\Users\\atrep\\Desktop\\Test_AI_Code\\shumilek\\projects\\bot_eval_run\\batch_1771710552064\\ts-todo-oracle_run_01\\workspace",
      "ok": false,
      "exitCode": 1,
      "timedOut": false,
      "durationMs": 198,
      "stdout": "✔ TaskStore: CRUD persists to JSON file (6.5681ms)\n✖ CLI: end-to-end flow (77.9991ms)\nℹ tests 2\nℹ suites 0\nℹ pass 1\nℹ fail 1\nℹ cancelled 0\nℹ skipped 0\nℹ todo 0\nℹ duration_ms 139.1682\n\n✖ failing tests:\n\ntest at tests\\oracle.test.js:62:1\n✖ CLI: end-to-end flow (77.9991ms)\n  AssertionError [ERR_ASSERTION]: C:\\Users\\atrep\\Desktop\\Test_AI_Code\\shumilek\\projects\\bot_eval_run\\batch_1771710552064\\ts-todo-oracle_run_01\\workspace\\dist\\cli.js:36\n  const taskStore = new TaskStore(dataPath);\n                    ^\n  \n  ReferenceError: TaskStore is not defined\n      at Object.<anonymous> (C:\\Users\\atrep\\Desktop\\Test_AI_Code\\shumilek\\projects\\bot_eval_run\\batch_1771710552064\\ts-todo-oracle_run_01\\workspace\\dist\\cli.js:36:19)\n      at Module._compile (node:internal/modules/cjs/loader:1761:14)\n      at Object..js (node:internal/modules/cjs/loader:1893:10)\n      at Module.load (node:internal/modules/cjs/loader:1481:32)\n      at Module._load (node:internal/modules/cjs/loader:1300:12)\n      at TracingChannel.traceSync (node:diagnostics_channel:328:14)\n      at wrapModuleLoad (node:internal/modules/cjs/loader:245:24)\n      at Module.executeUserEntryPoint [as runMain] (node:internal/modules/run_main:154:5)\n      at node:internal/main/run_main_module:33:47\n  \n  Node.js v24.12.0\n  \n  \n  1 !== 0\n  \n      at TestContext.<anonymous> (C:\\Users\\atrep\\Desktop\\Test_AI_Code\\shumilek\\projects\\bot_eval_run\\batch_1771710552064\\ts-todo-oracle_run_01\\workspace\\tests\\oracle.test.js:74:10)\n      at Test.runInAsyncScope (node:async_hooks:214:14)\n      at Test.run (node:internal/test_runner/test:1106:25)\n      at Test.processPendingSubtests (node:internal/test_runner/test:788:18)\n      at Test.postRun (node:internal/test_runner/test:1235:19)\n      at Test.run (node:internal/test_runner/test:1163:12)\n      at async startSubtestAfterBootstrap (node:internal/test_runner/harness:358:3) {\n    generatedMessage: false,\n    code: 'ERR_ASSERTION',\n    actual: 1,\n    expected: 0,\n    operator: 'strictEqual',\n    diff: 'simple'\n  }\n",
      "stderr": ""
    },
    {
      "command": "node dist/cli.js --help",
      "cwd": "C:\\Users\\atrep\\Desktop\\Test_AI_Code\\shumilek\\projects\\bot_eval_run\\batch_1771710552064\\ts-todo-oracle_run_01\\workspace",
      "ok": true,
      "exitCode": 0,
      "timedOut": false,
      "durationMs": 60,
      "stdout": "Usage:\n  add <title> --data <path>\n  list --data <path>\n  done <id> --data <path>\n  remove <id> --data <path>\n",
      "stderr": ""
    }
  ]
}