{
  "ok": false,
  "diagnostics": [
    "Do not include dist/ in model output (generated by tsc)",
    "Command failed: node \"C:\\Users\\atrep\\Desktop\\Test_AI_Code\\shumilek\\node_modules\\typescript\\bin\\tsc\" -p tsconfig.json (exit=2, timedOut=false)",
    "Command failed: node --test tests/oracle.test.js (exit=1, timedOut=false)",
    "Command failed: node dist/cli.js --help (exit=1, timedOut=false)"
  ],
  "commands": [
    {
      "command": "node \"C:\\Users\\atrep\\Desktop\\Test_AI_Code\\shumilek\\node_modules\\typescript\\bin\\tsc\" -p tsconfig.json",
      "cwd": "C:\\Users\\atrep\\Desktop\\Test_AI_Code\\shumilek\\projects\\bot_eval_run\\batch_1770637451141\\ts-todo-oracle_run_02\\workspace",
      "ok": false,
      "exitCode": 2,
      "timedOut": false,
      "durationMs": 1143,
      "stdout": "src/cli.ts(1,15): error TS2451: Cannot redeclare block-scoped variable 'require'.\r\nsrc/cli.ts(2,15): error TS2451: Cannot redeclare block-scoped variable 'process'.\r\nsrc/cli.ts(3,7): error TS2451: Cannot redeclare block-scoped variable 'fs'.\r\nsrc/cli.ts(4,7): error TS2451: Cannot redeclare block-scoped variable 'path'.\r\nsrc/cli.ts(5,7): error TS2451: Cannot redeclare block-scoped variable 'crypto'.\r\nsrc/cli.ts(7,10): error TS2300: Duplicate identifier 'TaskStore'.\r\nsrc/cli.ts(9,6): error TS2300: Duplicate identifier 'Command'.\r\nsrc/cli.ts(11,15): error TS2451: Cannot redeclare block-scoped variable 'require'.\r\nsrc/cli.ts(12,15): error TS2451: Cannot redeclare block-scoped variable 'process'.\r\nsrc/cli.ts(13,7): error TS2451: Cannot redeclare block-scoped variable 'fs'.\r\nsrc/cli.ts(14,7): error TS2451: Cannot redeclare block-scoped variable 'path'.\r\nsrc/cli.ts(15,7): error TS2451: Cannot redeclare block-scoped variable 'crypto'.\r\nsrc/cli.ts(17,10): error TS2300: Duplicate identifier 'TaskStore'.\r\nsrc/cli.ts(19,6): error TS2300: Duplicate identifier 'Command'.\r\nsrc/cli.ts(21,15): error TS2451: Cannot redeclare block-scoped variable 'require'.\r\nsrc/cli.ts(22,15): error TS2451: Cannot redeclare block-scoped variable 'process'.\r\nsrc/cli.ts(23,7): error TS2451: Cannot redeclare block-scoped variable 'fs'.\r\nsrc/cli.ts(24,7): error TS2451: Cannot redeclare block-scoped variable 'path'.\r\nsrc/cli.ts(25,7): error TS2451: Cannot redeclare block-scoped variable 'crypto'.\r\nsrc/cli.ts(27,10): error TS2300: Duplicate identifier 'TaskStore'.\r\nsrc/cli.ts(29,6): error TS2300: Duplicate identifier 'Command'.\r\nsrc/cli.ts(82,54): error TS18046: 'error' is of type 'unknown'.\r\n",
      "stderr": ""
    },
    {
      "command": "node --test tests/oracle.test.js",
      "cwd": "C:\\Users\\atrep\\Desktop\\Test_AI_Code\\shumilek\\projects\\bot_eval_run\\batch_1770637451141\\ts-todo-oracle_run_02\\workspace",
      "ok": false,
      "exitCode": 1,
      "timedOut": false,
      "durationMs": 147,
      "stdout": "✔ TaskStore: CRUD persists to JSON file (6.0618ms)\n✖ CLI: end-to-end flow (36.3088ms)\nℹ tests 2\nℹ suites 0\nℹ pass 1\nℹ fail 1\nℹ cancelled 0\nℹ skipped 0\nℹ todo 0\nℹ duration_ms 93.9738\n\n✖ failing tests:\n\ntest at tests\\oracle.test.js:62:1\n✖ CLI: end-to-end flow (36.3088ms)\n  AssertionError [ERR_ASSERTION]: C:\\Users\\atrep\\Desktop\\Test_AI_Code\\shumilek\\projects\\bot_eval_run\\batch_1770637451141\\ts-todo-oracle_run_02\\workspace\\dist\\cli.js:7\n  const fs = require('node:fs');\n        ^\n  \n  SyntaxError: Identifier 'fs' has already been declared\n      at wrapSafe (node:internal/modules/cjs/loader:1692:18)\n      at Module._compile (node:internal/modules/cjs/loader:1735:20)\n      at Object..js (node:internal/modules/cjs/loader:1893:10)\n      at Module.load (node:internal/modules/cjs/loader:1481:32)\n      at Module._load (node:internal/modules/cjs/loader:1300:12)\n      at TracingChannel.traceSync (node:diagnostics_channel:328:14)\n      at wrapModuleLoad (node:internal/modules/cjs/loader:245:24)\n      at Module.executeUserEntryPoint [as runMain] (node:internal/modules/run_main:154:5)\n      at node:internal/main/run_main_module:33:47\n  \n  Node.js v24.12.0\n  \n  \n  1 !== 0\n  \n      at TestContext.<anonymous> (C:\\Users\\atrep\\Desktop\\Test_AI_Code\\shumilek\\projects\\bot_eval_run\\batch_1770637451141\\ts-todo-oracle_run_02\\workspace\\tests\\oracle.test.js:69:10)\n      at Test.runInAsyncScope (node:async_hooks:214:14)\n      at Test.run (node:internal/test_runner/test:1106:25)\n      at Test.processPendingSubtests (node:internal/test_runner/test:788:18)\n      at Test.postRun (node:internal/test_runner/test:1235:19)\n      at Test.run (node:internal/test_runner/test:1163:12)\n      at async startSubtestAfterBootstrap (node:internal/test_runner/harness:358:3) {\n    generatedMessage: false,\n    code: 'ERR_ASSERTION',\n    actual: 1,\n    expected: 0,\n    operator: 'strictEqual',\n    diff: 'simple'\n  }\n",
      "stderr": ""
    },
    {
      "command": "node dist/cli.js --help",
      "cwd": "C:\\Users\\atrep\\Desktop\\Test_AI_Code\\shumilek\\projects\\bot_eval_run\\batch_1770637451141\\ts-todo-oracle_run_02\\workspace",
      "ok": false,
      "exitCode": 1,
      "timedOut": false,
      "durationMs": 51,
      "stdout": "",
      "stderr": "C:\\Users\\atrep\\Desktop\\Test_AI_Code\\shumilek\\projects\\bot_eval_run\\batch_1770637451141\\ts-todo-oracle_run_02\\workspace\\dist\\cli.js:7\r\nconst fs = require('node:fs');\r\n      ^\r\n\r\nSyntaxError: Identifier 'fs' has already been declared\r\n    at wrapSafe (node:internal/modules/cjs/loader:1692:18)\r\n    at Module._compile (node:internal/modules/cjs/loader:1735:20)\r\n    at Object..js (node:internal/modules/cjs/loader:1893:10)\r\n    at Module.load (node:internal/modules/cjs/loader:1481:32)\r\n    at Module._load (node:internal/modules/cjs/loader:1300:12)\r\n    at TracingChannel.traceSync (node:diagnostics_channel:328:14)\r\n    at wrapModuleLoad (node:internal/modules/cjs/loader:245:24)\r\n    at Module.executeUserEntryPoint [as runMain] (node:internal/modules/run_main:154:5)\r\n    at node:internal/main/run_main_module:33:47\r\n\r\nNode.js v24.12.0\r\n"
    }
  ]
}