{
  "ok": false,
  "diagnostics": [
    "Missing required file: mini_ai/cli.py",
    "Command failed: python -m unittest discover -v -s tests -p \"test*.py\" (exit=1, timedOut=false)",
    "Command failed: python -m mini_ai.cli --help (exit=1, timedOut=false)"
  ],
  "commands": [
    {
      "command": "python -m compileall -q mini_ai tests",
      "cwd": "projects\\bot_eval_run\\run_1768553595715\\workspace",
      "ok": true,
      "exitCode": 0,
      "timedOut": false,
      "durationMs": 71,
      "stdout": "",
      "stderr": ""
    },
    {
      "command": "python -m unittest discover -v -s tests -p \"test*.py\"",
      "cwd": "projects\\bot_eval_run\\run_1768553595715\\workspace",
      "ok": false,
      "exitCode": 1,
      "timedOut": false,
      "durationMs": 62,
      "stdout": "",
      "stderr": "test_add_text (test_markov.TestMarkov.test_add_text) ... ok\r\ntest_generate_text (test_markov.TestMarkov.test_generate_text) ... ERROR\r\n\r\n======================================================================\r\nERROR: test_generate_text (test_markov.TestMarkov.test_generate_text)\r\n----------------------------------------------------------------------\r\nTraceback (most recent call last):\r\n  File \"C:\\Users\\atrep\\Desktop\\Test_AI_Code\\shumilek\\projects\\bot_eval_run\\run_1768553595715\\workspace\\tests\\test_markov.py\", line 15, in test_generate_text\r\n    generated_text = model.generate_text(10)\r\n                     ^^^^^^^^^^^^^^^^^^^^^^^\r\n  File \"C:\\Users\\atrep\\Desktop\\Test_AI_Code\\shumilek\\projects\\bot_eval_run\\run_1768553595715\\workspace\\mini_ai\\markov.py\", line 19, in generate_text\r\n    next_word = random.choice(self.chain[text[-1]])\r\n                              ~~~~~~~~~~^^^^^^^^^^\r\nKeyError: 'fifteen'\r\n\r\n----------------------------------------------------------------------\r\nRan 2 tests in 0.000s\r\n\r\nFAILED (errors=1)\r\n"
    },
    {
      "command": "python -m mini_ai.cli --help",
      "cwd": "projects\\bot_eval_run\\run_1768553595715\\workspace",
      "ok": false,
      "exitCode": 1,
      "timedOut": false,
      "durationMs": 41,
      "stdout": "",
      "stderr": "C:\\Users\\atrep\\AppData\\Local\\Programs\\Python\\Python312\\python.exe: No module named mini_ai.cli\r\n"
    }
  ]
}