{
  "ok": false,
  "diagnostics": [
    "Command failed: python -m compileall -q mini_ai tests (exit=1, timedOut=false)",
    "Command failed: python -m unittest discover -v -s tests -p \"test*.py\" (exit=1, timedOut=false)",
    "Command failed: python -m mini_ai.cli --help (exit=1, timedOut=false)",
    "Too few tests ran: 1 (expected >= 5)"
  ],
  "commands": [
    {
      "command": "python -m compileall -q mini_ai tests",
      "cwd": "C:\\Users\\atrep\\Desktop\\Test_AI_Code\\shumilek\\projects\\bot_eval_run\\batch_1770640212304\\python-ai-stdlib-oracle_run_01\\workspace",
      "ok": false,
      "exitCode": 1,
      "timedOut": false,
      "durationMs": 67,
      "stdout": "*** Error compiling 'mini_ai\\\\cli.py'...\r\nSorry: IndentationError: unexpected indent (cli.py, line 1)\r\n",
      "stderr": ""
    },
    {
      "command": "python -m unittest discover -v -s tests -p \"test*.py\"",
      "cwd": "C:\\Users\\atrep\\Desktop\\Test_AI_Code\\shumilek\\projects\\bot_eval_run\\batch_1770640212304\\python-ai-stdlib-oracle_run_01\\workspace",
      "ok": false,
      "exitCode": 1,
      "timedOut": false,
      "durationMs": 83,
      "stdout": "",
      "stderr": "test_oracle (unittest.loader._FailedTest.test_oracle) ... ERROR\r\n\r\n======================================================================\r\nERROR: test_oracle (unittest.loader._FailedTest.test_oracle)\r\n----------------------------------------------------------------------\r\nImportError: Failed to import test module: test_oracle\r\nTraceback (most recent call last):\r\n  File \"C:\\Users\\atrep\\AppData\\Local\\Programs\\Python\\Python312\\Lib\\unittest\\loader.py\", line 396, in _find_test_path\r\n    module = self._get_module_from_name(name)\r\n             ^^^^^^^^^^^^^^^^^^^^^^^^^^^^^^^^\r\n  File \"C:\\Users\\atrep\\AppData\\Local\\Programs\\Python\\Python312\\Lib\\unittest\\loader.py\", line 339, in _get_module_from_name\r\n    __import__(name)\r\n  File \"C:\\Users\\atrep\\Desktop\\Test_AI_Code\\shumilek\\projects\\bot_eval_run\\batch_1770640212304\\python-ai-stdlib-oracle_run_01\\workspace\\tests\\test_oracle.py\", line 9, in <module>\r\n    from mini_ai.cli import main\r\n  File \"C:\\Users\\atrep\\Desktop\\Test_AI_Code\\shumilek\\projects\\bot_eval_run\\batch_1770640212304\\python-ai-stdlib-oracle_run_01\\workspace\\mini_ai\\cli.py\", line 1\r\n    def generate(args):\r\nIndentationError: unexpected indent\r\n\r\n\r\n----------------------------------------------------------------------\r\nRan 1 test in 0.000s\r\n\r\nFAILED (errors=1)\r\n"
    },
    {
      "command": "python -m mini_ai.cli --help",
      "cwd": "C:\\Users\\atrep\\Desktop\\Test_AI_Code\\shumilek\\projects\\bot_eval_run\\batch_1770640212304\\python-ai-stdlib-oracle_run_01\\workspace",
      "ok": false,
      "exitCode": 1,
      "timedOut": false,
      "durationMs": 41,
      "stdout": "",
      "stderr": "Traceback (most recent call last):\r\n  File \"<frozen runpy>\", line 189, in _run_module_as_main\r\n  File \"<frozen runpy>\", line 159, in _get_module_details\r\n  File \"<frozen importlib._bootstrap_external>\", line 1133, in get_code\r\n  File \"<frozen importlib._bootstrap_external>\", line 1063, in source_to_code\r\n  File \"<frozen importlib._bootstrap>\", line 488, in _call_with_frames_removed\r\n  File \"C:\\Users\\atrep\\Desktop\\Test_AI_Code\\shumilek\\projects\\bot_eval_run\\batch_1770640212304\\python-ai-stdlib-oracle_run_01\\workspace\\mini_ai\\cli.py\", line 1\r\n    def generate(args):\r\nIndentationError: unexpected indent\r\n"
    }
  ]
}