✖ GET /health + GET /openapi.json (4.8749ms)
✖ Todo CRUD + persistence (0.4724ms)
ℹ tests 2
ℹ suites 0
ℹ pass 0
ℹ fail 2
ℹ cancelled 0
ℹ skipped 0
ℹ todo 0
ℹ duration_ms 45.9176

✖ failing tests:

test at tests\oracle.test.js:39:1
✖ GET /health + GET /openapi.json (4.8749ms)
  AssertionError [ERR_ASSERTION]: src/server.js must export createServer
  + actual - expected
  
  + 'undefined'
  - 'function'
  
      at startServer (C:\Users\atrep\Desktop\Test_AI_Code\shumilek\projects\bot_eval_run\run_1768578291168\workspace\tests\oracle.test.js:14:10)
      at TestContext.<anonymous> (C:\Users\atrep\Desktop\Test_AI_Code\shumilek\projects\bot_eval_run\run_1768578291168\workspace\tests\oracle.test.js:42:37)
      at Test.runInAsyncScope (node:async_hooks:214:14)
      at Test.run (node:internal/test_runner/test:1106:25)
      at Test.start (node:internal/test_runner/test:1003:17)
      at startSubtestAfterBootstrap (node:internal/test_runner/harness:358:17) {
    generatedMessage: false,
    code: 'ERR_ASSERTION',
    actual: 'undefined',
    expected: 'function',
    operator: 'strictEqual',
    diff: 'simple'
  }

test at tests\oracle.test.js:59:1
✖ Todo CRUD + persistence (0.4724ms)
  AssertionError [ERR_ASSERTION]: src/server.js must export createServer
  + actual - expected
  
  + 'undefined'
  - 'function'
  
      at startServer (C:\Users\atrep\Desktop\Test_AI_Code\shumilek\projects\bot_eval_run\run_1768578291168\workspace\tests\oracle.test.js:14:10)
      at TestContext.<anonymous> (C:\Users\atrep\Desktop\Test_AI_Code\shumilek\projects\bot_eval_run\run_1768578291168\workspace\tests\oracle.test.js:62:37)
      at Test.runInAsyncScope (node:async_hooks:214:14)
      at Test.run (node:internal/test_runner/test:1106:25)
      at Test.processPendingSubtests (node:internal/test_runner/test:788:18)
      at Test.postRun (node:internal/test_runner/test:1235:19)
      at Test.run (node:internal/test_runner/test:1163:12)
      at async startSubtestAfterBootstrap (node:internal/test_runner/harness:358:3) {
    generatedMessage: false,
    code: 'ERR_ASSERTION',
    actual: 'undefined',
    expected: 'function',
    operator: 'strictEqual',
    diff: 'simple'
  }
