{
  "outDir": "C:\\Users\\atrep\\Desktop\\Test_AI_Code\\shumilek\\projects\\bot_eval_run\\batch_1770640212304\\ts-todo-oracle_run_03",
  "workspaceDir": "C:\\Users\\atrep\\Desktop\\Test_AI_Code\\shumilek\\projects\\bot_eval_run\\batch_1770640212304\\ts-todo-oracle_run_03\\workspace",
  "ok": false,
  "diagnostics": [
    "Do not include dist/ in model output (generated by tsc)",
    "No dependencies allowed (dependencies/devDependencies must be empty or missing)",
    "Command failed: node \"C:\\Users\\atrep\\Desktop\\Test_AI_Code\\shumilek\\node_modules\\typescript\\bin\\tsc\" -p tsconfig.json (exit=2, timedOut=false)",
    "Command failed: node --test tests/oracle.test.js (exit=1, timedOut=false)",
    "Command failed: node dist/cli.js --help (exit=1, timedOut=false)"
  ],
  "commands": [
    {
      "command": "node \"C:\\Users\\atrep\\Desktop\\Test_AI_Code\\shumilek\\node_modules\\typescript\\bin\\tsc\" -p tsconfig.json",
      "cwd": "C:\\Users\\atrep\\Desktop\\Test_AI_Code\\shumilek\\projects\\bot_eval_run\\batch_1770640212304\\ts-todo-oracle_run_03\\workspace",
      "ok": false,
      "exitCode": 2,
      "timedOut": false,
      "durationMs": 1170,
      "stdout": "src/cli.ts(8,25): error TS1002: Unterminated string literal.\r\nsrc/cli.ts(9,3): error TS1005: ',' expected.\r\nsrc/cli.ts(9,36): error TS1005: ',' expected.\r\nsrc/cli.ts(9,38): error TS1005: ',' expected.\r\nsrc/cli.ts(10,3): error TS1005: ',' expected.\r\nsrc/cli.ts(10,10): error TS1005: ',' expected.\r\nsrc/cli.ts(10,34): error TS1005: ',' expected.\r\nsrc/cli.ts(10,38): error TS1005: ',' expected.\r\nsrc/cli.ts(11,3): error TS1005: ',' expected.\r\nsrc/cli.ts(11,35): error TS1005: ',' expected.\r\nsrc/cli.ts(11,37): error TS1005: ',' expected.\r\nsrc/cli.ts(12,3): error TS1005: ',' expected.\r\nsrc/cli.ts(12,37): error TS1005: ',' expected.\r\nsrc/cli.ts(12,39): error TS1005: ',' expected.\r\nsrc/cli.ts(12,43): error TS1005: ',' expected.\r\nsrc/cli.ts(12,46): error TS1002: Unterminated string literal.\r\nsrc/cli.ts(13,3): error TS1005: ',' expected.\r\nsrc/cli.ts(13,18): error TS1005: ')' expected.\r\n",
      "stderr": ""
    },
    {
      "command": "node --test tests/oracle.test.js",
      "cwd": "C:\\Users\\atrep\\Desktop\\Test_AI_Code\\shumilek\\projects\\bot_eval_run\\batch_1770640212304\\ts-todo-oracle_run_03\\workspace",
      "ok": false,
      "exitCode": 1,
      "timedOut": false,
      "durationMs": 155,
      "stdout": "✖ TaskStore: CRUD persists to JSON file (4.2256ms)\n✖ CLI: end-to-end flow (37.7779ms)\nℹ tests 2\nℹ suites 0\nℹ pass 0\nℹ fail 2\nℹ cancelled 0\nℹ skipped 0\nℹ todo 0\nℹ duration_ms 95.3528\n\n✖ failing tests:\n\ntest at tests\\oracle.test.js:26:1\n✖ TaskStore: CRUD persists to JSON file (4.2256ms)\n  TypeError: (0 , node_crypto_1.v4) is not a function\n      at TaskStore.add (C:\\Users\\atrep\\Desktop\\Test_AI_Code\\shumilek\\projects\\bot_eval_run\\batch_1770640212304\\ts-todo-oracle_run_03\\workspace\\dist\\store.js:25:38)\n      at TestContext.<anonymous> (C:\\Users\\atrep\\Desktop\\Test_AI_Code\\shumilek\\projects\\bot_eval_run\\batch_1770640212304\\ts-todo-oracle_run_03\\workspace\\tests\\oracle.test.js:37:20)\n      at Test.runInAsyncScope (node:async_hooks:214:14)\n      at Test.run (node:internal/test_runner/test:1106:25)\n      at Test.start (node:internal/test_runner/test:1003:17)\n      at startSubtestAfterBootstrap (node:internal/test_runner/harness:358:17)\n\ntest at tests\\oracle.test.js:62:1\n✖ CLI: end-to-end flow (37.7779ms)\n  AssertionError [ERR_ASSERTION]: C:\\Users\\atrep\\Desktop\\Test_AI_Code\\shumilek\\projects\\bot_eval_run\\batch_1770640212304\\ts-todo-oracle_run_03\\workspace\\dist\\cli.js:12\n      console.log('Commands:, add < title > --data < path > Add, a, new task, list--, data < path > List, all, tasks, done < id > --data < path > Mark, a, task, remove < id > --data < path > Remove, a, task, ');, node_process_1.default.exit(0));\n                                                                                                                                                                                                                   ^\n  \n  SyntaxError: Unexpected token ','\n      at wrapSafe (node:internal/modules/cjs/loader:1692:18)\n      at Module._compile (node:internal/modules/cjs/loader:1735:20)\n      at Object..js (node:internal/modules/cjs/loader:1893:10)\n      at Module.load (node:internal/modules/cjs/loader:1481:32)\n      at Module._load (node:internal/modules/cjs/loader:1300:12)\n      at TracingChannel.traceSync (node:diagnostics_channel:328:14)\n      at wrapModuleLoad (node:internal/modules/cjs/loader:245:24)\n      at Module.executeUserEntryPoint [as runMain] (node:internal/modules/run_main:154:5)\n      at node:internal/main/run_main_module:33:47\n  \n  Node.js v24.12.0\n  \n  \n  1 !== 0\n  \n      at TestContext.<anonymous> (C:\\Users\\atrep\\Desktop\\Test_AI_Code\\shumilek\\projects\\bot_eval_run\\batch_1770640212304\\ts-todo-oracle_run_03\\workspace\\tests\\oracle.test.js:69:10)\n      at Test.runInAsyncScope (node:async_hooks:214:14)\n      at Test.run (node:internal/test_runner/test:1106:25)\n      at Test.processPendingSubtests (node:internal/test_runner/test:788:18)\n      at Test.postRun (node:internal/test_runner/test:1235:19)\n      at Test.run (node:internal/test_runner/test:1163:12)\n      at async startSubtestAfterBootstrap (node:internal/test_runner/harness:358:3) {\n    generatedMessage: false,\n    code: 'ERR_ASSERTION',\n    actual: 1,\n    expected: 0,\n    operator: 'strictEqual',\n    diff: 'simple'\n  }\n",
      "stderr": ""
    },
    {
      "command": "node dist/cli.js --help",
      "cwd": "C:\\Users\\atrep\\Desktop\\Test_AI_Code\\shumilek\\projects\\bot_eval_run\\batch_1770640212304\\ts-todo-oracle_run_03\\workspace",
      "ok": false,
      "exitCode": 1,
      "timedOut": false,
      "durationMs": 52,
      "stdout": "",
      "stderr": "C:\\Users\\atrep\\Desktop\\Test_AI_Code\\shumilek\\projects\\bot_eval_run\\batch_1770640212304\\ts-todo-oracle_run_03\\workspace\\dist\\cli.js:12\r\n    console.log('Commands:, add < title > --data < path > Add, a, new task, list--, data < path > List, all, tasks, done < id > --data < path > Mark, a, task, remove < id > --data < path > Remove, a, task, ');, node_process_1.default.exit(0));\r\n                                                                                                                                                                                                                 ^\r\n\r\nSyntaxError: Unexpected token ','\r\n    at wrapSafe (node:internal/modules/cjs/loader:1692:18)\r\n    at Module._compile (node:internal/modules/cjs/loader:1735:20)\r\n    at Object..js (node:internal/modules/cjs/loader:1893:10)\r\n    at Module.load (node:internal/modules/cjs/loader:1481:32)\r\n    at Module._load (node:internal/modules/cjs/loader:1300:12)\r\n    at TracingChannel.traceSync (node:diagnostics_channel:328:14)\r\n    at wrapModuleLoad (node:internal/modules/cjs/loader:245:24)\r\n    at Module.executeUserEntryPoint [as runMain] (node:internal/modules/run_main:154:5)\r\n    at node:internal/main/run_main_module:33:47\r\n\r\nNode.js v24.12.0\r\n"
    }
  ]
}