{
  "ok": false,
  "diagnostics": [
    "Missing required file: openapi.json",
    "Invalid openapi.json: ENOENT: no such file or directory, open 'C:\\Users\\atrep\\Desktop\\Test_AI_Code\\shumilek\\projects\\bot_eval_run\\batch_1770640212304\\node-api-oracle_run_02\\workspace\\openapi.json'",
    "Command failed: node --test tests/oracle.test.js (exit=1, timedOut=false)"
  ],
  "commands": [
    {
      "command": "node --test tests/oracle.test.js",
      "cwd": "C:\\Users\\atrep\\Desktop\\Test_AI_Code\\shumilek\\projects\\bot_eval_run\\batch_1770640212304\\node-api-oracle_run_02\\workspace",
      "ok": false,
      "exitCode": 1,
      "timedOut": false,
      "durationMs": 109,
      "stdout": "✖ GET /health + GET /openapi.json (4.8471ms)\n✖ Todo CRUD + persistence (0.5559ms)\nℹ tests 2\nℹ suites 0\nℹ pass 0\nℹ fail 2\nℹ cancelled 0\nℹ skipped 0\nℹ todo 0\nℹ duration_ms 55.4145\n\n✖ failing tests:\n\ntest at tests\\oracle.test.js:39:1\n✖ GET /health + GET /openapi.json (4.8471ms)\n  AssertionError [ERR_ASSERTION]: src/server.js must export createServer\n  + actual - expected\n  \n  + 'undefined'\n  - 'function'\n  \n      at startServer (C:\\Users\\atrep\\Desktop\\Test_AI_Code\\shumilek\\projects\\bot_eval_run\\batch_1770640212304\\node-api-oracle_run_02\\workspace\\tests\\oracle.test.js:14:10)\n      at TestContext.<anonymous> (C:\\Users\\atrep\\Desktop\\Test_AI_Code\\shumilek\\projects\\bot_eval_run\\batch_1770640212304\\node-api-oracle_run_02\\workspace\\tests\\oracle.test.js:42:37)\n      at Test.runInAsyncScope (node:async_hooks:214:14)\n      at Test.run (node:internal/test_runner/test:1106:25)\n      at Test.start (node:internal/test_runner/test:1003:17)\n      at startSubtestAfterBootstrap (node:internal/test_runner/harness:358:17) {\n    generatedMessage: false,\n    code: 'ERR_ASSERTION',\n    actual: 'undefined',\n    expected: 'function',\n    operator: 'strictEqual',\n    diff: 'simple'\n  }\n\ntest at tests\\oracle.test.js:59:1\n✖ Todo CRUD + persistence (0.5559ms)\n  AssertionError [ERR_ASSERTION]: src/server.js must export createServer\n  + actual - expected\n  \n  + 'undefined'\n  - 'function'\n  \n      at startServer (C:\\Users\\atrep\\Desktop\\Test_AI_Code\\shumilek\\projects\\bot_eval_run\\batch_1770640212304\\node-api-oracle_run_02\\workspace\\tests\\oracle.test.js:14:10)\n      at TestContext.<anonymous> (C:\\Users\\atrep\\Desktop\\Test_AI_Code\\shumilek\\projects\\bot_eval_run\\batch_1770640212304\\node-api-oracle_run_02\\workspace\\tests\\oracle.test.js:62:37)\n      at Test.runInAsyncScope (node:async_hooks:214:14)\n      at Test.run (node:internal/test_runner/test:1106:25)\n      at Test.processPendingSubtests (node:internal/test_runner/test:788:18)\n      at Test.postRun (node:internal/test_runner/test:1235:19)\n      at Test.run (node:internal/test_runner/test:1163:12)\n      at async startSubtestAfterBootstrap (node:internal/test_runner/harness:358:3) {\n    generatedMessage: false,\n    code: 'ERR_ASSERTION',\n    actual: 'undefined',\n    expected: 'function',\n    operator: 'strictEqual',\n    diff: 'simple'\n  }\n",
      "stderr": ""
    }
  ]
}