{
  "ok": false,
  "diagnostics": [
    "Command failed: python -m unittest discover -v -s tests -p \"test*.py\" (exit=1, timedOut=false)",
    "Command failed: python -m mini_ai.cli --help (exit=1, timedOut=false)"
  ],
  "commands": [
    {
      "command": "python -m compileall -q mini_ai tests",
      "cwd": "projects\\bot_eval_run\\run_1768561139405\\workspace",
      "ok": true,
      "exitCode": 0,
      "timedOut": false,
      "durationMs": 93,
      "stdout": "",
      "stderr": ""
    },
    {
      "command": "python -m unittest discover -v -s tests -p \"test*.py\"",
      "cwd": "projects\\bot_eval_run\\run_1768561139405\\workspace",
      "ok": false,
      "exitCode": 1,
      "timedOut": false,
      "durationMs": 71,
      "stdout": "",
      "stderr": "test_generate_text_empty_model (test_markov_chain.TestMarkovChain.test_generate_text_empty_model) ... ok\r\ntest_generate_text_length (test_markov_chain.TestMarkovChain.test_generate_text_length) ... ok\r\ntest_generate_text_simple_case (test_markov_chain.TestMarkovChain.test_generate_text_simple_case) ... ok\r\ntest_generate_text_single_char_model (test_markov_chain.TestMarkovChain.test_generate_text_single_char_model) ... ERROR\r\ntest_train_model_empty_string (test_markov_chain.TestMarkovChain.test_train_model_empty_string) ... ok\r\ntest_train_model_simple_case (test_markov_chain.TestMarkovChain.test_train_model_simple_case) ... FAIL\r\ntest_train_model_single_char (test_markov_chain.TestMarkovChain.test_train_model_single_char) ... ERROR\r\n\r\n======================================================================\r\nERROR: test_generate_text_single_char_model (test_markov_chain.TestMarkovChain.test_generate_text_single_char_model)\r\n----------------------------------------------------------------------\r\nTraceback (most recent call last):\r\n  File \"C:\\Users\\atrep\\Desktop\\Test_AI_Code\\shumilek\\projects\\bot_eval_run\\run_1768561139405\\workspace\\tests\\test_markov_chain.py\", line 28, in test_generate_text_single_char_model\r\n    model = {'a': defaultdict(int)}\r\n                  ^^^^^^^^^^^\r\nNameError: name 'defaultdict' is not defined\r\n\r\n======================================================================\r\nERROR: test_train_model_single_char (test_markov_chain.TestMarkovChain.test_train_model_single_char)\r\n----------------------------------------------------------------------\r\nTraceback (most recent call last):\r\n  File \"C:\\Users\\atrep\\Desktop\\Test_AI_Code\\shumilek\\projects\\bot_eval_run\\run_1768561139405\\workspace\\tests\\test_markov_chain.py\", line 11, in test_train_model_single_char\r\n    self.assertEqual(model, {'a': defaultdict(int)})\r\n                                  ^^^^^^^^^^^\r\nNameError: name 'defaultdict' is not defined\r\n\r\n======================================================================\r\nFAIL: test_train_model_simple_case (test_markov_chain.TestMarkovChain.test_train_model_simple_case)\r\n----------------------------------------------------------------------\r\nTraceback (most recent call last):\r\n  File \"C:\\Users\\atrep\\Desktop\\Test_AI_Code\\shumilek\\projects\\bot_eval_run\\run_1768561139405\\workspace\\tests\\test_markov_chain.py\", line 21, in test_train_model_simple_case\r\n    self.assertEqual(model, expected_model)\r\nAssertionError: {'a': defaultdict(<class 'int'>, {'b': 2}), 'b'[77 chars] 1})} != {'a': {'b': 2}, 'b': {'c': 2}, 'c': {'a': 2}}\r\n+ {'a': {'b': 2}, 'b': {'c': 2}, 'c': {'a': 2}}\r\n- {'a': defaultdict(<class 'int'>, {'b': 2}),\r\n-  'b': defaultdict(<class 'int'>, {'c': 2}),\r\n-  'c': defaultdict(<class 'int'>, {'a': 1})}\r\n\r\n----------------------------------------------------------------------\r\nRan 7 tests in 0.002s\r\n\r\nFAILED (failures=1, errors=2)\r\n"
    },
    {
      "command": "python -m mini_ai.cli --help",
      "cwd": "projects\\bot_eval_run\\run_1768561139405\\workspace",
      "ok": false,
      "exitCode": 1,
      "timedOut": false,
      "durationMs": 41,
      "stdout": "Unknown command: --help\r\n",
      "stderr": ""
    }
  ]
}