{
  "ok": false,
  "diagnostics": [
    "Command failed: node \"C:\\Users\\atrep\\Desktop\\Test_AI_Code\\shumilek\\node_modules\\typescript\\bin\\tsc\" -p tsconfig.json (exit=2, timedOut=false)",
    "Command failed: node --test tests/oracle.test.js (exit=1, timedOut=false)"
  ],
  "commands": [
    {
      "command": "node \"C:\\Users\\atrep\\Desktop\\Test_AI_Code\\shumilek\\node_modules\\typescript\\bin\\tsc\" -p tsconfig.json",
      "cwd": "projects\\bot_eval_run\\run_1768567806806\\workspace",
      "ok": false,
      "exitCode": 2,
      "timedOut": false,
      "durationMs": 971,
      "stdout": "src/cli.ts(22,38): error TS7006: Parameter 'arg' implicitly has an 'any' type.\r\nsrc/cli.ts(35,39): error TS7006: Parameter 'arg' implicitly has an 'any' type.\r\nsrc/cli.ts(43,40): error TS7006: Parameter 'arg' implicitly has an 'any' type.\r\nsrc/cli.ts(51,42): error TS7006: Parameter 'arg' implicitly has an 'any' type.\r\n",
      "stderr": ""
    },
    {
      "command": "node --test tests/oracle.test.js",
      "cwd": "projects\\bot_eval_run\\run_1768567806806\\workspace",
      "ok": false,
      "exitCode": 1,
      "timedOut": false,
      "durationMs": 172,
      "stdout": "✔ TaskStore: CRUD persists to JSON file (14.0743ms)\n✖ CLI: end-to-end flow (66.9584ms)\nℹ tests 2\nℹ suites 0\nℹ pass 1\nℹ fail 1\nℹ cancelled 0\nℹ skipped 0\nℹ todo 0\nℹ duration_ms 125.2221\n\n✖ failing tests:\n\ntest at tests\\oracle.test.js:62:1\n✖ CLI: end-to-end flow (66.9584ms)\n  AssertionError [ERR_ASSERTION]: Missing --data option\n  \n  \n  1 !== 0\n  \n      at TestContext.<anonymous> (C:\\Users\\atrep\\Desktop\\Test_AI_Code\\shumilek\\projects\\bot_eval_run\\run_1768567806806\\workspace\\tests\\oracle.test.js:74:10)\n      at Test.runInAsyncScope (node:async_hooks:214:14)\n      at Test.run (node:internal/test_runner/test:1106:25)\n      at Test.processPendingSubtests (node:internal/test_runner/test:788:18)\n      at Test.postRun (node:internal/test_runner/test:1235:19)\n      at Test.run (node:internal/test_runner/test:1163:12)\n      at async startSubtestAfterBootstrap (node:internal/test_runner/harness:358:3) {\n    generatedMessage: false,\n    code: 'ERR_ASSERTION',\n    actual: 1,\n    expected: 0,\n    operator: 'strictEqual',\n    diff: 'simple'\n  }\n",
      "stderr": ""
    },
    {
      "command": "node dist/cli.js --help",
      "cwd": "projects\\bot_eval_run\\run_1768567806806\\workspace",
      "ok": true,
      "exitCode": 0,
      "timedOut": false,
      "durationMs": 47,
      "stdout": "Usage:\n  node dist/cli.js --help\n  node dist/cli.js list --data <path>\n  node dist/cli.js add <title> --data <path>\n  node dist/cli.js done <id> --data <path>\n  node dist/cli.js remove <id> --data <path>\n",
      "stderr": ""
    }
  ]
}