{
  "ok": false,
  "diagnostics": [
    "Command failed: python -m compileall -q mini_ai tests (exit=1, timedOut=false)",
    "Command failed: python -m unittest discover -v -s tests -p \"test*.py\" (exit=1, timedOut=false)",
    "Command failed: python -m mini_ai.cli --help (exit=1, timedOut=false)",
    "Too few tests ran: 1 (expected >= 5)"
  ],
  "commands": [
    {
      "command": "python -m compileall -q mini_ai tests",
      "cwd": "projects\\bot_eval_run\\run_1768562046358\\workspace",
      "ok": false,
      "exitCode": 1,
      "timedOut": false,
      "durationMs": 81,
      "stdout": "*** Error compiling 'mini_ai\\\\markov.py'...\r\n  File \"mini_ai\\markov.py\", line 45\r\n    mc.transitions = defaultdict(lambda: defaultdict(int), d[\"transitions\"\\u4e0d\\u5f97\\u4e0d\\u8bf4\\uff0c\\u8fd9\\u786e\\u5b9e\\u662f\\u4e00\\u4e2a\\u6311\\u6218\\uff0c\\u4f46\\u4e5f\\u662f\\u4e00\\u4e2a\\u5b66\\u4e60\\u548c\\u63d0\\u9ad8\\u7f16\\u7a0b\\u6280\\u80fd\\u7684\\u597d\\u673a\\u4f1a\\u3002\\u5e0c\\u671b\\u8fd9\\u4e2a\\u5b9e\\u73b0\\u80fd\\u591f\\u6ee1\\u8db3\\u4f60\\u7684\\u9700\\u6c42\\uff0c\\u5e76\\u4e14\\u80fd\\u591f\\u5728\\u5b9e\\u8df5\\u4e2d\\u5e94\\u7528\\u548c\\u6539\\u8fdb\\u3002\\u5982\\u679c\\u8fd8\\u6709\\u5176\\u4ed6\\u95ee\\u9898\\u6216\\u9700\\u8981\\u8fdb\\u4e00\\u6b65\\u7684\\u5e2e\\u52a9\\uff0c\\u8bf7\\u968f\\u65f6\\u544a\\u8bc9\\u6211\\uff01\"])\r\n                                                                              ^\r\nSyntaxError: invalid character '\\uff0c' (U+FF0C)\r\n\r\n",
      "stderr": ""
    },
    {
      "command": "python -m unittest discover -v -s tests -p \"test*.py\"",
      "cwd": "projects\\bot_eval_run\\run_1768562046358\\workspace",
      "ok": false,
      "exitCode": 1,
      "timedOut": false,
      "durationMs": 64,
      "stdout": "",
      "stderr": "test_oracle (unittest.loader._FailedTest.test_oracle) ... ERROR\r\n\r\n======================================================================\r\nERROR: test_oracle (unittest.loader._FailedTest.test_oracle)\r\n----------------------------------------------------------------------\r\nImportError: Failed to import test module: test_oracle\r\nTraceback (most recent call last):\r\n  File \"C:\\Users\\atrep\\AppData\\Local\\Programs\\Python\\Python312\\Lib\\unittest\\loader.py\", line 396, in _find_test_path\r\n    module = self._get_module_from_name(name)\r\n             ^^^^^^^^^^^^^^^^^^^^^^^^^^^^^^^^\r\n  File \"C:\\Users\\atrep\\AppData\\Local\\Programs\\Python\\Python312\\Lib\\unittest\\loader.py\", line 339, in _get_module_from_name\r\n    __import__(name)\r\n  File \"C:\\Users\\atrep\\Desktop\\Test_AI_Code\\shumilek\\projects\\bot_eval_run\\run_1768562046358\\workspace\\tests\\test_oracle.py\", line 8, in <module>\r\n    from mini_ai.markov import MarkovChain\r\n  File \"C:\\Users\\atrep\\Desktop\\Test_AI_Code\\shumilek\\projects\\bot_eval_run\\run_1768562046358\\workspace\\mini_ai\\__init__.py\", line 1, in <module>\r\n    from .markov import MarkovChain\r\n  File \"C:\\Users\\atrep\\Desktop\\Test_AI_Code\\shumilek\\projects\\bot_eval_run\\run_1768562046358\\workspace\\mini_ai\\markov.py\", line 45\r\n    mc.transitions = defaultdict(lambda: defaultdict(int), d[\"transitions\"\\u4e0d\\u5f97\\u4e0d\\u8bf4\\uff0c\\u8fd9\\u786e\\u5b9e\\u662f\\u4e00\\u4e2a\\u6311\\u6218\\uff0c\\u4f46\\u4e5f\\u662f\\u4e00\\u4e2a\\u5b66\\u4e60\\u548c\\u63d0\\u9ad8\\u7f16\\u7a0b\\u6280\\u80fd\\u7684\\u597d\\u673a\\u4f1a\\u3002\\u5e0c\\u671b\\u8fd9\\u4e2a\\u5b9e\\u73b0\\u80fd\\u591f\\u6ee1\\u8db3\\u4f60\\u7684\\u9700\\u6c42\\uff0c\\u5e76\\u4e14\\u80fd\\u591f\\u5728\\u5b9e\\u8df5\\u4e2d\\u5e94\\u7528\\u548c\\u6539\\u8fdb\\u3002\\u5982\\u679c\\u8fd8\\u6709\\u5176\\u4ed6\\u95ee\\u9898\\u6216\\u9700\\u8981\\u8fdb\\u4e00\\u6b65\\u7684\\u5e2e\\u52a9\\uff0c\\u8bf7\\u968f\\u65f6\\u544a\\u8bc9\\u6211\\uff01\"])\r\n                                                                              ^\r\nSyntaxError: invalid character '\\uff0c' (U+FF0C)\r\n\r\n\r\n----------------------------------------------------------------------\r\nRan 1 test in 0.000s\r\n\r\nFAILED (errors=1)\r\n"
    },
    {
      "command": "python -m mini_ai.cli --help",
      "cwd": "projects\\bot_eval_run\\run_1768562046358\\workspace",
      "ok": false,
      "exitCode": 1,
      "timedOut": false,
      "durationMs": 34,
      "stdout": "",
      "stderr": "Traceback (most recent call last):\r\n  File \"<frozen runpy>\", line 189, in _run_module_as_main\r\n  File \"<frozen runpy>\", line 112, in _get_module_details\r\n  File \"C:\\Users\\atrep\\Desktop\\Test_AI_Code\\shumilek\\projects\\bot_eval_run\\run_1768562046358\\workspace\\mini_ai\\__init__.py\", line 1, in <module>\r\n    from .markov import MarkovChain\r\n  File \"C:\\Users\\atrep\\Desktop\\Test_AI_Code\\shumilek\\projects\\bot_eval_run\\run_1768562046358\\workspace\\mini_ai\\markov.py\", line 45\r\n    mc.transitions = defaultdict(lambda: defaultdict(int), d[\"transitions\"\\u4e0d\\u5f97\\u4e0d\\u8bf4\\uff0c\\u8fd9\\u786e\\u5b9e\\u662f\\u4e00\\u4e2a\\u6311\\u6218\\uff0c\\u4f46\\u4e5f\\u662f\\u4e00\\u4e2a\\u5b66\\u4e60\\u548c\\u63d0\\u9ad8\\u7f16\\u7a0b\\u6280\\u80fd\\u7684\\u597d\\u673a\\u4f1a\\u3002\\u5e0c\\u671b\\u8fd9\\u4e2a\\u5b9e\\u73b0\\u80fd\\u591f\\u6ee1\\u8db3\\u4f60\\u7684\\u9700\\u6c42\\uff0c\\u5e76\\u4e14\\u80fd\\u591f\\u5728\\u5b9e\\u8df5\\u4e2d\\u5e94\\u7528\\u548c\\u6539\\u8fdb\\u3002\\u5982\\u679c\\u8fd8\\u6709\\u5176\\u4ed6\\u95ee\\u9898\\u6216\\u9700\\u8981\\u8fdb\\u4e00\\u6b65\\u7684\\u5e2e\\u52a9\\uff0c\\u8bf7\\u968f\\u65f6\\u544a\\u8bc9\\u6211\\uff01\"])\r\n                                                                              ^\r\nSyntaxError: invalid character '\\uff0c' (U+FF0C)\r\n"
    }
  ]
}