{
  "ok": false,
  "diagnostics": [
    "Command failed: python -m unittest discover -v -s tests -p \"test*.py\" (exit=1, timedOut=false)"
  ],
  "commands": [
    {
      "command": "python -m compileall -q mini_ai tests",
      "cwd": "C:\\Users\\atrep\\Desktop\\Test_AI_Code\\shumilek\\projects\\bot_eval_run\\batch_1770640212304\\python-ai-stdlib-oracle_run_01\\workspace",
      "ok": true,
      "exitCode": 0,
      "timedOut": false,
      "durationMs": 64,
      "stdout": "",
      "stderr": ""
    },
    {
      "command": "python -m unittest discover -v -s tests -p \"test*.py\"",
      "cwd": "C:\\Users\\atrep\\Desktop\\Test_AI_Code\\shumilek\\projects\\bot_eval_run\\batch_1770640212304\\python-ai-stdlib-oracle_run_01\\workspace",
      "ok": false,
      "exitCode": 1,
      "timedOut": false,
      "durationMs": 76,
      "stdout": "",
      "stderr": "test_train_and_generate_smoke (test_oracle.TestCliOracle.test_train_and_generate_smoke) ... ERROR\r\ntest_generate_deterministic (test_oracle.TestMarkovOracle.test_generate_deterministic) ... ok\r\ntest_order_validation (test_oracle.TestMarkovOracle.test_order_validation) ... FAIL\r\ntest_round_trip_serialization (test_oracle.TestMarkovOracle.test_round_trip_serialization) ... ERROR\r\ntest_train_and_to_dict (test_oracle.TestMarkovOracle.test_train_and_to_dict) ... FAIL\r\n\r\n======================================================================\r\nERROR: test_train_and_generate_smoke (test_oracle.TestCliOracle.test_train_and_generate_smoke)\r\n----------------------------------------------------------------------\r\nTraceback (most recent call last):\r\n  File \"C:\\Users\\atrep\\Desktop\\Test_AI_Code\\shumilek\\projects\\bot_eval_run\\batch_1770640212304\\python-ai-stdlib-oracle_run_01\\workspace\\tests\\test_oracle.py\", line 53, in test_train_and_generate_smoke\r\n    rc = main([\"train\", \"--input\", input_path, \"--model-out\", model_path, \"--order\", \"1\"])\r\n         ^^^^^^^^^^^^^^^^^^^^^^^^^^^^^^^^^^^^^^^^^^^^^^^^^^^^^^^^^^^^^^^^^^^^^^^^^^^^^^^^^\r\n  File \"C:\\Users\\atrep\\Desktop\\Test_AI_Code\\shumilek\\projects\\bot_eval_run\\batch_1770640212304\\python-ai-stdlib-oracle_run_01\\workspace\\mini_ai\\cli.py\", line 23, in main\r\n    return args.func(args) if hasattr(args, \"func\") else 0\r\n           ^^^^^^^^^^^^^^^\r\n  File \"C:\\Users\\atrep\\Desktop\\Test_AI_Code\\shumilek\\projects\\bot_eval_run\\batch_1770640212304\\python-ai-stdlib-oracle_run_01\\workspace\\mini_ai\\cli.py\", line 31, in train\r\n    json.dump(mc.to_dict(), f)\r\n  File \"C:\\Users\\atrep\\AppData\\Local\\Programs\\Python\\Python312\\Lib\\json\\__init__.py\", line 179, in dump\r\n    for chunk in iterable:\r\n                 ^^^^^^^^\r\n  File \"C:\\Users\\atrep\\AppData\\Local\\Programs\\Python\\Python312\\Lib\\json\\encoder.py\", line 432, in _iterencode\r\n    yield from _iterencode_dict(o, _current_indent_level)\r\n  File \"C:\\Users\\atrep\\AppData\\Local\\Programs\\Python\\Python312\\Lib\\json\\encoder.py\", line 406, in _iterencode_dict\r\n    yield from chunks\r\n  File \"C:\\Users\\atrep\\AppData\\Local\\Programs\\Python\\Python312\\Lib\\json\\encoder.py\", line 377, in _iterencode_dict\r\n    raise TypeError(f'keys must be str, int, float, bool or None, '\r\nTypeError: keys must be str, int, float, bool or None, not tuple\r\n\r\n======================================================================\r\nERROR: test_round_trip_serialization (test_oracle.TestMarkovOracle.test_round_trip_serialization)\r\n----------------------------------------------------------------------\r\nTraceback (most recent call last):\r\n  File \"C:\\Users\\atrep\\Desktop\\Test_AI_Code\\shumilek\\projects\\bot_eval_run\\batch_1770640212304\\python-ai-stdlib-oracle_run_01\\workspace\\tests\\test_oracle.py\", line 34, in test_round_trip_serialization\r\n    self.assertEqual(d1[\"transitions\"], d2[\"transitions\"])\r\n                     ~~^^^^^^^^^^^^^^^\r\nKeyError: 'transitions'\r\n\r\n======================================================================\r\nFAIL: test_order_validation (test_oracle.TestMarkovOracle.test_order_validation)\r\n----------------------------------------------------------------------\r\nTraceback (most recent call last):\r\n  File \"C:\\Users\\atrep\\Desktop\\Test_AI_Code\\shumilek\\projects\\bot_eval_run\\batch_1770640212304\\python-ai-stdlib-oracle_run_01\\workspace\\tests\\test_oracle.py\", line 14, in test_order_validation\r\n    with self.assertRaises(ValueError):\r\n         ^^^^^^^^^^^^^^^^^^^^^^^^^^^^^\r\nAssertionError: ValueError not raised\r\n\r\n======================================================================\r\nFAIL: test_train_and_to_dict (test_oracle.TestMarkovOracle.test_train_and_to_dict)\r\n----------------------------------------------------------------------\r\nTraceback (most recent call last):\r\n  File \"C:\\Users\\atrep\\Desktop\\Test_AI_Code\\shumilek\\projects\\bot_eval_run\\batch_1770640212304\\python-ai-stdlib-oracle_run_01\\workspace\\tests\\test_oracle.py\", line 22, in test_train_and_to_dict\r\n    self.assertIn(\"transitions\", d)\r\nAssertionError: 'transitions' not found in {'order': 1, 'chain': {('a',): ['b'], ('b',): ['a']}}\r\n\r\n----------------------------------------------------------------------\r\nRan 5 tests in 0.006s\r\n\r\nFAILED (failures=2, errors=2)\r\n"
    },
    {
      "command": "python -m mini_ai.cli --help",
      "cwd": "C:\\Users\\atrep\\Desktop\\Test_AI_Code\\shumilek\\projects\\bot_eval_run\\batch_1770640212304\\python-ai-stdlib-oracle_run_01\\workspace",
      "ok": true,
      "exitCode": 0,
      "timedOut": false,
      "durationMs": 48,
      "stdout": "",
      "stderr": "<frozen runpy>:128: RuntimeWarning: 'mini_ai.cli' found in sys.modules after import of package 'mini_ai', but prior to execution of 'mini_ai.cli'; this may result in unpredictable behaviour\r\n"
    }
  ]
}