{
  "outDir": "C:\\Users\\atrep\\Desktop\\Test_AI_Code\\shumilek\\projects\\bot_eval_run\\batch_1771709242645\\ts-todo-oracle_run_01",
  "workspaceDir": "C:\\Users\\atrep\\Desktop\\Test_AI_Code\\shumilek\\projects\\bot_eval_run\\batch_1771709242645\\ts-todo-oracle_run_01\\workspace",
  "parseStats": {
    "plannerFailures": 0,
    "schemaFailures": 0,
    "jsonRepairFailures": 0,
    "parseFailures": 1
  },
  "ok": false,
  "diagnostics": [
    "Do not include dist/ in model output (generated by tsc)",
    "Command failed: node \"C:\\Users\\atrep\\Desktop\\Test_AI_Code\\shumilek\\node_modules\\typescript\\bin\\tsc\" -p tsconfig.json (exit=2, timedOut=false)",
    "Command failed: node --test tests/oracle.test.js (exit=1, timedOut=false)"
  ],
  "commands": [
    {
      "command": "node \"C:\\Users\\atrep\\Desktop\\Test_AI_Code\\shumilek\\node_modules\\typescript\\bin\\tsc\" -p tsconfig.json",
      "cwd": "C:\\Users\\atrep\\Desktop\\Test_AI_Code\\shumilek\\projects\\bot_eval_run\\batch_1771709242645\\ts-todo-oracle_run_01\\workspace",
      "ok": false,
      "exitCode": 2,
      "timedOut": false,
      "durationMs": 1195,
      "stdout": "../../../../../node_modules/@types/node/globals.d.ts(3,13): error TS2451: Cannot redeclare block-scoped variable 'process'.\r\n../../../../../node_modules/@types/node/module.d.ts(525,13): error TS2451: Cannot redeclare block-scoped variable 'require'.\r\n../../../../../node_modules/@types/node/process.d.ts(122,13): error TS2451: Cannot redeclare block-scoped variable 'process'.\r\nsrc/cli.ts(1,15): error TS2451: Cannot redeclare block-scoped variable 'require'.\r\nsrc/cli.ts(2,15): error TS2451: Cannot redeclare block-scoped variable 'process'.\r\nsrc/store.ts(11,11): error TS18046: 'error' is of type 'unknown'.\r\n",
      "stderr": ""
    },
    {
      "command": "node --test tests/oracle.test.js",
      "cwd": "C:\\Users\\atrep\\Desktop\\Test_AI_Code\\shumilek\\projects\\bot_eval_run\\batch_1771709242645\\ts-todo-oracle_run_01\\workspace",
      "ok": false,
      "exitCode": 1,
      "timedOut": false,
      "durationMs": 190,
      "stdout": "✖ TaskStore: CRUD persists to JSON file (1.8326ms)\n✖ CLI: end-to-end flow (76.3574ms)\nℹ tests 2\nℹ suites 0\nℹ pass 0\nℹ fail 2\nℹ cancelled 0\nℹ skipped 0\nℹ todo 0\nℹ duration_ms 132.0965\n\n✖ failing tests:\n\ntest at tests\\oracle.test.js:26:1\n✖ TaskStore: CRUD persists to JSON file (1.8326ms)\n  ReferenceError: fs is not defined\n      at TaskStore.list (C:\\Users\\atrep\\Desktop\\Test_AI_Code\\shumilek\\projects\\bot_eval_run\\batch_1771709242645\\ts-todo-oracle_run_01\\workspace\\dist\\store.js:11:26)\n      at TestContext.<anonymous> (C:\\Users\\atrep\\Desktop\\Test_AI_Code\\shumilek\\projects\\bot_eval_run\\batch_1771709242645\\ts-todo-oracle_run_01\\workspace\\tests\\oracle.test.js:35:26)\n      at Test.runInAsyncScope (node:async_hooks:214:14)\n      at Test.run (node:internal/test_runner/test:1106:25)\n      at Test.start (node:internal/test_runner/test:1003:17)\n      at startSubtestAfterBootstrap (node:internal/test_runner/harness:358:17)\n\ntest at tests\\oracle.test.js:62:1\n✖ CLI: end-to-end flow (76.3574ms)\n  AssertionError [ERR_ASSERTION]: {\"ok\":false,\"error\":\"fs is not defined\"}\n  \n  \n  1 !== 0\n  \n      at TestContext.<anonymous> (C:\\Users\\atrep\\Desktop\\Test_AI_Code\\shumilek\\projects\\bot_eval_run\\batch_1771709242645\\ts-todo-oracle_run_01\\workspace\\tests\\oracle.test.js:74:10)\n      at Test.runInAsyncScope (node:async_hooks:214:14)\n      at Test.run (node:internal/test_runner/test:1106:25)\n      at Test.processPendingSubtests (node:internal/test_runner/test:788:18)\n      at Test.postRun (node:internal/test_runner/test:1235:19)\n      at Test.run (node:internal/test_runner/test:1163:12)\n      at async startSubtestAfterBootstrap (node:internal/test_runner/harness:358:3) {\n    generatedMessage: false,\n    code: 'ERR_ASSERTION',\n    actual: 1,\n    expected: 0,\n    operator: 'strictEqual',\n    diff: 'simple'\n  }\n",
      "stderr": ""
    },
    {
      "command": "node dist/cli.js --help",
      "cwd": "C:\\Users\\atrep\\Desktop\\Test_AI_Code\\shumilek\\projects\\bot_eval_run\\batch_1771709242645\\ts-todo-oracle_run_01\\workspace",
      "ok": true,
      "exitCode": 0,
      "timedOut": false,
      "durationMs": 57,
      "stdout": "\nUsage:\n  add <title> --data <path>\n  list --data <path>\n  done <id> --data <path>\n  remove <id> --data <path>\n  --help\n\n",
      "stderr": ""
    }
  ]
}