{
  "ok": false,
  "diagnostics": [
    "Missing required file: src/cli.ts",
    "README.md missing basic usage (add/list)",
    "No dependencies allowed (dependencies/devDependencies must be empty or missing)",
    "Command failed: node --test tests/oracle.test.js (exit=1, timedOut=false)",
    "Command failed: node dist/cli.js --help (exit=1, timedOut=false)",
    "dist/cli.js missing: ensure src/cli.ts compiles to dist/cli.js"
  ],
  "commands": [
    {
      "command": "node \"C:\\Users\\atrep\\Desktop\\Test_AI_Code\\shumilek\\node_modules\\typescript\\bin\\tsc\" -p tsconfig.json",
      "cwd": "C:\\Users\\atrep\\Desktop\\Test_AI_Code\\shumilek\\projects\\bot_eval_run\\batch_1771702303613\\ts-todo-oracle_run_01\\workspace",
      "ok": true,
      "exitCode": 0,
      "timedOut": false,
      "durationMs": 1188,
      "stdout": "",
      "stderr": ""
    },
    {
      "command": "node --test tests/oracle.test.js",
      "cwd": "C:\\Users\\atrep\\Desktop\\Test_AI_Code\\shumilek\\projects\\bot_eval_run\\batch_1771702303613\\ts-todo-oracle_run_01\\workspace",
      "ok": false,
      "exitCode": 1,
      "timedOut": false,
      "durationMs": 163,
      "stdout": "✖ TaskStore: CRUD persists to JSON file (5.3781ms)\n✖ CLI: end-to-end flow (36.8968ms)\nℹ tests 2\nℹ suites 0\nℹ pass 0\nℹ fail 2\nℹ cancelled 0\nℹ skipped 0\nℹ todo 0\nℹ duration_ms 97.7922\n\n✖ failing tests:\n\ntest at tests\\oracle.test.js:26:1\n✖ TaskStore: CRUD persists to JSON file (5.3781ms)\n  AssertionError [ERR_ASSERTION]: Expected values to be strictly equal:\n  + actual - expected\n  \n  + undefined\n  - false\n  \n      at TestContext.<anonymous> (C:\\Users\\atrep\\Desktop\\Test_AI_Code\\shumilek\\projects\\bot_eval_run\\batch_1771702303613\\ts-todo-oracle_run_01\\workspace\\tests\\oracle.test.js:41:10)\n      at Test.runInAsyncScope (node:async_hooks:214:14)\n      at Test.run (node:internal/test_runner/test:1106:25)\n      at Test.start (node:internal/test_runner/test:1003:17)\n      at startSubtestAfterBootstrap (node:internal/test_runner/harness:358:17) {\n    generatedMessage: true,\n    code: 'ERR_ASSERTION',\n    actual: undefined,\n    expected: false,\n    operator: 'strictEqual',\n    diff: 'simple'\n  }\n\ntest at tests\\oracle.test.js:62:1\n✖ CLI: end-to-end flow (36.8968ms)\n  AssertionError [ERR_ASSERTION]: node:internal/modules/cjs/loader:1424\n    throw err;\n    ^\n  \n  Error: Cannot find module 'C:\\Users\\atrep\\Desktop\\Test_AI_Code\\shumilek\\projects\\bot_eval_run\\batch_1771702303613\\ts-todo-oracle_run_01\\workspace\\dist\\cli.js'\n      at Module._resolveFilename (node:internal/modules/cjs/loader:1421:15)\n      at defaultResolveImpl (node:internal/modules/cjs/loader:1059:19)\n      at resolveForCJSWithHooks (node:internal/modules/cjs/loader:1064:22)\n      at Module._load (node:internal/modules/cjs/loader:1227:37)\n      at TracingChannel.traceSync (node:diagnostics_channel:328:14)\n      at wrapModuleLoad (node:internal/modules/cjs/loader:245:24)\n      at Module.executeUserEntryPoint [as runMain] (node:internal/modules/run_main:154:5)\n      at node:internal/main/run_main_module:33:47 {\n    code: 'MODULE_NOT_FOUND',\n    requireStack: []\n  }\n  \n  Node.js v24.12.0\n  \n  \n  1 !== 0\n  \n      at TestContext.<anonymous> (C:\\Users\\atrep\\Desktop\\Test_AI_Code\\shumilek\\projects\\bot_eval_run\\batch_1771702303613\\ts-todo-oracle_run_01\\workspace\\tests\\oracle.test.js:69:10)\n      at Test.runInAsyncScope (node:async_hooks:214:14)\n      at Test.run (node:internal/test_runner/test:1106:25)\n      at Test.processPendingSubtests (node:internal/test_runner/test:788:18)\n      at Test.postRun (node:internal/test_runner/test:1235:19)\n      at Test.run (node:internal/test_runner/test:1163:12)\n      at async startSubtestAfterBootstrap (node:internal/test_runner/harness:358:3) {\n    generatedMessage: false,\n    code: 'ERR_ASSERTION',\n    actual: 1,\n    expected: 0,\n    operator: 'strictEqual',\n    diff: 'simple'\n  }\n",
      "stderr": ""
    },
    {
      "command": "node dist/cli.js --help",
      "cwd": "C:\\Users\\atrep\\Desktop\\Test_AI_Code\\shumilek\\projects\\bot_eval_run\\batch_1771702303613\\ts-todo-oracle_run_01\\workspace",
      "ok": false,
      "exitCode": 1,
      "timedOut": false,
      "durationMs": 58,
      "stdout": "",
      "stderr": "node:internal/modules/cjs/loader:1424\r\n  throw err;\r\n  ^\r\n\r\nError: Cannot find module 'C:\\Users\\atrep\\Desktop\\Test_AI_Code\\shumilek\\projects\\bot_eval_run\\batch_1771702303613\\ts-todo-oracle_run_01\\workspace\\dist\\cli.js'\r\n    at Module._resolveFilename (node:internal/modules/cjs/loader:1421:15)\r\n    at defaultResolveImpl (node:internal/modules/cjs/loader:1059:19)\r\n    at resolveForCJSWithHooks (node:internal/modules/cjs/loader:1064:22)\r\n    at Module._load (node:internal/modules/cjs/loader:1227:37)\r\n    at TracingChannel.traceSync (node:diagnostics_channel:328:14)\r\n    at wrapModuleLoad (node:internal/modules/cjs/loader:245:24)\r\n    at Module.executeUserEntryPoint [as runMain] (node:internal/modules/run_main:154:5)\r\n    at node:internal/main/run_main_module:33:47 {\r\n  code: 'MODULE_NOT_FOUND',\r\n  requireStack: []\r\n}\r\n\r\nNode.js v24.12.0\r\n"
    }
  ]
}