{
  "ok": false,
  "diagnostics": [
    "Do not include dist/ in model output (generated by tsc)",
    "Command failed: node \"C:\\Users\\atrep\\Desktop\\Test_AI_Code\\shumilek\\node_modules\\typescript\\bin\\tsc\" -p tsconfig.json (exit=2, timedOut=false)",
    "Command failed: node --test tests/oracle.test.js (exit=1, timedOut=false)",
    "Command failed: node dist/cli.js --help (exit=1, timedOut=false)"
  ],
  "commands": [
    {
      "command": "node \"C:\\Users\\atrep\\Desktop\\Test_AI_Code\\shumilek\\node_modules\\typescript\\bin\\tsc\" -p tsconfig.json",
      "cwd": "C:\\Users\\atrep\\Desktop\\Test_AI_Code\\shumilek\\projects\\bot_eval_run\\batch_1770637451141\\ts-todo-oracle_run_01\\workspace",
      "ok": false,
      "exitCode": 2,
      "timedOut": false,
      "durationMs": 1183,
      "stdout": "../../../../../node_modules/@types/node/globals.d.ts(3,13): error TS2451: Cannot redeclare block-scoped variable 'process'.\r\n../../../../../node_modules/@types/node/module.d.ts(525,13): error TS2451: Cannot redeclare block-scoped variable 'require'.\r\n../../../../../node_modules/@types/node/process.d.ts(122,13): error TS2451: Cannot redeclare block-scoped variable 'process'.\r\nsrc/cli.ts(3,15): error TS2451: Cannot redeclare block-scoped variable 'require'.\r\nsrc/cli.ts(5,7): error TS2451: Cannot redeclare block-scoped variable 'process'.\r\nsrc/cli.ts(45,56): error TS18046: 'error' is of type 'unknown'.\r\nsrc/cli.ts(59,56): error TS18046: 'error' is of type 'unknown'.\r\nsrc/cli.ts(73,56): error TS18046: 'error' is of type 'unknown'.\r\nsrc/cli.ts(87,56): error TS18046: 'error' is of type 'unknown'.\r\n",
      "stderr": ""
    },
    {
      "command": "node --test tests/oracle.test.js",
      "cwd": "C:\\Users\\atrep\\Desktop\\Test_AI_Code\\shumilek\\projects\\bot_eval_run\\batch_1770637451141\\ts-todo-oracle_run_01\\workspace",
      "ok": false,
      "exitCode": 1,
      "timedOut": false,
      "durationMs": 156,
      "stdout": "✔ TaskStore: CRUD persists to JSON file (6.1205ms)\n✖ CLI: end-to-end flow (39.505ms)\nℹ tests 2\nℹ suites 0\nℹ pass 1\nℹ fail 1\nℹ cancelled 0\nℹ skipped 0\nℹ todo 0\nℹ duration_ms 99.4647\n\n✖ failing tests:\n\ntest at tests\\oracle.test.js:62:1\n✖ CLI: end-to-end flow (39.505ms)\n  AssertionError [ERR_ASSERTION]: Missing --data argument\n  \n  \n  1 !== 0\n  \n      at TestContext.<anonymous> (C:\\Users\\atrep\\Desktop\\Test_AI_Code\\shumilek\\projects\\bot_eval_run\\batch_1770637451141\\ts-todo-oracle_run_01\\workspace\\tests\\oracle.test.js:69:10)\n      at Test.runInAsyncScope (node:async_hooks:214:14)\n      at Test.run (node:internal/test_runner/test:1106:25)\n      at Test.processPendingSubtests (node:internal/test_runner/test:788:18)\n      at Test.postRun (node:internal/test_runner/test:1235:19)\n      at Test.run (node:internal/test_runner/test:1163:12)\n      at async startSubtestAfterBootstrap (node:internal/test_runner/harness:358:3) {\n    generatedMessage: false,\n    code: 'ERR_ASSERTION',\n    actual: 1,\n    expected: 0,\n    operator: 'strictEqual',\n    diff: 'simple'\n  }\n",
      "stderr": ""
    },
    {
      "command": "node dist/cli.js --help",
      "cwd": "C:\\Users\\atrep\\Desktop\\Test_AI_Code\\shumilek\\projects\\bot_eval_run\\batch_1770637451141\\ts-todo-oracle_run_01\\workspace",
      "ok": false,
      "exitCode": 1,
      "timedOut": false,
      "durationMs": 56,
      "stdout": "",
      "stderr": "Missing --data argument\n"
    }
  ]
}