{
  "ok": false,
  "diagnostics": [
    "Command failed: python -m compileall -q mini_ai tests (exit=1, timedOut=false)",
    "Command failed: python -m unittest discover -v -s tests -p \"test*.py\" (exit=1, timedOut=false)",
    "Command failed: python -m mini_ai.cli --help (exit=1, timedOut=false)",
    "Too few tests ran: 1 (expected >= 5)"
  ],
  "commands": [
    {
      "command": "python -m compileall -q mini_ai tests",
      "cwd": "C:\\Users\\atrep\\Desktop\\Test_AI_Code\\shumilek\\projects\\bot_eval_run\\batch_1770643297744\\python-ai-stdlib-oracle_run_01\\workspace",
      "ok": false,
      "exitCode": 1,
      "timedOut": false,
      "durationMs": 65,
      "stdout": "*** Error compiling 'mini_ai\\\\markov.py'...\r\n  File \"mini_ai\\markov.py\", line 24\r\n    context = random.choice([c for c in self.transitions for c])\r\n                                                              ^\r\nSyntaxError: invalid syntax\r\n\r\n",
      "stderr": ""
    },
    {
      "command": "python -m unittest discover -v -s tests -p \"test*.py\"",
      "cwd": "C:\\Users\\atrep\\Desktop\\Test_AI_Code\\shumilek\\projects\\bot_eval_run\\batch_1770643297744\\python-ai-stdlib-oracle_run_01\\workspace",
      "ok": false,
      "exitCode": 1,
      "timedOut": false,
      "durationMs": 71,
      "stdout": "",
      "stderr": "test_oracle (unittest.loader._FailedTest.test_oracle) ... ERROR\r\n\r\n======================================================================\r\nERROR: test_oracle (unittest.loader._FailedTest.test_oracle)\r\n----------------------------------------------------------------------\r\nImportError: Failed to import test module: test_oracle\r\nTraceback (most recent call last):\r\n  File \"C:\\Users\\atrep\\AppData\\Local\\Programs\\Python\\Python312\\Lib\\unittest\\loader.py\", line 396, in _find_test_path\r\n    module = self._get_module_from_name(name)\r\n             ^^^^^^^^^^^^^^^^^^^^^^^^^^^^^^^^\r\n  File \"C:\\Users\\atrep\\AppData\\Local\\Programs\\Python\\Python312\\Lib\\unittest\\loader.py\", line 339, in _get_module_from_name\r\n    __import__(name)\r\n  File \"C:\\Users\\atrep\\Desktop\\Test_AI_Code\\shumilek\\projects\\bot_eval_run\\batch_1770643297744\\python-ai-stdlib-oracle_run_01\\workspace\\tests\\test_oracle.py\", line 8, in <module>\r\n    from mini_ai.markov import MarkovChain\r\n  File \"C:\\Users\\atrep\\Desktop\\Test_AI_Code\\shumilek\\projects\\bot_eval_run\\batch_1770643297744\\python-ai-stdlib-oracle_run_01\\workspace\\mini_ai\\markov.py\", line 24\r\n    context = random.choice([c for c in self.transitions for c])\r\n                                                              ^\r\nSyntaxError: invalid syntax\r\n\r\n\r\n----------------------------------------------------------------------\r\nRan 1 test in 0.000s\r\n\r\nFAILED (errors=1)\r\n"
    },
    {
      "command": "python -m mini_ai.cli --help",
      "cwd": "C:\\Users\\atrep\\Desktop\\Test_AI_Code\\shumilek\\projects\\bot_eval_run\\batch_1770643297744\\python-ai-stdlib-oracle_run_01\\workspace",
      "ok": false,
      "exitCode": 1,
      "timedOut": false,
      "durationMs": 51,
      "stdout": "",
      "stderr": "Traceback (most recent call last):\r\n  File \"<frozen runpy>\", line 198, in _run_module_as_main\r\n  File \"<frozen runpy>\", line 88, in _run_code\r\n  File \"C:\\Users\\atrep\\Desktop\\Test_AI_Code\\shumilek\\projects\\bot_eval_run\\batch_1770643297744\\python-ai-stdlib-oracle_run_01\\workspace\\mini_ai\\cli.py\", line 3, in <module>\r\n    from mini_ai.markov import MarkovChain\r\n  File \"C:\\Users\\atrep\\Desktop\\Test_AI_Code\\shumilek\\projects\\bot_eval_run\\batch_1770643297744\\python-ai-stdlib-oracle_run_01\\workspace\\mini_ai\\markov.py\", line 24\r\n    context = random.choice([c for c in self.transitions for c])\r\n                                                              ^\r\nSyntaxError: invalid syntax\r\n"
    }
  ]
}