{
  "ok": false,
  "diagnostics": [
    "Command failed: python -m unittest discover -v -s tests -p \"test*.py\" (exit=1, timedOut=false)"
  ],
  "commands": [
    {
      "command": "python -m compileall -q mini_ai tests",
      "cwd": "C:\\Users\\atrep\\Desktop\\Test_AI_Code\\shumilek\\projects\\bot_eval_run\\debug_schema_first_all_sanity\\python-ai-stdlib-oracle_run_01\\workspace",
      "ok": true,
      "exitCode": 0,
      "timedOut": false,
      "durationMs": 114,
      "stdout": "",
      "stderr": ""
    },
    {
      "command": "python -m unittest discover -v -s tests -p \"test*.py\"",
      "cwd": "C:\\Users\\atrep\\Desktop\\Test_AI_Code\\shumilek\\projects\\bot_eval_run\\debug_schema_first_all_sanity\\python-ai-stdlib-oracle_run_01\\workspace",
      "ok": false,
      "exitCode": 1,
      "timedOut": false,
      "durationMs": 96,
      "stdout": "",
      "stderr": "test_train_and_generate_smoke (test_oracle.TestCliOracle.test_train_and_generate_smoke) ... FAIL\r\ntest_generate_deterministic (test_oracle.TestMarkovOracle.test_generate_deterministic) ... FAIL\r\ntest_order_validation (test_oracle.TestMarkovOracle.test_order_validation) ... ok\r\ntest_round_trip_serialization (test_oracle.TestMarkovOracle.test_round_trip_serialization) ... ok\r\ntest_train_and_to_dict (test_oracle.TestMarkovOracle.test_train_and_to_dict) ... ok\r\n\r\n======================================================================\r\nFAIL: test_train_and_generate_smoke (test_oracle.TestCliOracle.test_train_and_generate_smoke)\r\n----------------------------------------------------------------------\r\nTraceback (most recent call last):\r\n  File \"C:\\Users\\atrep\\Desktop\\Test_AI_Code\\shumilek\\projects\\bot_eval_run\\debug_schema_first_all_sanity\\python-ai-stdlib-oracle_run_01\\workspace\\tests\\test_oracle.py\", line 67, in test_train_and_generate_smoke\r\n    self.assertEqual(len(generated), 12)\r\nAssertionError: 1 != 12\r\n\r\n======================================================================\r\nFAIL: test_generate_deterministic (test_oracle.TestMarkovOracle.test_generate_deterministic)\r\n----------------------------------------------------------------------\r\nTraceback (most recent call last):\r\n  File \"C:\\Users\\atrep\\Desktop\\Test_AI_Code\\shumilek\\projects\\bot_eval_run\\debug_schema_first_all_sanity\\python-ai-stdlib-oracle_run_01\\workspace\\tests\\test_oracle.py\", line 40, in test_generate_deterministic\r\n    self.assertEqual(len(out), 10)\r\nAssertionError: 1 != 10\r\n\r\n----------------------------------------------------------------------\r\nRan 5 tests in 0.006s\r\n\r\nFAILED (failures=2)\r\n"
    },
    {
      "command": "python -m mini_ai.cli --help",
      "cwd": "C:\\Users\\atrep\\Desktop\\Test_AI_Code\\shumilek\\projects\\bot_eval_run\\debug_schema_first_all_sanity\\python-ai-stdlib-oracle_run_01\\workspace",
      "ok": true,
      "exitCode": 0,
      "timedOut": false,
      "durationMs": 63,
      "stdout": "usage: cli.py [-h] {train,generate} ...\r\n\r\nCharacter-level Markov chain generator.\r\n\r\npositional arguments:\r\n  {train,generate}\r\n\r\noptions:\r\n  -h, --help        show this help message and exit\r\n",
      "stderr": ""
    }
  ]
}