{
  "outDir": "C:\\Users\\atrep\\Desktop\\Test_AI_Code\\shumilek\\projects\\bot_eval_run\\debug_ts_ab_without_planner",
  "workspaceDir": "C:\\Users\\atrep\\Desktop\\Test_AI_Code\\shumilek\\projects\\bot_eval_run\\debug_ts_ab_without_planner\\workspace",
  "deterministicFallback": {
    "mode": "off",
    "tsTodo": {
      "activations": 0,
      "recoveries": 0,
      "targetedActivations": 0,
      "targetedRecoveries": 0,
      "canonicalActivations": 0,
      "canonicalRecoveries": 0,
      "rawPasses": 0,
      "rawFailures": 1,
      "recoveredByFallback": 0
    },
    "nodeApi": {
      "activations": 0,
      "recoveries": 0,
      "targetedActivations": 0,
      "targetedRecoveries": 0,
      "canonicalActivations": 0,
      "canonicalRecoveries": 0,
      "rawPasses": 0,
      "rawFailures": 0,
      "recoveredByFallback": 0
    },
    "totalActivations": 0,
    "totalRecoveries": 0,
    "totalTargetedActivations": 0,
    "totalTargetedRecoveries": 0,
    "totalCanonicalActivations": 0,
    "totalCanonicalRecoveries": 0,
    "totalRawPasses": 0,
    "totalRawFailures": 1,
    "totalRecoveredByFallback": 0,
    "fallbackDependencyRate": 0
  },
  "reliability": {
    "rawPasses": 0,
    "rawFailures": 1,
    "recoveredByFallback": 0,
    "fallbackDependencyRate": 0
  },
  "parseStats": {
    "plannerFailures": 0,
    "schemaFailures": 0,
    "jsonRepairFailures": 0,
    "parseFailures": 0,
    "jsonParseFailures": 0,
    "placeholderFailures": 0,
    "otherFailures": 0
  },
  "ok": false,
  "diagnostics": [
    "Command failed: node --test tests/oracle.test.js (exit=1, timedOut=false)",
    "Command failed: node dist/cli.js --help (exit=1, timedOut=false)"
  ],
  "commands": [
    {
      "command": "node \"C:\\Users\\atrep\\Desktop\\Test_AI_Code\\shumilek\\node_modules\\typescript\\bin\\tsc\" -p tsconfig.json",
      "cwd": "projects\\bot_eval_run\\debug_ts_ab_without_planner\\workspace",
      "ok": true,
      "exitCode": 0,
      "timedOut": false,
      "durationMs": 1478,
      "stdout": "",
      "stderr": ""
    },
    {
      "command": "node --test tests/oracle.test.js",
      "cwd": "projects\\bot_eval_run\\debug_ts_ab_without_planner\\workspace",
      "ok": false,
      "exitCode": 1,
      "timedOut": false,
      "durationMs": 256,
      "stdout": "✖ TaskStore: CRUD persists to JSON file (13.1906ms)\n✖ CLI: end-to-end flow (63.1478ms)\nℹ tests 2\nℹ suites 0\nℹ pass 0\nℹ fail 2\nℹ cancelled 0\nℹ skipped 0\nℹ todo 0\nℹ duration_ms 157.8305\n\n✖ failing tests:\n\ntest at tests\\oracle.test.js:26:1\n✖ TaskStore: CRUD persists to JSON file (13.1906ms)\n  AssertionError [ERR_ASSERTION]: The expression evaluated to a falsy value:\n  \n    assert.ok(Array.isArray(persisted.tasks))\n  \n      at TestContext.<anonymous> (C:\\Users\\atrep\\Desktop\\Test_AI_Code\\shumilek\\projects\\bot_eval_run\\debug_ts_ab_without_planner\\workspace\\tests\\oracle.test.js:59:10)\n      at Test.runInAsyncScope (node:async_hooks:214:14)\n      at Test.run (node:internal/test_runner/test:1106:25)\n      at Test.start (node:internal/test_runner/test:1003:17)\n      at startSubtestAfterBootstrap (node:internal/test_runner/harness:358:17) {\n    generatedMessage: true,\n    code: 'ERR_ASSERTION',\n    actual: false,\n    expected: true,\n    operator: '==',\n    diff: 'simple'\n  }\n\ntest at tests\\oracle.test.js:62:1\n✖ CLI: end-to-end flow (63.1478ms)\n  AssertionError [ERR_ASSERTION]: Missing --data option\n  \n  \n  1 !== 0\n  \n      at TestContext.<anonymous> (C:\\Users\\atrep\\Desktop\\Test_AI_Code\\shumilek\\projects\\bot_eval_run\\debug_ts_ab_without_planner\\workspace\\tests\\oracle.test.js:69:10)\n      at Test.runInAsyncScope (node:async_hooks:214:14)\n      at Test.run (node:internal/test_runner/test:1106:25)\n      at Test.processPendingSubtests (node:internal/test_runner/test:788:18)\n      at Test.postRun (node:internal/test_runner/test:1235:19)\n      at Test.run (node:internal/test_runner/test:1163:12)\n      at async startSubtestAfterBootstrap (node:internal/test_runner/harness:358:3) {\n    generatedMessage: false,\n    code: 'ERR_ASSERTION',\n    actual: 1,\n    expected: 0,\n    operator: 'strictEqual',\n    diff: 'simple'\n  }\n",
      "stderr": ""
    },
    {
      "command": "node dist/cli.js --help",
      "cwd": "projects\\bot_eval_run\\debug_ts_ab_without_planner\\workspace",
      "ok": false,
      "exitCode": 1,
      "timedOut": false,
      "durationMs": 93,
      "stdout": "",
      "stderr": "Missing --data option\n"
    }
  ]
}