{
  "ok": false,
  "diagnostics": [
    "Command failed: python -m unittest discover -v -s tests -p \"test*.py\" (exit=1, timedOut=false)",
    "Command failed: python -m mini_ai.cli --help (exit=1, timedOut=false)"
  ],
  "commands": [
    {
      "command": "python -m compileall -q mini_ai tests",
      "cwd": "projects\\bot_eval_run\\run_1768561139405\\workspace",
      "ok": true,
      "exitCode": 0,
      "timedOut": false,
      "durationMs": 78,
      "stdout": "",
      "stderr": ""
    },
    {
      "command": "python -m unittest discover -v -s tests -p \"test*.py\"",
      "cwd": "projects\\bot_eval_run\\run_1768561139405\\workspace",
      "ok": false,
      "exitCode": 1,
      "timedOut": false,
      "durationMs": 69,
      "stdout": "",
      "stderr": "test_generate_text_simple_case (test_markov_chain.TestMarkovChain.test_generate_text_simple_case) ... ERROR\r\ntest_generate_text_single_char_model (test_markov_chain.TestMarkovChain.test_generate_text_single_char_model) ... ERROR\r\ntest_train_model_simple_case (test_markov_chain.TestMarkovChain.test_train_model_simple_case) ... ERROR\r\ntest_train_model_single_char (test_markov_chain.TestMarkovChain.test_train_model_single_char) ... ERROR\r\n\r\n======================================================================\r\nERROR: test_generate_text_simple_case (test_markov_chain.TestMarkovChain.test_generate_text_simple_case)\r\n----------------------------------------------------------------------\r\nTraceback (most recent call last):\r\n  File \"C:\\Users\\atrep\\Desktop\\Test_AI_Code\\shumilek\\projects\\bot_eval_run\\run_1768561139405\\workspace\\tests\\test_markov_chain.py\", line 29, in test_generate_text_simple_case\r\n    json.dump({\r\n    ^^^^\r\nNameError: name 'json' is not defined. Did you forget to import 'json'\r\n\r\n======================================================================\r\nERROR: test_generate_text_single_char_model (test_markov_chain.TestMarkovChain.test_generate_text_single_char_model)\r\n----------------------------------------------------------------------\r\nTraceback (most recent call last):\r\n  File \"C:\\Users\\atrep\\Desktop\\Test_AI_Code\\shumilek\\projects\\bot_eval_run\\run_1768561139405\\workspace\\tests\\test_markov_chain.py\", line 22, in test_generate_text_single_char_model\r\n    json.dump({'a': defaultdict(int)}, f)\r\n    ^^^^\r\nNameError: name 'json' is not defined. Did you forget to import 'json'\r\n\r\n======================================================================\r\nERROR: test_train_model_simple_case (test_markov_chain.TestMarkovChain.test_train_model_simple_case)\r\n----------------------------------------------------------------------\r\nTraceback (most recent call last):\r\n  File \"C:\\Users\\atrep\\Desktop\\Test_AI_Code\\shumilek\\projects\\bot_eval_run\\run_1768561139405\\workspace\\tests\\test_markov_chain.py\", line 11, in test_train_model_simple_case\r\n    model = train_model('tests/input_simple.txt')\r\n            ^^^^^^^^^^^^^^^^^^^^^^^^^^^^^^^^^^^^^\r\n  File \"C:\\Users\\atrep\\Desktop\\Test_AI_Code\\shumilek\\projects\\bot_eval_run\\run_1768561139405\\workspace\\mini_ai\\cli.py\", line 7, in train_model\r\n    with open(input_file, 'r') as f:\r\n         ^^^^^^^^^^^^^^^^^^^^^\r\nFileNotFoundError: [Errno 2] No such file or directory: 'tests/input_simple.txt'\r\n\r\n======================================================================\r\nERROR: test_train_model_single_char (test_markov_chain.TestMarkovChain.test_train_model_single_char)\r\n----------------------------------------------------------------------\r\nTraceback (most recent call last):\r\n  File \"C:\\Users\\atrep\\Desktop\\Test_AI_Code\\shumilek\\projects\\bot_eval_run\\run_1768561139405\\workspace\\tests\\test_markov_chain.py\", line 6, in test_train_model_single_char\r\n    model = train_model('tests/input_single_char.txt')\r\n            ^^^^^^^^^^^^^^^^^^^^^^^^^^^^^^^^^^^^^^^^^^\r\n  File \"C:\\Users\\atrep\\Desktop\\Test_AI_Code\\shumilek\\projects\\bot_eval_run\\run_1768561139405\\workspace\\mini_ai\\cli.py\", line 7, in train_model\r\n    with open(input_file, 'r') as f:\r\n         ^^^^^^^^^^^^^^^^^^^^^\r\nFileNotFoundError: [Errno 2] No such file or directory: 'tests/input_single_char.txt'\r\n\r\n----------------------------------------------------------------------\r\nRan 4 tests in 0.002s\r\n\r\nFAILED (errors=4)\r\n"
    },
    {
      "command": "python -m mini_ai.cli --help",
      "cwd": "projects\\bot_eval_run\\run_1768561139405\\workspace",
      "ok": false,
      "exitCode": 1,
      "timedOut": false,
      "durationMs": 40,
      "stdout": "Unknown command\r\n",
      "stderr": ""
    }
  ]
}