{
  "outDir": "C:\\Users\\atrep\\Desktop\\Test_AI_Code\\shumilek\\projects\\bot_eval_run\\run_1768567806806",
  "workspaceDir": "C:\\Users\\atrep\\Desktop\\Test_AI_Code\\shumilek\\projects\\bot_eval_run\\run_1768567806806\\workspace",
  "ok": false,
  "diagnostics": [
    "Command failed: node \"C:\\Users\\atrep\\Desktop\\Test_AI_Code\\shumilek\\node_modules\\typescript\\bin\\tsc\" -p tsconfig.json (exit=2, timedOut=false)",
    "Command failed: node --test tests/oracle.test.js (exit=1, timedOut=false)",
    "Command failed: node dist/cli.js --help (exit=1, timedOut=false)"
  ],
  "commands": [
    {
      "command": "node \"C:\\Users\\atrep\\Desktop\\Test_AI_Code\\shumilek\\node_modules\\typescript\\bin\\tsc\" -p tsconfig.json",
      "cwd": "projects\\bot_eval_run\\run_1768567806806\\workspace",
      "ok": false,
      "exitCode": 2,
      "timedOut": false,
      "durationMs": 974,
      "stdout": "src/cli.ts(4,7): error TS2441: Duplicate identifier 'require'. Compiler reserves name 'require' in top level scope of a module.\r\nsrc/cli.ts(4,31): error TS1343: The 'import.meta' meta-property is only allowed when the '--module' option is 'es2020', 'es2022', 'esnext', 'system', 'node16', 'node18', 'node20', or 'nodenext'.\r\n",
      "stderr": ""
    },
    {
      "command": "node --test tests/oracle.test.js",
      "cwd": "projects\\bot_eval_run\\run_1768567806806\\workspace",
      "ok": false,
      "exitCode": 1,
      "timedOut": false,
      "durationMs": 143,
      "stdout": "✔ TaskStore: CRUD persists to JSON file (3.0148ms)\n✖ CLI: end-to-end flow (46.7508ms)\nℹ tests 2\nℹ suites 0\nℹ pass 1\nℹ fail 1\nℹ cancelled 0\nℹ skipped 0\nℹ todo 0\nℹ duration_ms 94.8439\n\n✖ failing tests:\n\ntest at tests\\oracle.test.js:62:1\n✖ CLI: end-to-end flow (46.7508ms)\n  AssertionError [ERR_ASSERTION]: (node:54880) [MODULE_TYPELESS_PACKAGE_JSON] Warning: Module type of file:///C:/Users/atrep/Desktop/Test_AI_Code/shumilek/projects/bot_eval_run/run_1768567806806/workspace/dist/cli.js is not specified and it doesn't parse as CommonJS.\n  Reparsing as ES module because module syntax was detected. This incurs a performance overhead.\n  To eliminate this warning, add \"type\": \"module\" to C:\\Users\\atrep\\Desktop\\Test_AI_Code\\shumilek\\projects\\bot_eval_run\\run_1768567806806\\workspace\\package.json.\n  (Use `node --trace-warnings ...` to show where the warning was created)\n  file:///C:/Users/atrep/Desktop/Test_AI_Code/shumilek/projects/bot_eval_run/run_1768567806806/workspace/dist/cli.js:2\n  Object.defineProperty(exports, \"__esModule\", { value: true });\n                        ^\n  \n  ReferenceError: exports is not defined in ES module scope\n      at file:///C:/Users/atrep/Desktop/Test_AI_Code/shumilek/projects/bot_eval_run/run_1768567806806/workspace/dist/cli.js:2:23\n      at ModuleJob.run (node:internal/modules/esm/module_job:413:25)\n      at process.processTicksAndRejections (node:internal/process/task_queues:103:5)\n      at async onImport.tracePromise.__proto__ (node:internal/modules/esm/loader:660:26)\n      at async asyncRunEntryPointWithESMLoader (node:internal/modules/run_main:101:5)\n  \n  Node.js v24.12.0\n  \n  \n  1 !== 0\n  \n      at TestContext.<anonymous> (C:\\Users\\atrep\\Desktop\\Test_AI_Code\\shumilek\\projects\\bot_eval_run\\run_1768567806806\\workspace\\tests\\oracle.test.js:69:10)\n      at Test.runInAsyncScope (node:async_hooks:214:14)\n      at Test.run (node:internal/test_runner/test:1106:25)\n      at Test.processPendingSubtests (node:internal/test_runner/test:788:18)\n      at Test.postRun (node:internal/test_runner/test:1235:19)\n      at Test.run (node:internal/test_runner/test:1163:12)\n      at async startSubtestAfterBootstrap (node:internal/test_runner/harness:358:3) {\n    generatedMessage: false,\n    code: 'ERR_ASSERTION',\n    actual: 1,\n    expected: 0,\n    operator: 'strictEqual',\n    diff: 'simple'\n  }\n",
      "stderr": ""
    },
    {
      "command": "node dist/cli.js --help",
      "cwd": "projects\\bot_eval_run\\run_1768567806806\\workspace",
      "ok": false,
      "exitCode": 1,
      "timedOut": false,
      "durationMs": 48,
      "stdout": "",
      "stderr": "(node:14880) [MODULE_TYPELESS_PACKAGE_JSON] Warning: Module type of file:///C:/Users/atrep/Desktop/Test_AI_Code/shumilek/projects/bot_eval_run/run_1768567806806/workspace/dist/cli.js is not specified and it doesn't parse as CommonJS.\nReparsing as ES module because module syntax was detected. This incurs a performance overhead.\nTo eliminate this warning, add \"type\": \"module\" to C:\\Users\\atrep\\Desktop\\Test_AI_Code\\shumilek\\projects\\bot_eval_run\\run_1768567806806\\workspace\\package.json.\n(Use `node --trace-warnings ...` to show where the warning was created)\nfile:///C:/Users/atrep/Desktop/Test_AI_Code/shumilek/projects/bot_eval_run/run_1768567806806/workspace/dist/cli.js:2\r\nObject.defineProperty(exports, \"__esModule\", { value: true });\r\n                      ^\r\n\r\nReferenceError: exports is not defined in ES module scope\r\n    at file:///C:/Users/atrep/Desktop/Test_AI_Code/shumilek/projects/bot_eval_run/run_1768567806806/workspace/dist/cli.js:2:23\r\n    at ModuleJob.run (node:internal/modules/esm/module_job:413:25)\r\n    at process.processTicksAndRejections (node:internal/process/task_queues:103:5)\r\n    at async onImport.tracePromise.__proto__ (node:internal/modules/esm/loader:660:26)\r\n    at async asyncRunEntryPointWithESMLoader (node:internal/modules/run_main:101:5)\r\n\r\nNode.js v24.12.0\r\n"
    }
  ]
}