test_train_and_generate_smoke (test_oracle.TestCliOracle.test_train_and_generate_smoke) ... ERROR
test_generate_deterministic (test_oracle.TestMarkovOracle.test_generate_deterministic) ... ERROR
test_order_validation (test_oracle.TestMarkovOracle.test_order_validation) ... ok
test_round_trip_serialization (test_oracle.TestMarkovOracle.test_round_trip_serialization) ... ok
test_train_and_to_dict (test_oracle.TestMarkovOracle.test_train_and_to_dict) ... ok

======================================================================
ERROR: test_train_and_generate_smoke (test_oracle.TestCliOracle.test_train_and_generate_smoke)
----------------------------------------------------------------------
Traceback (most recent call last):
  File "C:\Users\atrep\Desktop\Test_AI_Code\shumilek\projects\bot_eval_run\run_1768564057672\workspace\tests\test_oracle.py", line 64, in test_train_and_generate_smoke
    rc2 = main(["generate", "--model", model_path, "--length", "12", "--seed", "a", "--random-seed", "0"])
          ^^^^^^^^^^^^^^^^^^^^^^^^^^^^^^^^^^^^^^^^^^^^^^^^^^^^^^^^^^^^^^^^^^^^^^^^^^^^^^^^^^^^^^^^^^^^^^^^
  File "C:\Users\atrep\Desktop\Test_AI_Code\shumilek\projects\bot_eval_run\run_1768564057672\workspace\mini_ai\cli.py", line 33, in main
    generated_text = mc.generate(length=args.length, seed=args.seed, random_seed=args.random_seed)
                     ^^^^^^^^^^^^^^^^^^^^^^^^^^^^^^^^^^^^^^^^^^^^^^^^^^^^^^^^^^^^^^^^^^^^^^^^^^^^^
  File "C:\Users\atrep\Desktop\Test_AI_Code\shumilek\projects\bot_eval_run\run_1768564057672\workspace\mini_ai\markov.py", line 31, in generate
    next_char = random.choices(possible_chars, weights=weights, seed=random_seed)[0]
                ^^^^^^^^^^^^^^^^^^^^^^^^^^^^^^^^^^^^^^^^^^^^^^^^^^^^^^^^^^^^^^^^^
TypeError: Random.choices() got an unexpected keyword argument 'seed'

======================================================================
ERROR: test_generate_deterministic (test_oracle.TestMarkovOracle.test_generate_deterministic)
----------------------------------------------------------------------
Traceback (most recent call last):
  File "C:\Users\atrep\Desktop\Test_AI_Code\shumilek\projects\bot_eval_run\run_1768564057672\workspace\tests\test_oracle.py", line 39, in test_generate_deterministic
    out = mc.generate(length=10, seed="a", random_seed=0)
          ^^^^^^^^^^^^^^^^^^^^^^^^^^^^^^^^^^^^^^^^^^^^^^^
  File "C:\Users\atrep\Desktop\Test_AI_Code\shumilek\projects\bot_eval_run\run_1768564057672\workspace\mini_ai\markov.py", line 31, in generate
    next_char = random.choices(possible_chars, weights=weights, seed=random_seed)[0]
                ^^^^^^^^^^^^^^^^^^^^^^^^^^^^^^^^^^^^^^^^^^^^^^^^^^^^^^^^^^^^^^^^^
TypeError: Random.choices() got an unexpected keyword argument 'seed'

----------------------------------------------------------------------
Ran 5 tests in 0.006s

FAILED (errors=2)
