✖ TaskStore: CRUD persists to JSON file (13.1906ms)
✖ CLI: end-to-end flow (63.1478ms)
ℹ tests 2
ℹ suites 0
ℹ pass 0
ℹ fail 2
ℹ cancelled 0
ℹ skipped 0
ℹ todo 0
ℹ duration_ms 157.8305

✖ failing tests:

test at tests\oracle.test.js:26:1
✖ TaskStore: CRUD persists to JSON file (13.1906ms)
  AssertionError [ERR_ASSERTION]: The expression evaluated to a falsy value:
  
    assert.ok(Array.isArray(persisted.tasks))
  
      at TestContext.<anonymous> (C:\Users\atrep\Desktop\Test_AI_Code\shumilek\projects\bot_eval_run\debug_ts_ab_without_planner\workspace\tests\oracle.test.js:59:10)
      at Test.runInAsyncScope (node:async_hooks:214:14)
      at Test.run (node:internal/test_runner/test:1106:25)
      at Test.start (node:internal/test_runner/test:1003:17)
      at startSubtestAfterBootstrap (node:internal/test_runner/harness:358:17) {
    generatedMessage: true,
    code: 'ERR_ASSERTION',
    actual: false,
    expected: true,
    operator: '==',
    diff: 'simple'
  }

test at tests\oracle.test.js:62:1
✖ CLI: end-to-end flow (63.1478ms)
  AssertionError [ERR_ASSERTION]: Missing --data option
  
  
  1 !== 0
  
      at TestContext.<anonymous> (C:\Users\atrep\Desktop\Test_AI_Code\shumilek\projects\bot_eval_run\debug_ts_ab_without_planner\workspace\tests\oracle.test.js:69:10)
      at Test.runInAsyncScope (node:async_hooks:214:14)
      at Test.run (node:internal/test_runner/test:1106:25)
      at Test.processPendingSubtests (node:internal/test_runner/test:788:18)
      at Test.postRun (node:internal/test_runner/test:1235:19)
      at Test.run (node:internal/test_runner/test:1163:12)
      at async startSubtestAfterBootstrap (node:internal/test_runner/harness:358:3) {
    generatedMessage: false,
    code: 'ERR_ASSERTION',
    actual: 1,
    expected: 0,
    operator: 'strictEqual',
    diff: 'simple'
  }
