{
  "ok": false,
  "diagnostics": [
    "Command failed: node \"C:\\Users\\atrep\\Desktop\\Test_AI_Code\\shumilek\\node_modules\\typescript\\bin\\tsc\" -p tsconfig.json (exit=2, timedOut=false)",
    "Command failed: node --test tests/oracle.test.js (exit=1, timedOut=false)"
  ],
  "commands": [
    {
      "command": "node \"C:\\Users\\atrep\\Desktop\\Test_AI_Code\\shumilek\\node_modules\\typescript\\bin\\tsc\" -p tsconfig.json",
      "cwd": "C:\\Users\\atrep\\Desktop\\Test_AI_Code\\shumilek\\projects\\bot_eval_run\\batch_1771693923861\\ts-todo-oracle_run_01\\workspace",
      "ok": false,
      "exitCode": 2,
      "timedOut": false,
      "durationMs": 1220,
      "stdout": "src/cli.ts(74,19): error TS18046: 'error' is of type 'unknown'.\r\n",
      "stderr": ""
    },
    {
      "command": "node --test tests/oracle.test.js",
      "cwd": "C:\\Users\\atrep\\Desktop\\Test_AI_Code\\shumilek\\projects\\bot_eval_run\\batch_1771693923861\\ts-todo-oracle_run_01\\workspace",
      "ok": false,
      "exitCode": 1,
      "timedOut": false,
      "durationMs": 200,
      "stdout": "✖ TaskStore: CRUD persists to JSON file (3.7149ms)\n✖ CLI: end-to-end flow (77.1993ms)\nℹ tests 2\nℹ suites 0\nℹ pass 0\nℹ fail 2\nℹ cancelled 0\nℹ skipped 0\nℹ todo 0\nℹ duration_ms 137.5942\n\n✖ failing tests:\n\ntest at tests\\oracle.test.js:26:1\n✖ TaskStore: CRUD persists to JSON file (3.7149ms)\n  AssertionError [ERR_ASSERTION]: Expected values to be strictly equal:\n  + actual - expected\n  \n  + 'undefined'\n  - 'string'\n  \n      at TestContext.<anonymous> (C:\\Users\\atrep\\Desktop\\Test_AI_Code\\shumilek\\projects\\bot_eval_run\\batch_1771693923861\\ts-todo-oracle_run_01\\workspace\\tests\\oracle.test.js:42:10)\n      at Test.runInAsyncScope (node:async_hooks:214:14)\n      at Test.run (node:internal/test_runner/test:1106:25)\n      at Test.start (node:internal/test_runner/test:1003:17)\n      at startSubtestAfterBootstrap (node:internal/test_runner/harness:358:17) {\n    generatedMessage: true,\n    code: 'ERR_ASSERTION',\n    actual: 'undefined',\n    expected: 'string',\n    operator: 'strictEqual',\n    diff: 'simple'\n  }\n\ntest at tests\\oracle.test.js:62:1\n✖ CLI: end-to-end flow (77.1993ms)\n  Error: Expected JSON object on stdout, got: \n      at parseJsonFromStdout (C:\\Users\\atrep\\Desktop\\Test_AI_Code\\shumilek\\projects\\bot_eval_run\\batch_1771693923861\\ts-todo-oracle_run_01\\workspace\\tests\\oracle.test.js:17:9)\n      at TestContext.<anonymous> (C:\\Users\\atrep\\Desktop\\Test_AI_Code\\shumilek\\projects\\bot_eval_run\\batch_1771693923861\\ts-todo-oracle_run_01\\workspace\\tests\\oracle.test.js:75:21)\n      at Test.runInAsyncScope (node:async_hooks:214:14)\n      at Test.run (node:internal/test_runner/test:1106:25)\n      at Test.processPendingSubtests (node:internal/test_runner/test:788:18)\n      at Test.postRun (node:internal/test_runner/test:1235:19)\n      at Test.run (node:internal/test_runner/test:1163:12)\n      at async startSubtestAfterBootstrap (node:internal/test_runner/harness:358:3)\n",
      "stderr": ""
    },
    {
      "command": "node dist/cli.js --help",
      "cwd": "C:\\Users\\atrep\\Desktop\\Test_AI_Code\\shumilek\\projects\\bot_eval_run\\batch_1771693923861\\ts-todo-oracle_run_01\\workspace",
      "ok": true,
      "exitCode": 0,
      "timedOut": false,
      "durationMs": 59,
      "stdout": "\nTask Manager CLI\n\nUsage:\n- add <title> --data <path>\n- list --data <path>\n- done <id> --data <path>\n- remove <id> --data <path>\n\n",
      "stderr": ""
    }
  ]
}