{
  "ok": false,
  "diagnostics": [
    "Command failed: python -m unittest discover -v -s tests -p \"test*.py\" (exit=1, timedOut=false)"
  ],
  "commands": [
    {
      "command": "python -m compileall -q mini_ai tests",
      "cwd": "projects\\bot_eval_run\\run_1768564057672\\workspace",
      "ok": true,
      "exitCode": 0,
      "timedOut": false,
      "durationMs": 69,
      "stdout": "",
      "stderr": ""
    },
    {
      "command": "python -m unittest discover -v -s tests -p \"test*.py\"",
      "cwd": "projects\\bot_eval_run\\run_1768564057672\\workspace",
      "ok": false,
      "exitCode": 1,
      "timedOut": false,
      "durationMs": 73,
      "stdout": "",
      "stderr": "test_train_and_generate_smoke (test_oracle.TestCliOracle.test_train_and_generate_smoke) ... ERROR\r\ntest_generate_deterministic (test_oracle.TestMarkovOracle.test_generate_deterministic) ... ok\r\ntest_order_validation (test_oracle.TestMarkovOracle.test_order_validation) ... FAIL\r\ntest_round_trip_serialization (test_oracle.TestMarkovOracle.test_round_trip_serialization) ... ERROR\r\ntest_train_and_to_dict (test_oracle.TestMarkovOracle.test_train_and_to_dict) ... ok\r\n\r\n======================================================================\r\nERROR: test_train_and_generate_smoke (test_oracle.TestCliOracle.test_train_and_generate_smoke)\r\n----------------------------------------------------------------------\r\nTraceback (most recent call last):\r\n  File \"C:\\Users\\atrep\\Desktop\\Test_AI_Code\\shumilek\\projects\\bot_eval_run\\run_1768564057672\\workspace\\tests\\test_oracle.py\", line 64, in test_train_and_generate_smoke\r\n    rc2 = main([\"generate\", \"--model\", model_path, \"--length\", \"12\", \"--seed\", \"a\", \"--random-seed\", \"0\"])\r\n          ^^^^^^^^^^^^^^^^^^^^^^^^^^^^^^^^^^^^^^^^^^^^^^^^^^^^^^^^^^^^^^^^^^^^^^^^^^^^^^^^^^^^^^^^^^^^^^^^\r\n  File \"C:\\Users\\atrep\\Desktop\\Test_AI_Code\\shumilek\\projects\\bot_eval_run\\run_1768564057672\\workspace\\mini_ai\\cli.py\", line 32, in main\r\n    mc = MarkovChain.from_dict(model_data)\r\n         ^^^^^^^^^^^^^^^^^^^^^\r\nAttributeError: type object 'MarkovChain' has no attribute 'from_dict'. Did you mean: 'to_dict'?\r\n\r\n======================================================================\r\nERROR: test_round_trip_serialization (test_oracle.TestMarkovOracle.test_round_trip_serialization)\r\n----------------------------------------------------------------------\r\nTraceback (most recent call last):\r\n  File \"C:\\Users\\atrep\\Desktop\\Test_AI_Code\\shumilek\\projects\\bot_eval_run\\run_1768564057672\\workspace\\tests\\test_oracle.py\", line 31, in test_round_trip_serialization\r\n    mc2 = MarkovChain.from_dict(d1)\r\n          ^^^^^^^^^^^^^^^^^^^^^\r\nAttributeError: type object 'MarkovChain' has no attribute 'from_dict'. Did you mean: 'to_dict'?\r\n\r\n======================================================================\r\nFAIL: test_order_validation (test_oracle.TestMarkovOracle.test_order_validation)\r\n----------------------------------------------------------------------\r\nTraceback (most recent call last):\r\n  File \"C:\\Users\\atrep\\Desktop\\Test_AI_Code\\shumilek\\projects\\bot_eval_run\\run_1768564057672\\workspace\\tests\\test_oracle.py\", line 14, in test_order_validation\r\n    with self.assertRaises(ValueError):\r\n         ^^^^^^^^^^^^^^^^^^^^^^^^^^^^^\r\nAssertionError: ValueError not raised\r\n\r\n----------------------------------------------------------------------\r\nRan 5 tests in 0.005s\r\n\r\nFAILED (failures=1, errors=2)\r\n"
    },
    {
      "command": "python -m mini_ai.cli --help",
      "cwd": "projects\\bot_eval_run\\run_1768564057672\\workspace",
      "ok": true,
      "exitCode": 0,
      "timedOut": false,
      "durationMs": 43,
      "stdout": "",
      "stderr": ""
    }
  ]
}