../../../../../node_modules/typescript/lib/lib.dom.d.ts(39121,13): error TS2451: Cannot redeclare block-scoped variable 'crypto'.
src/cli.ts(4,7): error TS2451: Cannot redeclare block-scoped variable 'TaskStore'.
src/cli.ts(16,12): error TS7006: Parameter 'title' implicitly has an 'any' type.
src/cli.ts(28,21): error TS7006: Parameter 'task' implicitly has an 'any' type.
src/cli.ts(36,12): error TS7006: Parameter 'id' implicitly has an 'any' type.
src/cli.ts(43,12): error TS7006: Parameter 'id' implicitly has an 'any' type.
src/store.ts(1,7): error TS2451: Cannot redeclare block-scoped variable 'crypto'.
src/store.ts(3,7): error TS2451: Cannot redeclare block-scoped variable 'TaskStore'.
src/store.ts(4,15): error TS7006: Parameter 'filePath' implicitly has an 'any' type.
src/store.ts(5,10): error TS2339: Property 'filePath' does not exist on type 'TaskStore'.
src/store.ts(6,10): error TS2339: Property 'tasks' does not exist on type 'TaskStore'.
src/store.ts(11,33): error TS2339: Property 'filePath' does not exist on type 'TaskStore'.
src/store.ts(12,12): error TS2339: Property 'tasks' does not exist on type 'TaskStore'.
src/store.ts(14,12): error TS2339: Property 'tasks' does not exist on type 'TaskStore'.
src/store.ts(20,27): error TS2339: Property 'filePath' does not exist on type 'TaskStore'.
src/store.ts(20,57): error TS2339: Property 'tasks' does not exist on type 'TaskStore'.
src/store.ts(23,11): error TS7006: Parameter 'title' implicitly has an 'any' type.
src/store.ts(25,18): error TS2339: Property 'randomBytes' does not exist on type 'Crypto'.
src/store.ts(29,10): error TS2339: Property 'tasks' does not exist on type 'TaskStore'.
src/store.ts(35,17): error TS2339: Property 'tasks' does not exist on type 'TaskStore'.
src/store.ts(38,16): error TS7006: Parameter 'id' implicitly has an 'any' type.
src/store.ts(39,23): error TS2339: Property 'tasks' does not exist on type 'TaskStore'.
src/store.ts(39,34): error TS7006: Parameter 't' implicitly has an 'any' type.
src/store.ts(46,14): error TS7006: Parameter 'id' implicitly has an 'any' type.
src/store.ts(47,10): error TS2339: Property 'tasks' does not exist on type 'TaskStore'.
src/store.ts(47,23): error TS2339: Property 'tasks' does not exist on type 'TaskStore'.
src/store.ts(47,36): error TS7006: Parameter 't' implicitly has an 'any' type.
