{
  "ok": false,
  "diagnostics": [
    "CLI must parse process.argv manually; do not use commander/yargs/minimist",
    "Non-builtin require \"commander\" in src/cli.ts",
    "Command failed: node \"C:\\Users\\atrep\\Desktop\\Test_AI_Code\\shumilek\\node_modules\\typescript\\bin\\tsc\" -p tsconfig.json (exit=2, timedOut=false)",
    "Command failed: node --test tests/oracle.test.js (exit=1, timedOut=false)",
    "Command failed: node dist/cli.js --help (exit=1, timedOut=false)"
  ],
  "commands": [
    {
      "command": "node \"C:\\Users\\atrep\\Desktop\\Test_AI_Code\\shumilek\\node_modules\\typescript\\bin\\tsc\" -p tsconfig.json",
      "cwd": "C:\\Users\\atrep\\Desktop\\Test_AI_Code\\shumilek\\projects\\bot_eval_run\\batch_1771700100895\\ts-todo-oracle_run_01\\workspace",
      "ok": false,
      "exitCode": 2,
      "timedOut": false,
      "durationMs": 1199,
      "stdout": "../../../../../node_modules/typescript/lib/lib.dom.d.ts(39121,13): error TS2451: Cannot redeclare block-scoped variable 'crypto'.\r\nsrc/cli.ts(4,7): error TS2451: Cannot redeclare block-scoped variable 'TaskStore'.\r\nsrc/cli.ts(16,12): error TS7006: Parameter 'title' implicitly has an 'any' type.\r\nsrc/cli.ts(28,21): error TS7006: Parameter 'task' implicitly has an 'any' type.\r\nsrc/cli.ts(36,12): error TS7006: Parameter 'id' implicitly has an 'any' type.\r\nsrc/cli.ts(43,12): error TS7006: Parameter 'id' implicitly has an 'any' type.\r\nsrc/store.ts(1,7): error TS2451: Cannot redeclare block-scoped variable 'crypto'.\r\nsrc/store.ts(3,7): error TS2451: Cannot redeclare block-scoped variable 'TaskStore'.\r\nsrc/store.ts(4,15): error TS7006: Parameter 'filePath' implicitly has an 'any' type.\r\nsrc/store.ts(5,10): error TS2339: Property 'filePath' does not exist on type 'TaskStore'.\r\nsrc/store.ts(6,10): error TS2339: Property 'tasks' does not exist on type 'TaskStore'.\r\nsrc/store.ts(11,33): error TS2339: Property 'filePath' does not exist on type 'TaskStore'.\r\nsrc/store.ts(12,12): error TS2339: Property 'tasks' does not exist on type 'TaskStore'.\r\nsrc/store.ts(14,12): error TS2339: Property 'tasks' does not exist on type 'TaskStore'.\r\nsrc/store.ts(20,27): error TS2339: Property 'filePath' does not exist on type 'TaskStore'.\r\nsrc/store.ts(20,57): error TS2339: Property 'tasks' does not exist on type 'TaskStore'.\r\nsrc/store.ts(23,11): error TS7006: Parameter 'title' implicitly has an 'any' type.\r\nsrc/store.ts(25,18): error TS2339: Property 'randomBytes' does not exist on type 'Crypto'.\r\nsrc/store.ts(29,10): error TS2339: Property 'tasks' does not exist on type 'TaskStore'.\r\nsrc/store.ts(35,17): error TS2339: Property 'tasks' does not exist on type 'TaskStore'.\r\nsrc/store.ts(38,16): error TS7006: Parameter 'id' implicitly has an 'any' type.\r\nsrc/store.ts(39,23): error TS2339: Property 'tasks' does not exist on type 'TaskStore'.\r\nsrc/store.ts(39,34): error TS7006: Parameter 't' implicitly has an 'any' type.\r\nsrc/store.ts(46,14): error TS7006: Parameter 'id' implicitly has an 'any' type.\r\nsrc/store.ts(47,10): error TS2339: Property 'tasks' does not exist on type 'TaskStore'.\r\nsrc/store.ts(47,23): error TS2339: Property 'tasks' does not exist on type 'TaskStore'.\r\nsrc/store.ts(47,36): error TS7006: Parameter 't' implicitly has an 'any' type.\r\n",
      "stderr": ""
    },
    {
      "command": "node --test tests/oracle.test.js",
      "cwd": "C:\\Users\\atrep\\Desktop\\Test_AI_Code\\shumilek\\projects\\bot_eval_run\\batch_1771700100895\\ts-todo-oracle_run_01\\workspace",
      "ok": false,
      "exitCode": 1,
      "timedOut": false,
      "durationMs": 153,
      "stdout": "✖ TaskStore: CRUD persists to JSON file (3.7623ms)\n✖ CLI: end-to-end flow (38.7305ms)\nℹ tests 2\nℹ suites 0\nℹ pass 0\nℹ fail 2\nℹ cancelled 0\nℹ skipped 0\nℹ todo 0\nℹ duration_ms 95.6854\n\n✖ failing tests:\n\ntest at tests\\oracle.test.js:26:1\n✖ TaskStore: CRUD persists to JSON file (3.7623ms)\n  AssertionError [ERR_ASSERTION]: Expected values to be strictly equal:\n  + actual - expected\n  \n  + 'undefined'\n  - 'function'\n  \n      at TestContext.<anonymous> (C:\\Users\\atrep\\Desktop\\Test_AI_Code\\shumilek\\projects\\bot_eval_run\\batch_1771700100895\\ts-todo-oracle_run_01\\workspace\\tests\\oracle.test.js:29:10)\n      at Test.runInAsyncScope (node:async_hooks:214:14)\n      at Test.run (node:internal/test_runner/test:1106:25)\n      at Test.start (node:internal/test_runner/test:1003:17)\n      at startSubtestAfterBootstrap (node:internal/test_runner/harness:358:17) {\n    generatedMessage: true,\n    code: 'ERR_ASSERTION',\n    actual: 'undefined',\n    expected: 'function',\n    operator: 'strictEqual',\n    diff: 'simple'\n  }\n\ntest at tests\\oracle.test.js:62:1\n✖ CLI: end-to-end flow (38.7305ms)\n  AssertionError [ERR_ASSERTION]: node:internal/modules/cjs/loader:1424\n    throw err;\n    ^\n  \n  Error: Cannot find module 'commander'\n  Require stack:\n  - C:\\Users\\atrep\\Desktop\\Test_AI_Code\\shumilek\\projects\\bot_eval_run\\batch_1771700100895\\ts-todo-oracle_run_01\\workspace\\dist\\cli.js\n      at Module._resolveFilename (node:internal/modules/cjs/loader:1421:15)\n      at defaultResolveImpl (node:internal/modules/cjs/loader:1059:19)\n      at resolveForCJSWithHooks (node:internal/modules/cjs/loader:1064:22)\n      at Module._load (node:internal/modules/cjs/loader:1227:37)\n      at TracingChannel.traceSync (node:diagnostics_channel:328:14)\n      at wrapModuleLoad (node:internal/modules/cjs/loader:245:24)\n      at Module.require (node:internal/modules/cjs/loader:1504:12)\n      at require (node:internal/modules/helpers:152:16)\n      at Object.<anonymous> (C:\\Users\\atrep\\Desktop\\Test_AI_Code\\shumilek\\projects\\bot_eval_run\\batch_1771700100895\\ts-todo-oracle_run_01\\workspace\\dist\\cli.js:4:21)\n      at Module._compile (node:internal/modules/cjs/loader:1761:14) {\n    code: 'MODULE_NOT_FOUND',\n    requireStack: [\n      'C:\\\\Users\\\\atrep\\\\Desktop\\\\Test_AI_Code\\\\shumilek\\\\projects\\\\bot_eval_run\\\\batch_1771700100895\\\\ts-todo-oracle_run_01\\\\workspace\\\\dist\\\\cli.js'\n    ]\n  }\n  \n  Node.js v24.12.0\n  \n  \n  1 !== 0\n  \n      at TestContext.<anonymous> (C:\\Users\\atrep\\Desktop\\Test_AI_Code\\shumilek\\projects\\bot_eval_run\\batch_1771700100895\\ts-todo-oracle_run_01\\workspace\\tests\\oracle.test.js:69:10)\n      at Test.runInAsyncScope (node:async_hooks:214:14)\n      at Test.run (node:internal/test_runner/test:1106:25)\n      at Test.processPendingSubtests (node:internal/test_runner/test:788:18)\n      at Test.postRun (node:internal/test_runner/test:1235:19)\n      at Test.run (node:internal/test_runner/test:1163:12)\n      at async startSubtestAfterBootstrap (node:internal/test_runner/harness:358:3) {\n    generatedMessage: false,\n    code: 'ERR_ASSERTION',\n    actual: 1,\n    expected: 0,\n    operator: 'strictEqual',\n    diff: 'simple'\n  }\n",
      "stderr": ""
    },
    {
      "command": "node dist/cli.js --help",
      "cwd": "C:\\Users\\atrep\\Desktop\\Test_AI_Code\\shumilek\\projects\\bot_eval_run\\batch_1771700100895\\ts-todo-oracle_run_01\\workspace",
      "ok": false,
      "exitCode": 1,
      "timedOut": false,
      "durationMs": 55,
      "stdout": "",
      "stderr": "node:internal/modules/cjs/loader:1424\r\n  throw err;\r\n  ^\r\n\r\nError: Cannot find module 'commander'\r\nRequire stack:\r\n- C:\\Users\\atrep\\Desktop\\Test_AI_Code\\shumilek\\projects\\bot_eval_run\\batch_1771700100895\\ts-todo-oracle_run_01\\workspace\\dist\\cli.js\r\n    at Module._resolveFilename (node:internal/modules/cjs/loader:1421:15)\r\n    at defaultResolveImpl (node:internal/modules/cjs/loader:1059:19)\r\n    at resolveForCJSWithHooks (node:internal/modules/cjs/loader:1064:22)\r\n    at Module._load (node:internal/modules/cjs/loader:1227:37)\r\n    at TracingChannel.traceSync (node:diagnostics_channel:328:14)\r\n    at wrapModuleLoad (node:internal/modules/cjs/loader:245:24)\r\n    at Module.require (node:internal/modules/cjs/loader:1504:12)\r\n    at require (node:internal/modules/helpers:152:16)\r\n    at Object.<anonymous> (C:\\Users\\atrep\\Desktop\\Test_AI_Code\\shumilek\\projects\\bot_eval_run\\batch_1771700100895\\ts-todo-oracle_run_01\\workspace\\dist\\cli.js:4:21)\r\n    at Module._compile (node:internal/modules/cjs/loader:1761:14) {\r\n  code: 'MODULE_NOT_FOUND',\r\n  requireStack: [\r\n    'C:\\\\Users\\\\atrep\\\\Desktop\\\\Test_AI_Code\\\\shumilek\\\\projects\\\\bot_eval_run\\\\batch_1771700100895\\\\ts-todo-oracle_run_01\\\\workspace\\\\dist\\\\cli.js'\r\n  ]\r\n}\r\n\r\nNode.js v24.12.0\r\n"
    }
  ]
}