{
  "ok": false,
  "diagnostics": [
    "Do not include dist/ in model output (generated by tsc)",
    "No dependencies allowed (dependencies/devDependencies must be empty or missing)",
    "Non-builtin import \"commander\" in src/cli.ts",
    "Command failed: node \"C:\\Users\\atrep\\Desktop\\Test_AI_Code\\shumilek\\node_modules\\typescript\\bin\\tsc\" -p tsconfig.json (exit=2, timedOut=false)",
    "Command failed: node --test tests/oracle.test.js (exit=1, timedOut=false)",
    "Command failed: node dist/cli.js --help (exit=1, timedOut=false)"
  ],
  "commands": [
    {
      "command": "node \"C:\\Users\\atrep\\Desktop\\Test_AI_Code\\shumilek\\node_modules\\typescript\\bin\\tsc\" -p tsconfig.json",
      "cwd": "projects\\bot_eval_run\\run_1770591285143\\workspace",
      "ok": false,
      "exitCode": 2,
      "timedOut": false,
      "durationMs": 1450,
      "stdout": "src/cli.ts(3,25): error TS2307: Cannot find module 'commander' or its corresponding type declarations.\r\nsrc/cli.ts(7,21): error TS2459: Module '\"./store\"' declares 'Task' locally, but it is not exported.\r\nsrc/cli.ts(16,12): error TS7006: Parameter 'opts' implicitly has an 'any' type.\r\nsrc/cli.ts(24,12): error TS7006: Parameter 'title' implicitly has an 'any' type.\r\nsrc/cli.ts(24,19): error TS7006: Parameter 'opts' implicitly has an 'any' type.\r\nsrc/cli.ts(33,12): error TS7006: Parameter 'id' implicitly has an 'any' type.\r\nsrc/cli.ts(33,16): error TS7006: Parameter 'opts' implicitly has an 'any' type.\r\nsrc/cli.ts(42,12): error TS7006: Parameter 'id' implicitly has an 'any' type.\r\nsrc/cli.ts(42,16): error TS7006: Parameter 'opts' implicitly has an 'any' type.\r\nsrc/store.ts(1,10): error TS2303: Circular definition of import alias 'Task'.\r\nsrc/store.ts(1,10): error TS2459: Module '\"./store\"' declares 'Task' locally, but it is not exported.\r\nsrc/store.ts(1,16): error TS2395: Individual declarations in merged declaration 'TaskStore' must be all exported or all local.\r\nsrc/store.ts(1,16): error TS2440: Import declaration conflicts with local declaration of 'TaskStore'.\r\nsrc/store.ts(3,14): error TS2395: Individual declarations in merged declaration 'TaskStore' must be all exported or all local.\r\nsrc/store.ts(13,10): error TS2304: Cannot find name 'fs'.\r\nsrc/store.ts(14,18): error TS2304: Cannot find name 'fs'.\r\nsrc/store.ts(50,5): error TS2304: Cannot find name 'fs'.\r\n",
      "stderr": ""
    },
    {
      "command": "node --test tests/oracle.test.js",
      "cwd": "projects\\bot_eval_run\\run_1770591285143\\workspace",
      "ok": false,
      "exitCode": 1,
      "timedOut": false,
      "durationMs": 168,
      "stdout": "✖ TaskStore: CRUD persists to JSON file (2.5658ms)\n✖ CLI: end-to-end flow (42.4452ms)\nℹ tests 2\nℹ suites 0\nℹ pass 0\nℹ fail 2\nℹ cancelled 0\nℹ skipped 0\nℹ todo 0\nℹ duration_ms 103.8361\n\n✖ failing tests:\n\ntest at tests\\oracle.test.js:26:1\n✖ TaskStore: CRUD persists to JSON file (2.5658ms)\n  ReferenceError: fs is not defined\n      at TaskStore.loadTasks (C:\\Users\\atrep\\Desktop\\Test_AI_Code\\shumilek\\projects\\bot_eval_run\\run_1770591285143\\workspace\\dist\\store.js:10:9)\n      at new TaskStore (C:\\Users\\atrep\\Desktop\\Test_AI_Code\\shumilek\\projects\\bot_eval_run\\run_1770591285143\\workspace\\dist\\store.js:7:27)\n      at TestContext.<anonymous> (C:\\Users\\atrep\\Desktop\\Test_AI_Code\\shumilek\\projects\\bot_eval_run\\run_1770591285143\\workspace\\tests\\oracle.test.js:34:17)\n      at Test.runInAsyncScope (node:async_hooks:214:14)\n      at Test.run (node:internal/test_runner/test:1106:25)\n      at Test.start (node:internal/test_runner/test:1003:17)\n      at startSubtestAfterBootstrap (node:internal/test_runner/harness:358:17)\n\ntest at tests\\oracle.test.js:62:1\n✖ CLI: end-to-end flow (42.4452ms)\n  AssertionError [ERR_ASSERTION]: node:internal/modules/cjs/loader:1424\n    throw err;\n    ^\n  \n  Error: Cannot find module 'commander'\n  Require stack:\n  - C:\\Users\\atrep\\Desktop\\Test_AI_Code\\shumilek\\projects\\bot_eval_run\\run_1770591285143\\workspace\\dist\\cli.js\n      at Module._resolveFilename (node:internal/modules/cjs/loader:1421:15)\n      at defaultResolveImpl (node:internal/modules/cjs/loader:1059:19)\n      at resolveForCJSWithHooks (node:internal/modules/cjs/loader:1064:22)\n      at Module._load (node:internal/modules/cjs/loader:1227:37)\n      at TracingChannel.traceSync (node:diagnostics_channel:328:14)\n      at wrapModuleLoad (node:internal/modules/cjs/loader:245:24)\n      at Module.require (node:internal/modules/cjs/loader:1504:12)\n      at require (node:internal/modules/helpers:152:16)\n      at Object.<anonymous> (C:\\Users\\atrep\\Desktop\\Test_AI_Code\\shumilek\\projects\\bot_eval_run\\run_1770591285143\\workspace\\dist\\cli.js:4:21)\n      at Module._compile (node:internal/modules/cjs/loader:1761:14) {\n    code: 'MODULE_NOT_FOUND',\n    requireStack: [\n      'C:\\\\Users\\\\atrep\\\\Desktop\\\\Test_AI_Code\\\\shumilek\\\\projects\\\\bot_eval_run\\\\run_1770591285143\\\\workspace\\\\dist\\\\cli.js'\n    ]\n  }\n  \n  Node.js v24.12.0\n  \n  \n  1 !== 0\n  \n      at TestContext.<anonymous> (C:\\Users\\atrep\\Desktop\\Test_AI_Code\\shumilek\\projects\\bot_eval_run\\run_1770591285143\\workspace\\tests\\oracle.test.js:69:10)\n      at Test.runInAsyncScope (node:async_hooks:214:14)\n      at Test.run (node:internal/test_runner/test:1106:25)\n      at Test.processPendingSubtests (node:internal/test_runner/test:788:18)\n      at Test.postRun (node:internal/test_runner/test:1235:19)\n      at Test.run (node:internal/test_runner/test:1163:12)\n      at async startSubtestAfterBootstrap (node:internal/test_runner/harness:358:3) {\n    generatedMessage: false,\n    code: 'ERR_ASSERTION',\n    actual: 1,\n    expected: 0,\n    operator: 'strictEqual',\n    diff: 'simple'\n  }\n",
      "stderr": ""
    },
    {
      "command": "node dist/cli.js --help",
      "cwd": "projects\\bot_eval_run\\run_1770591285143\\workspace",
      "ok": false,
      "exitCode": 1,
      "timedOut": false,
      "durationMs": 59,
      "stdout": "",
      "stderr": "node:internal/modules/cjs/loader:1424\r\n  throw err;\r\n  ^\r\n\r\nError: Cannot find module 'commander'\r\nRequire stack:\r\n- C:\\Users\\atrep\\Desktop\\Test_AI_Code\\shumilek\\projects\\bot_eval_run\\run_1770591285143\\workspace\\dist\\cli.js\r\n    at Module._resolveFilename (node:internal/modules/cjs/loader:1421:15)\r\n    at defaultResolveImpl (node:internal/modules/cjs/loader:1059:19)\r\n    at resolveForCJSWithHooks (node:internal/modules/cjs/loader:1064:22)\r\n    at Module._load (node:internal/modules/cjs/loader:1227:37)\r\n    at TracingChannel.traceSync (node:diagnostics_channel:328:14)\r\n    at wrapModuleLoad (node:internal/modules/cjs/loader:245:24)\r\n    at Module.require (node:internal/modules/cjs/loader:1504:12)\r\n    at require (node:internal/modules/helpers:152:16)\r\n    at Object.<anonymous> (C:\\Users\\atrep\\Desktop\\Test_AI_Code\\shumilek\\projects\\bot_eval_run\\run_1770591285143\\workspace\\dist\\cli.js:4:21)\r\n    at Module._compile (node:internal/modules/cjs/loader:1761:14) {\r\n  code: 'MODULE_NOT_FOUND',\r\n  requireStack: [\r\n    'C:\\\\Users\\\\atrep\\\\Desktop\\\\Test_AI_Code\\\\shumilek\\\\projects\\\\bot_eval_run\\\\run_1770591285143\\\\workspace\\\\dist\\\\cli.js'\r\n  ]\r\n}\r\n\r\nNode.js v24.12.0\r\n"
    }
  ]
}